{
    "dataset": "v3_gt",
    "test_cases": [
        {
            "reference_wav_path": "/blob/v-zeqianju/dataset/tts/v3_gt/00001.wav",
            "synthesized_wav_path": "/blob/v-zeqianju/dataset/tts/v3/00001.wav",
            "synthesize_phoneme_seq": [],
            "speaker_verification_score": 0.8921594023704529
        },
        {
            "reference_wav_path": "/blob/v-zeqianju/dataset/tts/v3_gt/00002.wav",
            "synthesized_wav_path": "/blob/v-zeqianju/dataset/tts/v3/00002.wav",
            "synthesize_phoneme_seq": [],
            "speaker_verification_score": 0.8187083601951599
        },
        {
            "reference_wav_path": "/blob/v-zeqianju/dataset/tts/v3_gt/00003.wav",
            "synthesized_wav_path": "/blob/v-zeqianju/dataset/tts/v3/00003.wav",
            "synthesize_phoneme_seq": [],
            "speaker_verification_score": 0.7982043027877808
        },
        {
            "reference_wav_path": "/blob/v-zeqianju/dataset/tts/v3_gt/00004.wav",
            "synthesized_wav_path": "/blob/v-zeqianju/dataset/tts/v3/00004.wav",
            "synthesize_phoneme_seq": [],
            "speaker_verification_score": 0.8156524300575256
        },
        {
            "reference_wav_path": "/blob/v-zeqianju/dataset/tts/v3_gt/00005.wav",
            "synthesized_wav_path": "/blob/v-zeqianju/dataset/tts/v3/00005.wav",
            "synthesize_phoneme_seq": [],
            "speaker_verification_score": 0.8962116837501526
        },
        {
            "reference_wav_path": "/blob/v-zeqianju/dataset/tts/v3_gt/00006.wav",
            "synthesized_wav_path": "/blob/v-zeqianju/dataset/tts/v3/00006.wav",
            "synthesize_phoneme_seq": [],
            "speaker_verification_score": 0.8483296632766724
        },
        {
            "reference_wav_path": "/blob/v-zeqianju/dataset/tts/v3_gt/00007.wav",
            "synthesized_wav_path": "/blob/v-zeqianju/dataset/tts/v3/00007.wav",
            "synthesize_phoneme_seq": [],
            "speaker_verification_score": 0.8720892667770386
        },
        {
            "reference_wav_path": "/blob/v-zeqianju/dataset/tts/v3_gt/00008.wav",
            "synthesized_wav_path": "/blob/v-zeqianju/dataset/tts/v3/00008.wav",
            "synthesize_phoneme_seq": [],
            "speaker_verification_score": 0.8720337152481079
        },
        {
            "reference_wav_path": "/blob/v-zeqianju/dataset/tts/v3_gt/00009.wav",
            "synthesized_wav_path": "/blob/v-zeqianju/dataset/tts/v3/00009.wav",
            "synthesize_phoneme_seq": [],
            "speaker_verification_score": 0.9843078851699829
        },
        {
            "reference_wav_path": "/blob/v-zeqianju/dataset/tts/v3_gt/00010.wav",
            "synthesized_wav_path": "/blob/v-zeqianju/dataset/tts/v3/00010.wav",
            "synthesize_phoneme_seq": [],
            "speaker_verification_score": 0.9789572954177856
        },
        {
            "reference_wav_path": "/blob/v-zeqianju/dataset/tts/v3_gt/00011.wav",
            "synthesized_wav_path": "/blob/v-zeqianju/dataset/tts/v3/00011.wav",
            "synthesize_phoneme_seq": [],
            "speaker_verification_score": 0.9735584855079651
        },
        {
            "reference_wav_path": "/blob/v-zeqianju/dataset/tts/v3_gt/00012.wav",
            "synthesized_wav_path": "/blob/v-zeqianju/dataset/tts/v3/00012.wav",
            "synthesize_phoneme_seq": [],
            "speaker_verification_score": 0.9685739278793335
        },
        {
            "reference_wav_path": "/blob/v-zeqianju/dataset/tts/v3_gt/00013.wav",
            "synthesized_wav_path": "/blob/v-zeqianju/dataset/tts/v3/00013.wav",
            "synthesize_phoneme_seq": [],
            "speaker_verification_score": 0.9503511190414429
        },
        {
            "reference_wav_path": "/blob/v-zeqianju/dataset/tts/v3_gt/00014.wav",
            "synthesized_wav_path": "/blob/v-zeqianju/dataset/tts/v3/00014.wav",
            "synthesize_phoneme_seq": [],
            "speaker_verification_score": 0.9760420322418213
        },
        {
            "reference_wav_path": "/blob/v-zeqianju/dataset/tts/v3_gt/00015.wav",
            "synthesized_wav_path": "/blob/v-zeqianju/dataset/tts/v3/00015.wav",
            "synthesize_phoneme_seq": [],
            "speaker_verification_score": 0.9788685441017151
        },
        {
            "reference_wav_path": "/blob/v-zeqianju/dataset/tts/v3_gt/00016.wav",
            "synthesized_wav_path": "/blob/v-zeqianju/dataset/tts/v3/00016.wav",
            "synthesize_phoneme_seq": [],
            "speaker_verification_score": 0.984666109085083
        }
    ],
    "mean_speaker_verification_score": 0.9130446389317513
}