{
    "dataset": "v3_gt_rec",
    "test_cases": [
        {
            "reference_wav_path": "/blob/v-zeqianju/dataset/tts/v3_gt_rec/00001.wav",
            "synthesized_wav_path": "/blob/v-zeqianju/code/tts/fs2_fromyc/mm_lm_nat/checkpoints/kai_srfixbug/product_5w_v1.1big_segnoref_per4_new-clnpooling_refenc_dmu_0_dwn_0_dmelw_1_dnoisew_1_vqweight_0.1_vq_dist_weight_0_dila_2_pe_scale_1/generated_0__v7_tp1.0//denoised_00001.wav",
            "synthesize_phoneme_seq": [],
            "speaker_verification_score": 0.5980014204978943
        },
        {
            "reference_wav_path": "/blob/v-zeqianju/dataset/tts/v3_gt_rec/00002.wav",
            "synthesized_wav_path": "/blob/v-zeqianju/code/tts/fs2_fromyc/mm_lm_nat/checkpoints/kai_srfixbug/product_5w_v1.1big_segnoref_per4_new-clnpooling_refenc_dmu_0_dwn_0_dmelw_1_dnoisew_1_vqweight_0.1_vq_dist_weight_0_dila_2_pe_scale_1/generated_0__v7_tp1.0//denoised_00002.wav",
            "synthesize_phoneme_seq": [],
            "speaker_verification_score": 0.4725351929664612
        },
        {
            "reference_wav_path": "/blob/v-zeqianju/dataset/tts/v3_gt_rec/00003.wav",
            "synthesized_wav_path": "/blob/v-zeqianju/code/tts/fs2_fromyc/mm_lm_nat/checkpoints/kai_srfixbug/product_5w_v1.1big_segnoref_per4_new-clnpooling_refenc_dmu_0_dwn_0_dmelw_1_dnoisew_1_vqweight_0.1_vq_dist_weight_0_dila_2_pe_scale_1/generated_0__v7_tp1.0//denoised_00003.wav",
            "synthesize_phoneme_seq": [],
            "speaker_verification_score": 0.19377925992012024
        },
        {
            "reference_wav_path": "/blob/v-zeqianju/dataset/tts/v3_gt_rec/00004.wav",
            "synthesized_wav_path": "/blob/v-zeqianju/code/tts/fs2_fromyc/mm_lm_nat/checkpoints/kai_srfixbug/product_5w_v1.1big_segnoref_per4_new-clnpooling_refenc_dmu_0_dwn_0_dmelw_1_dnoisew_1_vqweight_0.1_vq_dist_weight_0_dila_2_pe_scale_1/generated_0__v7_tp1.0//denoised_00004.wav",
            "synthesize_phoneme_seq": [],
            "speaker_verification_score": 0.3553479015827179
        },
        {
            "reference_wav_path": "/blob/v-zeqianju/dataset/tts/v3_gt_rec/00005.wav",
            "synthesized_wav_path": "/blob/v-zeqianju/code/tts/fs2_fromyc/mm_lm_nat/checkpoints/kai_srfixbug/product_5w_v1.1big_segnoref_per4_new-clnpooling_refenc_dmu_0_dwn_0_dmelw_1_dnoisew_1_vqweight_0.1_vq_dist_weight_0_dila_2_pe_scale_1/generated_0__v7_tp1.0//denoised_00005.wav",
            "synthesize_phoneme_seq": [],
            "speaker_verification_score": 0.5231125354766846
        },
        {
            "reference_wav_path": "/blob/v-zeqianju/dataset/tts/v3_gt_rec/00006.wav",
            "synthesized_wav_path": "/blob/v-zeqianju/code/tts/fs2_fromyc/mm_lm_nat/checkpoints/kai_srfixbug/product_5w_v1.1big_segnoref_per4_new-clnpooling_refenc_dmu_0_dwn_0_dmelw_1_dnoisew_1_vqweight_0.1_vq_dist_weight_0_dila_2_pe_scale_1/generated_0__v7_tp1.0//denoised_00006.wav",
            "synthesize_phoneme_seq": [],
            "speaker_verification_score": 0.5349481105804443
        },
        {
            "reference_wav_path": "/blob/v-zeqianju/dataset/tts/v3_gt_rec/00007.wav",
            "synthesized_wav_path": "/blob/v-zeqianju/code/tts/fs2_fromyc/mm_lm_nat/checkpoints/kai_srfixbug/product_5w_v1.1big_segnoref_per4_new-clnpooling_refenc_dmu_0_dwn_0_dmelw_1_dnoisew_1_vqweight_0.1_vq_dist_weight_0_dila_2_pe_scale_1/generated_0__v7_tp1.0//denoised_00007.wav",
            "synthesize_phoneme_seq": [],
            "speaker_verification_score": 0.5355701446533203
        },
        {
            "reference_wav_path": "/blob/v-zeqianju/dataset/tts/v3_gt_rec/00008.wav",
            "synthesized_wav_path": "/blob/v-zeqianju/code/tts/fs2_fromyc/mm_lm_nat/checkpoints/kai_srfixbug/product_5w_v1.1big_segnoref_per4_new-clnpooling_refenc_dmu_0_dwn_0_dmelw_1_dnoisew_1_vqweight_0.1_vq_dist_weight_0_dila_2_pe_scale_1/generated_0__v7_tp1.0//denoised_00008.wav",
            "synthesize_phoneme_seq": [],
            "speaker_verification_score": 0.5552234649658203
        },
        {
            "reference_wav_path": "/blob/v-zeqianju/dataset/tts/v3_gt_rec/00009.wav",
            "synthesized_wav_path": "/blob/v-zeqianju/code/tts/fs2_fromyc/mm_lm_nat/checkpoints/kai_srfixbug/product_5w_v1.1big_segnoref_per4_new-clnpooling_refenc_dmu_0_dwn_0_dmelw_1_dnoisew_1_vqweight_0.1_vq_dist_weight_0_dila_2_pe_scale_1/generated_0__v7_tp1.0//denoised_00009.wav",
            "synthesize_phoneme_seq": [],
            "speaker_verification_score": 0.27092838287353516
        },
        {
            "reference_wav_path": "/blob/v-zeqianju/dataset/tts/v3_gt_rec/00010.wav",
            "synthesized_wav_path": "/blob/v-zeqianju/code/tts/fs2_fromyc/mm_lm_nat/checkpoints/kai_srfixbug/product_5w_v1.1big_segnoref_per4_new-clnpooling_refenc_dmu_0_dwn_0_dmelw_1_dnoisew_1_vqweight_0.1_vq_dist_weight_0_dila_2_pe_scale_1/generated_0__v7_tp1.0//denoised_00010.wav",
            "synthesize_phoneme_seq": [],
            "speaker_verification_score": 0.27429094910621643
        },
        {
            "reference_wav_path": "/blob/v-zeqianju/dataset/tts/v3_gt_rec/00011.wav",
            "synthesized_wav_path": "/blob/v-zeqianju/code/tts/fs2_fromyc/mm_lm_nat/checkpoints/kai_srfixbug/product_5w_v1.1big_segnoref_per4_new-clnpooling_refenc_dmu_0_dwn_0_dmelw_1_dnoisew_1_vqweight_0.1_vq_dist_weight_0_dila_2_pe_scale_1/generated_0__v7_tp1.0//denoised_00011.wav",
            "synthesize_phoneme_seq": [],
            "speaker_verification_score": 0.606371283531189
        },
        {
            "reference_wav_path": "/blob/v-zeqianju/dataset/tts/v3_gt_rec/00012.wav",
            "synthesized_wav_path": "/blob/v-zeqianju/code/tts/fs2_fromyc/mm_lm_nat/checkpoints/kai_srfixbug/product_5w_v1.1big_segnoref_per4_new-clnpooling_refenc_dmu_0_dwn_0_dmelw_1_dnoisew_1_vqweight_0.1_vq_dist_weight_0_dila_2_pe_scale_1/generated_0__v7_tp1.0//denoised_00012.wav",
            "synthesize_phoneme_seq": [],
            "speaker_verification_score": 0.2571861147880554
        },
        {
            "reference_wav_path": "/blob/v-zeqianju/dataset/tts/v3_gt_rec/00013.wav",
            "synthesized_wav_path": "/blob/v-zeqianju/code/tts/fs2_fromyc/mm_lm_nat/checkpoints/kai_srfixbug/product_5w_v1.1big_segnoref_per4_new-clnpooling_refenc_dmu_0_dwn_0_dmelw_1_dnoisew_1_vqweight_0.1_vq_dist_weight_0_dila_2_pe_scale_1/generated_0__v7_tp1.0//denoised_00013.wav",
            "synthesize_phoneme_seq": [],
            "speaker_verification_score": 0.43808871507644653
        },
        {
            "reference_wav_path": "/blob/v-zeqianju/dataset/tts/v3_gt_rec/00014.wav",
            "synthesized_wav_path": "/blob/v-zeqianju/code/tts/fs2_fromyc/mm_lm_nat/checkpoints/kai_srfixbug/product_5w_v1.1big_segnoref_per4_new-clnpooling_refenc_dmu_0_dwn_0_dmelw_1_dnoisew_1_vqweight_0.1_vq_dist_weight_0_dila_2_pe_scale_1/generated_0__v7_tp1.0//denoised_00014.wav",
            "synthesize_phoneme_seq": [],
            "speaker_verification_score": 0.5039360523223877
        },
        {
            "reference_wav_path": "/blob/v-zeqianju/dataset/tts/v3_gt_rec/00015.wav",
            "synthesized_wav_path": "/blob/v-zeqianju/code/tts/fs2_fromyc/mm_lm_nat/checkpoints/kai_srfixbug/product_5w_v1.1big_segnoref_per4_new-clnpooling_refenc_dmu_0_dwn_0_dmelw_1_dnoisew_1_vqweight_0.1_vq_dist_weight_0_dila_2_pe_scale_1/generated_0__v7_tp1.0//denoised_00015.wav",
            "synthesize_phoneme_seq": [],
            "speaker_verification_score": 0.24949532747268677
        },
        {
            "reference_wav_path": "/blob/v-zeqianju/dataset/tts/v3_gt_rec/00016.wav",
            "synthesized_wav_path": "/blob/v-zeqianju/code/tts/fs2_fromyc/mm_lm_nat/checkpoints/kai_srfixbug/product_5w_v1.1big_segnoref_per4_new-clnpooling_refenc_dmu_0_dwn_0_dmelw_1_dnoisew_1_vqweight_0.1_vq_dist_weight_0_dila_2_pe_scale_1/generated_0__v7_tp1.0//denoised_00016.wav",
            "synthesize_phoneme_seq": [],
            "speaker_verification_score": 0.40730348229408264
        }
    ],
    "mean_speaker_verification_score": 0.4235073961317539
}