{
    "dataset": "train",
    "test_cases": [
        {
            "reference_wav_path": "/blob/v-zeqianju/dataset/tts/train/train_8.wav",
            "synthesized_wav_path": "/blob/v-zeqianju/code/tts/fs2_fromyc/mm_lm_nat/checkpoints/kai_srfixbug/product_5w_v1.1big_segnoref_query8_small-new_refenc_dmu_0_dwn_0_dmelw_1_dnoisew_1_vqweight_0.1_vq_dist_weight_0_dila_2_pe_scale_1/generated_0__v9_tp1.2//denoised_train_8.wav",
            "synthesize_phoneme_seq": [],
            "speaker_verification_score": 0.6610451936721802
        },
        {
            "reference_wav_path": "/blob/v-zeqianju/dataset/tts/train/train_47.wav",
            "synthesized_wav_path": "/blob/v-zeqianju/code/tts/fs2_fromyc/mm_lm_nat/checkpoints/kai_srfixbug/product_5w_v1.1big_segnoref_query8_small-new_refenc_dmu_0_dwn_0_dmelw_1_dnoisew_1_vqweight_0.1_vq_dist_weight_0_dila_2_pe_scale_1/generated_0__v9_tp1.2//denoised_train_47.wav",
            "synthesize_phoneme_seq": [],
            "speaker_verification_score": 0.5262828469276428
        },
        {
            "reference_wav_path": "/blob/v-zeqianju/dataset/tts/train/train_43.wav",
            "synthesized_wav_path": "/blob/v-zeqianju/code/tts/fs2_fromyc/mm_lm_nat/checkpoints/kai_srfixbug/product_5w_v1.1big_segnoref_query8_small-new_refenc_dmu_0_dwn_0_dmelw_1_dnoisew_1_vqweight_0.1_vq_dist_weight_0_dila_2_pe_scale_1/generated_0__v9_tp1.2//denoised_train_43.wav",
            "synthesize_phoneme_seq": [],
            "speaker_verification_score": 0.7257508039474487
        },
        {
            "reference_wav_path": "/blob/v-zeqianju/dataset/tts/train/train_44.wav",
            "synthesized_wav_path": "/blob/v-zeqianju/code/tts/fs2_fromyc/mm_lm_nat/checkpoints/kai_srfixbug/product_5w_v1.1big_segnoref_query8_small-new_refenc_dmu_0_dwn_0_dmelw_1_dnoisew_1_vqweight_0.1_vq_dist_weight_0_dila_2_pe_scale_1/generated_0__v9_tp1.2//denoised_train_44.wav",
            "synthesize_phoneme_seq": [],
            "speaker_verification_score": 0.7163413763046265
        },
        {
            "reference_wav_path": "/blob/v-zeqianju/dataset/tts/train/train_40.wav",
            "synthesized_wav_path": "/blob/v-zeqianju/code/tts/fs2_fromyc/mm_lm_nat/checkpoints/kai_srfixbug/product_5w_v1.1big_segnoref_query8_small-new_refenc_dmu_0_dwn_0_dmelw_1_dnoisew_1_vqweight_0.1_vq_dist_weight_0_dila_2_pe_scale_1/generated_0__v9_tp1.2//denoised_train_40.wav",
            "synthesize_phoneme_seq": [],
            "speaker_verification_score": 0.7821331024169922
        },
        {
            "reference_wav_path": "/blob/v-zeqianju/dataset/tts/train/train_4.wav",
            "synthesized_wav_path": "/blob/v-zeqianju/code/tts/fs2_fromyc/mm_lm_nat/checkpoints/kai_srfixbug/product_5w_v1.1big_segnoref_query8_small-new_refenc_dmu_0_dwn_0_dmelw_1_dnoisew_1_vqweight_0.1_vq_dist_weight_0_dila_2_pe_scale_1/generated_0__v9_tp1.2//denoised_train_4.wav",
            "synthesize_phoneme_seq": [],
            "speaker_verification_score": 0.5936864614486694
        },
        {
            "reference_wav_path": "/blob/v-zeqianju/dataset/tts/train/train_49.wav",
            "synthesized_wav_path": "/blob/v-zeqianju/code/tts/fs2_fromyc/mm_lm_nat/checkpoints/kai_srfixbug/product_5w_v1.1big_segnoref_query8_small-new_refenc_dmu_0_dwn_0_dmelw_1_dnoisew_1_vqweight_0.1_vq_dist_weight_0_dila_2_pe_scale_1/generated_0__v9_tp1.2//denoised_train_49.wav",
            "synthesize_phoneme_seq": [],
            "speaker_verification_score": 0.7144936323165894
        },
        {
            "reference_wav_path": "/blob/v-zeqianju/dataset/tts/train/train_41.wav",
            "synthesized_wav_path": "/blob/v-zeqianju/code/tts/fs2_fromyc/mm_lm_nat/checkpoints/kai_srfixbug/product_5w_v1.1big_segnoref_query8_small-new_refenc_dmu_0_dwn_0_dmelw_1_dnoisew_1_vqweight_0.1_vq_dist_weight_0_dila_2_pe_scale_1/generated_0__v9_tp1.2//denoised_train_41.wav",
            "synthesize_phoneme_seq": [],
            "speaker_verification_score": 0.5596630573272705
        },
        {
            "reference_wav_path": "/blob/v-zeqianju/dataset/tts/train/train_9.wav",
            "synthesized_wav_path": "/blob/v-zeqianju/code/tts/fs2_fromyc/mm_lm_nat/checkpoints/kai_srfixbug/product_5w_v1.1big_segnoref_query8_small-new_refenc_dmu_0_dwn_0_dmelw_1_dnoisew_1_vqweight_0.1_vq_dist_weight_0_dila_2_pe_scale_1/generated_0__v9_tp1.2//denoised_train_9.wav",
            "synthesize_phoneme_seq": [],
            "speaker_verification_score": 0.8121534585952759
        },
        {
            "reference_wav_path": "/blob/v-zeqianju/dataset/tts/train/train_42.wav",
            "synthesized_wav_path": "/blob/v-zeqianju/code/tts/fs2_fromyc/mm_lm_nat/checkpoints/kai_srfixbug/product_5w_v1.1big_segnoref_query8_small-new_refenc_dmu_0_dwn_0_dmelw_1_dnoisew_1_vqweight_0.1_vq_dist_weight_0_dila_2_pe_scale_1/generated_0__v9_tp1.2//denoised_train_42.wav",
            "synthesize_phoneme_seq": [],
            "speaker_verification_score": 0.5095751881599426
        },
        {
            "reference_wav_path": "/blob/v-zeqianju/dataset/tts/train/train_7.wav",
            "synthesized_wav_path": "/blob/v-zeqianju/code/tts/fs2_fromyc/mm_lm_nat/checkpoints/kai_srfixbug/product_5w_v1.1big_segnoref_query8_small-new_refenc_dmu_0_dwn_0_dmelw_1_dnoisew_1_vqweight_0.1_vq_dist_weight_0_dila_2_pe_scale_1/generated_0__v9_tp1.2//denoised_train_7.wav",
            "synthesize_phoneme_seq": [],
            "speaker_verification_score": 0.3809207081794739
        },
        {
            "reference_wav_path": "/blob/v-zeqianju/dataset/tts/train/train_48.wav",
            "synthesized_wav_path": "/blob/v-zeqianju/code/tts/fs2_fromyc/mm_lm_nat/checkpoints/kai_srfixbug/product_5w_v1.1big_segnoref_query8_small-new_refenc_dmu_0_dwn_0_dmelw_1_dnoisew_1_vqweight_0.1_vq_dist_weight_0_dila_2_pe_scale_1/generated_0__v9_tp1.2//denoised_train_48.wav",
            "synthesize_phoneme_seq": [],
            "speaker_verification_score": 0.18013045191764832
        },
        {
            "reference_wav_path": "/blob/v-zeqianju/dataset/tts/train/train_6.wav",
            "synthesized_wav_path": "/blob/v-zeqianju/code/tts/fs2_fromyc/mm_lm_nat/checkpoints/kai_srfixbug/product_5w_v1.1big_segnoref_query8_small-new_refenc_dmu_0_dwn_0_dmelw_1_dnoisew_1_vqweight_0.1_vq_dist_weight_0_dila_2_pe_scale_1/generated_0__v9_tp1.2//denoised_train_6.wav",
            "synthesize_phoneme_seq": [],
            "speaker_verification_score": 0.7343975305557251
        },
        {
            "reference_wav_path": "/blob/v-zeqianju/dataset/tts/train/train_39.wav",
            "synthesized_wav_path": "/blob/v-zeqianju/code/tts/fs2_fromyc/mm_lm_nat/checkpoints/kai_srfixbug/product_5w_v1.1big_segnoref_query8_small-new_refenc_dmu_0_dwn_0_dmelw_1_dnoisew_1_vqweight_0.1_vq_dist_weight_0_dila_2_pe_scale_1/generated_0__v9_tp1.2//denoised_train_39.wav",
            "synthesize_phoneme_seq": [],
            "speaker_verification_score": 0.710418701171875
        },
        {
            "reference_wav_path": "/blob/v-zeqianju/dataset/tts/train/train_45.wav",
            "synthesized_wav_path": "/blob/v-zeqianju/code/tts/fs2_fromyc/mm_lm_nat/checkpoints/kai_srfixbug/product_5w_v1.1big_segnoref_query8_small-new_refenc_dmu_0_dwn_0_dmelw_1_dnoisew_1_vqweight_0.1_vq_dist_weight_0_dila_2_pe_scale_1/generated_0__v9_tp1.2//denoised_train_45.wav",
            "synthesize_phoneme_seq": [],
            "speaker_verification_score": 0.7017627954483032
        },
        {
            "reference_wav_path": "/blob/v-zeqianju/dataset/tts/train/train_46.wav",
            "synthesized_wav_path": "/blob/v-zeqianju/code/tts/fs2_fromyc/mm_lm_nat/checkpoints/kai_srfixbug/product_5w_v1.1big_segnoref_query8_small-new_refenc_dmu_0_dwn_0_dmelw_1_dnoisew_1_vqweight_0.1_vq_dist_weight_0_dila_2_pe_scale_1/generated_0__v9_tp1.2//denoised_train_46.wav",
            "synthesize_phoneme_seq": [],
            "speaker_verification_score": 0.6371333599090576
        },
        {
            "reference_wav_path": "/blob/v-zeqianju/dataset/tts/train/train_5.wav",
            "synthesized_wav_path": "/blob/v-zeqianju/code/tts/fs2_fromyc/mm_lm_nat/checkpoints/kai_srfixbug/product_5w_v1.1big_segnoref_query8_small-new_refenc_dmu_0_dwn_0_dmelw_1_dnoisew_1_vqweight_0.1_vq_dist_weight_0_dila_2_pe_scale_1/generated_0__v9_tp1.2//denoised_train_5.wav",
            "synthesize_phoneme_seq": [],
            "speaker_verification_score": 0.320470929145813
        },
        {
            "reference_wav_path": "/blob/v-zeqianju/dataset/tts/train/train_0.wav",
            "synthesized_wav_path": "/blob/v-zeqianju/code/tts/fs2_fromyc/mm_lm_nat/checkpoints/kai_srfixbug/product_5w_v1.1big_segnoref_query8_small-new_refenc_dmu_0_dwn_0_dmelw_1_dnoisew_1_vqweight_0.1_vq_dist_weight_0_dila_2_pe_scale_1/generated_0__v9_tp1.2//denoised_train_0.wav",
            "synthesize_phoneme_seq": [],
            "speaker_verification_score": 0.747551441192627
        },
        {
            "reference_wav_path": "/blob/v-zeqianju/dataset/tts/train/train_1.wav",
            "synthesized_wav_path": "/blob/v-zeqianju/code/tts/fs2_fromyc/mm_lm_nat/checkpoints/kai_srfixbug/product_5w_v1.1big_segnoref_query8_small-new_refenc_dmu_0_dwn_0_dmelw_1_dnoisew_1_vqweight_0.1_vq_dist_weight_0_dila_2_pe_scale_1/generated_0__v9_tp1.2//denoised_train_1.wav",
            "synthesize_phoneme_seq": [],
            "speaker_verification_score": 0.6142631769180298
        },
        {
            "reference_wav_path": "/blob/v-zeqianju/dataset/tts/train/train_10.wav",
            "synthesized_wav_path": "/blob/v-zeqianju/code/tts/fs2_fromyc/mm_lm_nat/checkpoints/kai_srfixbug/product_5w_v1.1big_segnoref_query8_small-new_refenc_dmu_0_dwn_0_dmelw_1_dnoisew_1_vqweight_0.1_vq_dist_weight_0_dila_2_pe_scale_1/generated_0__v9_tp1.2//denoised_train_10.wav",
            "synthesize_phoneme_seq": [],
            "speaker_verification_score": 0.7655118703842163
        },
        {
            "reference_wav_path": "/blob/v-zeqianju/dataset/tts/train/train_11.wav",
            "synthesized_wav_path": "/blob/v-zeqianju/code/tts/fs2_fromyc/mm_lm_nat/checkpoints/kai_srfixbug/product_5w_v1.1big_segnoref_query8_small-new_refenc_dmu_0_dwn_0_dmelw_1_dnoisew_1_vqweight_0.1_vq_dist_weight_0_dila_2_pe_scale_1/generated_0__v9_tp1.2//denoised_train_11.wav",
            "synthesize_phoneme_seq": [],
            "speaker_verification_score": 0.5414817333221436
        },
        {
            "reference_wav_path": "/blob/v-zeqianju/dataset/tts/train/train_12.wav",
            "synthesized_wav_path": "/blob/v-zeqianju/code/tts/fs2_fromyc/mm_lm_nat/checkpoints/kai_srfixbug/product_5w_v1.1big_segnoref_query8_small-new_refenc_dmu_0_dwn_0_dmelw_1_dnoisew_1_vqweight_0.1_vq_dist_weight_0_dila_2_pe_scale_1/generated_0__v9_tp1.2//denoised_train_12.wav",
            "synthesize_phoneme_seq": [],
            "speaker_verification_score": 0.16684068739414215
        },
        {
            "reference_wav_path": "/blob/v-zeqianju/dataset/tts/train/train_13.wav",
            "synthesized_wav_path": "/blob/v-zeqianju/code/tts/fs2_fromyc/mm_lm_nat/checkpoints/kai_srfixbug/product_5w_v1.1big_segnoref_query8_small-new_refenc_dmu_0_dwn_0_dmelw_1_dnoisew_1_vqweight_0.1_vq_dist_weight_0_dila_2_pe_scale_1/generated_0__v9_tp1.2//denoised_train_13.wav",
            "synthesize_phoneme_seq": [],
            "speaker_verification_score": 0.7107077836990356
        },
        {
            "reference_wav_path": "/blob/v-zeqianju/dataset/tts/train/train_14.wav",
            "synthesized_wav_path": "/blob/v-zeqianju/code/tts/fs2_fromyc/mm_lm_nat/checkpoints/kai_srfixbug/product_5w_v1.1big_segnoref_query8_small-new_refenc_dmu_0_dwn_0_dmelw_1_dnoisew_1_vqweight_0.1_vq_dist_weight_0_dila_2_pe_scale_1/generated_0__v9_tp1.2//denoised_train_14.wav",
            "synthesize_phoneme_seq": [],
            "speaker_verification_score": 0.7103171348571777
        },
        {
            "reference_wav_path": "/blob/v-zeqianju/dataset/tts/train/train_15.wav",
            "synthesized_wav_path": "/blob/v-zeqianju/code/tts/fs2_fromyc/mm_lm_nat/checkpoints/kai_srfixbug/product_5w_v1.1big_segnoref_query8_small-new_refenc_dmu_0_dwn_0_dmelw_1_dnoisew_1_vqweight_0.1_vq_dist_weight_0_dila_2_pe_scale_1/generated_0__v9_tp1.2//denoised_train_15.wav",
            "synthesize_phoneme_seq": [],
            "speaker_verification_score": 0.5374810695648193
        },
        {
            "reference_wav_path": "/blob/v-zeqianju/dataset/tts/train/train_16.wav",
            "synthesized_wav_path": "/blob/v-zeqianju/code/tts/fs2_fromyc/mm_lm_nat/checkpoints/kai_srfixbug/product_5w_v1.1big_segnoref_query8_small-new_refenc_dmu_0_dwn_0_dmelw_1_dnoisew_1_vqweight_0.1_vq_dist_weight_0_dila_2_pe_scale_1/generated_0__v9_tp1.2//denoised_train_16.wav",
            "synthesize_phoneme_seq": [],
            "speaker_verification_score": 0.5805250406265259
        },
        {
            "reference_wav_path": "/blob/v-zeqianju/dataset/tts/train/train_17.wav",
            "synthesized_wav_path": "/blob/v-zeqianju/code/tts/fs2_fromyc/mm_lm_nat/checkpoints/kai_srfixbug/product_5w_v1.1big_segnoref_query8_small-new_refenc_dmu_0_dwn_0_dmelw_1_dnoisew_1_vqweight_0.1_vq_dist_weight_0_dila_2_pe_scale_1/generated_0__v9_tp1.2//denoised_train_17.wav",
            "synthesize_phoneme_seq": [],
            "speaker_verification_score": 0.7004233598709106
        },
        {
            "reference_wav_path": "/blob/v-zeqianju/dataset/tts/train/train_18.wav",
            "synthesized_wav_path": "/blob/v-zeqianju/code/tts/fs2_fromyc/mm_lm_nat/checkpoints/kai_srfixbug/product_5w_v1.1big_segnoref_query8_small-new_refenc_dmu_0_dwn_0_dmelw_1_dnoisew_1_vqweight_0.1_vq_dist_weight_0_dila_2_pe_scale_1/generated_0__v9_tp1.2//denoised_train_18.wav",
            "synthesize_phoneme_seq": [],
            "speaker_verification_score": 0.6527675986289978
        },
        {
            "reference_wav_path": "/blob/v-zeqianju/dataset/tts/train/train_19.wav",
            "synthesized_wav_path": "/blob/v-zeqianju/code/tts/fs2_fromyc/mm_lm_nat/checkpoints/kai_srfixbug/product_5w_v1.1big_segnoref_query8_small-new_refenc_dmu_0_dwn_0_dmelw_1_dnoisew_1_vqweight_0.1_vq_dist_weight_0_dila_2_pe_scale_1/generated_0__v9_tp1.2//denoised_train_19.wav",
            "synthesize_phoneme_seq": [],
            "speaker_verification_score": 0.5143683552742004
        },
        {
            "reference_wav_path": "/blob/v-zeqianju/dataset/tts/train/train_2.wav",
            "synthesized_wav_path": "/blob/v-zeqianju/code/tts/fs2_fromyc/mm_lm_nat/checkpoints/kai_srfixbug/product_5w_v1.1big_segnoref_query8_small-new_refenc_dmu_0_dwn_0_dmelw_1_dnoisew_1_vqweight_0.1_vq_dist_weight_0_dila_2_pe_scale_1/generated_0__v9_tp1.2//denoised_train_2.wav",
            "synthesize_phoneme_seq": [],
            "speaker_verification_score": 0.7058044672012329
        },
        {
            "reference_wav_path": "/blob/v-zeqianju/dataset/tts/train/train_20.wav",
            "synthesized_wav_path": "/blob/v-zeqianju/code/tts/fs2_fromyc/mm_lm_nat/checkpoints/kai_srfixbug/product_5w_v1.1big_segnoref_query8_small-new_refenc_dmu_0_dwn_0_dmelw_1_dnoisew_1_vqweight_0.1_vq_dist_weight_0_dila_2_pe_scale_1/generated_0__v9_tp1.2//denoised_train_20.wav",
            "synthesize_phoneme_seq": [],
            "speaker_verification_score": 0.6119781732559204
        },
        {
            "reference_wav_path": "/blob/v-zeqianju/dataset/tts/train/train_21.wav",
            "synthesized_wav_path": "/blob/v-zeqianju/code/tts/fs2_fromyc/mm_lm_nat/checkpoints/kai_srfixbug/product_5w_v1.1big_segnoref_query8_small-new_refenc_dmu_0_dwn_0_dmelw_1_dnoisew_1_vqweight_0.1_vq_dist_weight_0_dila_2_pe_scale_1/generated_0__v9_tp1.2//denoised_train_21.wav",
            "synthesize_phoneme_seq": [],
            "speaker_verification_score": 0.5206285119056702
        },
        {
            "reference_wav_path": "/blob/v-zeqianju/dataset/tts/train/train_22.wav",
            "synthesized_wav_path": "/blob/v-zeqianju/code/tts/fs2_fromyc/mm_lm_nat/checkpoints/kai_srfixbug/product_5w_v1.1big_segnoref_query8_small-new_refenc_dmu_0_dwn_0_dmelw_1_dnoisew_1_vqweight_0.1_vq_dist_weight_0_dila_2_pe_scale_1/generated_0__v9_tp1.2//denoised_train_22.wav",
            "synthesize_phoneme_seq": [],
            "speaker_verification_score": 0.7821269035339355
        },
        {
            "reference_wav_path": "/blob/v-zeqianju/dataset/tts/train/train_23.wav",
            "synthesized_wav_path": "/blob/v-zeqianju/code/tts/fs2_fromyc/mm_lm_nat/checkpoints/kai_srfixbug/product_5w_v1.1big_segnoref_query8_small-new_refenc_dmu_0_dwn_0_dmelw_1_dnoisew_1_vqweight_0.1_vq_dist_weight_0_dila_2_pe_scale_1/generated_0__v9_tp1.2//denoised_train_23.wav",
            "synthesize_phoneme_seq": [],
            "speaker_verification_score": 0.4996497333049774
        },
        {
            "reference_wav_path": "/blob/v-zeqianju/dataset/tts/train/train_24.wav",
            "synthesized_wav_path": "/blob/v-zeqianju/code/tts/fs2_fromyc/mm_lm_nat/checkpoints/kai_srfixbug/product_5w_v1.1big_segnoref_query8_small-new_refenc_dmu_0_dwn_0_dmelw_1_dnoisew_1_vqweight_0.1_vq_dist_weight_0_dila_2_pe_scale_1/generated_0__v9_tp1.2//denoised_train_24.wav",
            "synthesize_phoneme_seq": [],
            "speaker_verification_score": 0.639285683631897
        },
        {
            "reference_wav_path": "/blob/v-zeqianju/dataset/tts/train/train_25.wav",
            "synthesized_wav_path": "/blob/v-zeqianju/code/tts/fs2_fromyc/mm_lm_nat/checkpoints/kai_srfixbug/product_5w_v1.1big_segnoref_query8_small-new_refenc_dmu_0_dwn_0_dmelw_1_dnoisew_1_vqweight_0.1_vq_dist_weight_0_dila_2_pe_scale_1/generated_0__v9_tp1.2//denoised_train_25.wav",
            "synthesize_phoneme_seq": [],
            "speaker_verification_score": 0.29240918159484863
        },
        {
            "reference_wav_path": "/blob/v-zeqianju/dataset/tts/train/train_26.wav",
            "synthesized_wav_path": "/blob/v-zeqianju/code/tts/fs2_fromyc/mm_lm_nat/checkpoints/kai_srfixbug/product_5w_v1.1big_segnoref_query8_small-new_refenc_dmu_0_dwn_0_dmelw_1_dnoisew_1_vqweight_0.1_vq_dist_weight_0_dila_2_pe_scale_1/generated_0__v9_tp1.2//denoised_train_26.wav",
            "synthesize_phoneme_seq": [],
            "speaker_verification_score": 0.7518520951271057
        },
        {
            "reference_wav_path": "/blob/v-zeqianju/dataset/tts/train/train_27.wav",
            "synthesized_wav_path": "/blob/v-zeqianju/code/tts/fs2_fromyc/mm_lm_nat/checkpoints/kai_srfixbug/product_5w_v1.1big_segnoref_query8_small-new_refenc_dmu_0_dwn_0_dmelw_1_dnoisew_1_vqweight_0.1_vq_dist_weight_0_dila_2_pe_scale_1/generated_0__v9_tp1.2//denoised_train_27.wav",
            "synthesize_phoneme_seq": [],
            "speaker_verification_score": 0.6330351829528809
        },
        {
            "reference_wav_path": "/blob/v-zeqianju/dataset/tts/train/train_28.wav",
            "synthesized_wav_path": "/blob/v-zeqianju/code/tts/fs2_fromyc/mm_lm_nat/checkpoints/kai_srfixbug/product_5w_v1.1big_segnoref_query8_small-new_refenc_dmu_0_dwn_0_dmelw_1_dnoisew_1_vqweight_0.1_vq_dist_weight_0_dila_2_pe_scale_1/generated_0__v9_tp1.2//denoised_train_28.wav",
            "synthesize_phoneme_seq": [],
            "speaker_verification_score": 0.6561365723609924
        },
        {
            "reference_wav_path": "/blob/v-zeqianju/dataset/tts/train/train_29.wav",
            "synthesized_wav_path": "/blob/v-zeqianju/code/tts/fs2_fromyc/mm_lm_nat/checkpoints/kai_srfixbug/product_5w_v1.1big_segnoref_query8_small-new_refenc_dmu_0_dwn_0_dmelw_1_dnoisew_1_vqweight_0.1_vq_dist_weight_0_dila_2_pe_scale_1/generated_0__v9_tp1.2//denoised_train_29.wav",
            "synthesize_phoneme_seq": [],
            "speaker_verification_score": 0.36086034774780273
        },
        {
            "reference_wav_path": "/blob/v-zeqianju/dataset/tts/train/train_3.wav",
            "synthesized_wav_path": "/blob/v-zeqianju/code/tts/fs2_fromyc/mm_lm_nat/checkpoints/kai_srfixbug/product_5w_v1.1big_segnoref_query8_small-new_refenc_dmu_0_dwn_0_dmelw_1_dnoisew_1_vqweight_0.1_vq_dist_weight_0_dila_2_pe_scale_1/generated_0__v9_tp1.2//denoised_train_3.wav",
            "synthesize_phoneme_seq": [],
            "speaker_verification_score": 0.6912033557891846
        },
        {
            "reference_wav_path": "/blob/v-zeqianju/dataset/tts/train/train_30.wav",
            "synthesized_wav_path": "/blob/v-zeqianju/code/tts/fs2_fromyc/mm_lm_nat/checkpoints/kai_srfixbug/product_5w_v1.1big_segnoref_query8_small-new_refenc_dmu_0_dwn_0_dmelw_1_dnoisew_1_vqweight_0.1_vq_dist_weight_0_dila_2_pe_scale_1/generated_0__v9_tp1.2//denoised_train_30.wav",
            "synthesize_phoneme_seq": [],
            "speaker_verification_score": 0.6860145330429077
        },
        {
            "reference_wav_path": "/blob/v-zeqianju/dataset/tts/train/train_31.wav",
            "synthesized_wav_path": "/blob/v-zeqianju/code/tts/fs2_fromyc/mm_lm_nat/checkpoints/kai_srfixbug/product_5w_v1.1big_segnoref_query8_small-new_refenc_dmu_0_dwn_0_dmelw_1_dnoisew_1_vqweight_0.1_vq_dist_weight_0_dila_2_pe_scale_1/generated_0__v9_tp1.2//denoised_train_31.wav",
            "synthesize_phoneme_seq": [],
            "speaker_verification_score": 0.6903795003890991
        },
        {
            "reference_wav_path": "/blob/v-zeqianju/dataset/tts/train/train_32.wav",
            "synthesized_wav_path": "/blob/v-zeqianju/code/tts/fs2_fromyc/mm_lm_nat/checkpoints/kai_srfixbug/product_5w_v1.1big_segnoref_query8_small-new_refenc_dmu_0_dwn_0_dmelw_1_dnoisew_1_vqweight_0.1_vq_dist_weight_0_dila_2_pe_scale_1/generated_0__v9_tp1.2//denoised_train_32.wav",
            "synthesize_phoneme_seq": [],
            "speaker_verification_score": 0.7665324211120605
        },
        {
            "reference_wav_path": "/blob/v-zeqianju/dataset/tts/train/train_33.wav",
            "synthesized_wav_path": "/blob/v-zeqianju/code/tts/fs2_fromyc/mm_lm_nat/checkpoints/kai_srfixbug/product_5w_v1.1big_segnoref_query8_small-new_refenc_dmu_0_dwn_0_dmelw_1_dnoisew_1_vqweight_0.1_vq_dist_weight_0_dila_2_pe_scale_1/generated_0__v9_tp1.2//denoised_train_33.wav",
            "synthesize_phoneme_seq": [],
            "speaker_verification_score": 0.6991708278656006
        },
        {
            "reference_wav_path": "/blob/v-zeqianju/dataset/tts/train/train_34.wav",
            "synthesized_wav_path": "/blob/v-zeqianju/code/tts/fs2_fromyc/mm_lm_nat/checkpoints/kai_srfixbug/product_5w_v1.1big_segnoref_query8_small-new_refenc_dmu_0_dwn_0_dmelw_1_dnoisew_1_vqweight_0.1_vq_dist_weight_0_dila_2_pe_scale_1/generated_0__v9_tp1.2//denoised_train_34.wav",
            "synthesize_phoneme_seq": [],
            "speaker_verification_score": 0.6438933610916138
        },
        {
            "reference_wav_path": "/blob/v-zeqianju/dataset/tts/train/train_35.wav",
            "synthesized_wav_path": "/blob/v-zeqianju/code/tts/fs2_fromyc/mm_lm_nat/checkpoints/kai_srfixbug/product_5w_v1.1big_segnoref_query8_small-new_refenc_dmu_0_dwn_0_dmelw_1_dnoisew_1_vqweight_0.1_vq_dist_weight_0_dila_2_pe_scale_1/generated_0__v9_tp1.2//denoised_train_35.wav",
            "synthesize_phoneme_seq": [],
            "speaker_verification_score": 0.6362526416778564
        },
        {
            "reference_wav_path": "/blob/v-zeqianju/dataset/tts/train/train_36.wav",
            "synthesized_wav_path": "/blob/v-zeqianju/code/tts/fs2_fromyc/mm_lm_nat/checkpoints/kai_srfixbug/product_5w_v1.1big_segnoref_query8_small-new_refenc_dmu_0_dwn_0_dmelw_1_dnoisew_1_vqweight_0.1_vq_dist_weight_0_dila_2_pe_scale_1/generated_0__v9_tp1.2//denoised_train_36.wav",
            "synthesize_phoneme_seq": [],
            "speaker_verification_score": 0.7203841805458069
        },
        {
            "reference_wav_path": "/blob/v-zeqianju/dataset/tts/train/train_37.wav",
            "synthesized_wav_path": "/blob/v-zeqianju/code/tts/fs2_fromyc/mm_lm_nat/checkpoints/kai_srfixbug/product_5w_v1.1big_segnoref_query8_small-new_refenc_dmu_0_dwn_0_dmelw_1_dnoisew_1_vqweight_0.1_vq_dist_weight_0_dila_2_pe_scale_1/generated_0__v9_tp1.2//denoised_train_37.wav",
            "synthesize_phoneme_seq": [],
            "speaker_verification_score": 0.7167348861694336
        },
        {
            "reference_wav_path": "/blob/v-zeqianju/dataset/tts/train/train_38.wav",
            "synthesized_wav_path": "/blob/v-zeqianju/code/tts/fs2_fromyc/mm_lm_nat/checkpoints/kai_srfixbug/product_5w_v1.1big_segnoref_query8_small-new_refenc_dmu_0_dwn_0_dmelw_1_dnoisew_1_vqweight_0.1_vq_dist_weight_0_dila_2_pe_scale_1/generated_0__v9_tp1.2//denoised_train_38.wav",
            "synthesize_phoneme_seq": [],
            "speaker_verification_score": 0.5347256660461426
        }
    ],
    "mean_speaker_verification_score": 0.6149531415104866
}