{
    "dataset": "v3_gt",
    "test_cases": [
        {
            "reference_wav_path": "/blob/v-zeqianju/dataset/tts/v3_gt/00002.wav",
            "synthesized_wav_path": "/blob/v-zeqianju/code/tts/fs2_fromyc/mm_lm_nat/checkpoints/kai_srfixbug/product_5w_v1.1big_segnoref_query8_small-new_refenc_dmu_0_dwn_0_dmelw_1_dnoisew_1_vqweight_0.1_vq_dist_weight_0_dila_2_pe_scale_1/generated_0__v7_tp1.2/denoised_00002.wav",
            "synthesize_phoneme_seq": [],
            "speaker_verification_score": 0.2591058611869812
        },
        {
            "reference_wav_path": "/blob/v-zeqianju/dataset/tts/v3_gt/00014.wav",
            "synthesized_wav_path": "/blob/v-zeqianju/code/tts/fs2_fromyc/mm_lm_nat/checkpoints/kai_srfixbug/product_5w_v1.1big_segnoref_query8_small-new_refenc_dmu_0_dwn_0_dmelw_1_dnoisew_1_vqweight_0.1_vq_dist_weight_0_dila_2_pe_scale_1/generated_0__v7_tp1.2/denoised_00014.wav",
            "synthesize_phoneme_seq": [],
            "speaker_verification_score": 0.09285704791545868
        },
        {
            "reference_wav_path": "/blob/v-zeqianju/dataset/tts/v3_gt/00007.wav",
            "synthesized_wav_path": "/blob/v-zeqianju/code/tts/fs2_fromyc/mm_lm_nat/checkpoints/kai_srfixbug/product_5w_v1.1big_segnoref_query8_small-new_refenc_dmu_0_dwn_0_dmelw_1_dnoisew_1_vqweight_0.1_vq_dist_weight_0_dila_2_pe_scale_1/generated_0__v7_tp1.2/denoised_00007.wav",
            "synthesize_phoneme_seq": [],
            "speaker_verification_score": 0.3055418133735657
        },
        {
            "reference_wav_path": "/blob/v-zeqianju/dataset/tts/v3_gt/00016.wav",
            "synthesized_wav_path": "/blob/v-zeqianju/code/tts/fs2_fromyc/mm_lm_nat/checkpoints/kai_srfixbug/product_5w_v1.1big_segnoref_query8_small-new_refenc_dmu_0_dwn_0_dmelw_1_dnoisew_1_vqweight_0.1_vq_dist_weight_0_dila_2_pe_scale_1/generated_0__v7_tp1.2/denoised_00016.wav",
            "synthesize_phoneme_seq": [],
            "speaker_verification_score": 0.21140286326408386
        },
        {
            "reference_wav_path": "/blob/v-zeqianju/dataset/tts/v3_gt/00004.wav",
            "synthesized_wav_path": "/blob/v-zeqianju/code/tts/fs2_fromyc/mm_lm_nat/checkpoints/kai_srfixbug/product_5w_v1.1big_segnoref_query8_small-new_refenc_dmu_0_dwn_0_dmelw_1_dnoisew_1_vqweight_0.1_vq_dist_weight_0_dila_2_pe_scale_1/generated_0__v7_tp1.2/denoised_00004.wav",
            "synthesize_phoneme_seq": [],
            "speaker_verification_score": 0.2935636043548584
        },
        {
            "reference_wav_path": "/blob/v-zeqianju/dataset/tts/v3_gt/00001.wav",
            "synthesized_wav_path": "/blob/v-zeqianju/code/tts/fs2_fromyc/mm_lm_nat/checkpoints/kai_srfixbug/product_5w_v1.1big_segnoref_query8_small-new_refenc_dmu_0_dwn_0_dmelw_1_dnoisew_1_vqweight_0.1_vq_dist_weight_0_dila_2_pe_scale_1/generated_0__v7_tp1.2/denoised_00001.wav",
            "synthesize_phoneme_seq": [],
            "speaker_verification_score": 0.4816250801086426
        },
        {
            "reference_wav_path": "/blob/v-zeqianju/dataset/tts/v3_gt/00006.wav",
            "synthesized_wav_path": "/blob/v-zeqianju/code/tts/fs2_fromyc/mm_lm_nat/checkpoints/kai_srfixbug/product_5w_v1.1big_segnoref_query8_small-new_refenc_dmu_0_dwn_0_dmelw_1_dnoisew_1_vqweight_0.1_vq_dist_weight_0_dila_2_pe_scale_1/generated_0__v7_tp1.2/denoised_00006.wav",
            "synthesize_phoneme_seq": [],
            "speaker_verification_score": 0.46355462074279785
        },
        {
            "reference_wav_path": "/blob/v-zeqianju/dataset/tts/v3_gt/00008.wav",
            "synthesized_wav_path": "/blob/v-zeqianju/code/tts/fs2_fromyc/mm_lm_nat/checkpoints/kai_srfixbug/product_5w_v1.1big_segnoref_query8_small-new_refenc_dmu_0_dwn_0_dmelw_1_dnoisew_1_vqweight_0.1_vq_dist_weight_0_dila_2_pe_scale_1/generated_0__v7_tp1.2/denoised_00008.wav",
            "synthesize_phoneme_seq": [],
            "speaker_verification_score": 0.5621907711029053
        },
        {
            "reference_wav_path": "/blob/v-zeqianju/dataset/tts/v3_gt/00011.wav",
            "synthesized_wav_path": "/blob/v-zeqianju/code/tts/fs2_fromyc/mm_lm_nat/checkpoints/kai_srfixbug/product_5w_v1.1big_segnoref_query8_small-new_refenc_dmu_0_dwn_0_dmelw_1_dnoisew_1_vqweight_0.1_vq_dist_weight_0_dila_2_pe_scale_1/generated_0__v7_tp1.2/denoised_00011.wav",
            "synthesize_phoneme_seq": [],
            "speaker_verification_score": 0.3324229121208191
        },
        {
            "reference_wav_path": "/blob/v-zeqianju/dataset/tts/v3_gt/00012.wav",
            "synthesized_wav_path": "/blob/v-zeqianju/code/tts/fs2_fromyc/mm_lm_nat/checkpoints/kai_srfixbug/product_5w_v1.1big_segnoref_query8_small-new_refenc_dmu_0_dwn_0_dmelw_1_dnoisew_1_vqweight_0.1_vq_dist_weight_0_dila_2_pe_scale_1/generated_0__v7_tp1.2/denoised_00012.wav",
            "synthesize_phoneme_seq": [],
            "speaker_verification_score": 0.1899879276752472
        },
        {
            "reference_wav_path": "/blob/v-zeqianju/dataset/tts/v3_gt/00015.wav",
            "synthesized_wav_path": "/blob/v-zeqianju/code/tts/fs2_fromyc/mm_lm_nat/checkpoints/kai_srfixbug/product_5w_v1.1big_segnoref_query8_small-new_refenc_dmu_0_dwn_0_dmelw_1_dnoisew_1_vqweight_0.1_vq_dist_weight_0_dila_2_pe_scale_1/generated_0__v7_tp1.2/denoised_00015.wav",
            "synthesize_phoneme_seq": [],
            "speaker_verification_score": 0.28481486439704895
        },
        {
            "reference_wav_path": "/blob/v-zeqianju/dataset/tts/v3_gt/00013.wav",
            "synthesized_wav_path": "/blob/v-zeqianju/code/tts/fs2_fromyc/mm_lm_nat/checkpoints/kai_srfixbug/product_5w_v1.1big_segnoref_query8_small-new_refenc_dmu_0_dwn_0_dmelw_1_dnoisew_1_vqweight_0.1_vq_dist_weight_0_dila_2_pe_scale_1/generated_0__v7_tp1.2/denoised_00013.wav",
            "synthesize_phoneme_seq": [],
            "speaker_verification_score": 0.25462600588798523
        },
        {
            "reference_wav_path": "/blob/v-zeqianju/dataset/tts/v3_gt/00010.wav",
            "synthesized_wav_path": "/blob/v-zeqianju/code/tts/fs2_fromyc/mm_lm_nat/checkpoints/kai_srfixbug/product_5w_v1.1big_segnoref_query8_small-new_refenc_dmu_0_dwn_0_dmelw_1_dnoisew_1_vqweight_0.1_vq_dist_weight_0_dila_2_pe_scale_1/generated_0__v7_tp1.2/denoised_00010.wav",
            "synthesize_phoneme_seq": [],
            "speaker_verification_score": 0.25834473967552185
        },
        {
            "reference_wav_path": "/blob/v-zeqianju/dataset/tts/v3_gt/00003.wav",
            "synthesized_wav_path": "/blob/v-zeqianju/code/tts/fs2_fromyc/mm_lm_nat/checkpoints/kai_srfixbug/product_5w_v1.1big_segnoref_query8_small-new_refenc_dmu_0_dwn_0_dmelw_1_dnoisew_1_vqweight_0.1_vq_dist_weight_0_dila_2_pe_scale_1/generated_0__v7_tp1.2/denoised_00003.wav",
            "synthesize_phoneme_seq": [],
            "speaker_verification_score": 0.15721222758293152
        },
        {
            "reference_wav_path": "/blob/v-zeqianju/dataset/tts/v3_gt/00009.wav",
            "synthesized_wav_path": "/blob/v-zeqianju/code/tts/fs2_fromyc/mm_lm_nat/checkpoints/kai_srfixbug/product_5w_v1.1big_segnoref_query8_small-new_refenc_dmu_0_dwn_0_dmelw_1_dnoisew_1_vqweight_0.1_vq_dist_weight_0_dila_2_pe_scale_1/generated_0__v7_tp1.2/denoised_00009.wav",
            "synthesize_phoneme_seq": [],
            "speaker_verification_score": 0.2799217700958252
        },
        {
            "reference_wav_path": "/blob/v-zeqianju/dataset/tts/v3_gt/00005.wav",
            "synthesized_wav_path": "/blob/v-zeqianju/code/tts/fs2_fromyc/mm_lm_nat/checkpoints/kai_srfixbug/product_5w_v1.1big_segnoref_query8_small-new_refenc_dmu_0_dwn_0_dmelw_1_dnoisew_1_vqweight_0.1_vq_dist_weight_0_dila_2_pe_scale_1/generated_0__v7_tp1.2/denoised_00005.wav",
            "synthesize_phoneme_seq": [],
            "speaker_verification_score": 0.35953667759895325
        }
    ],
    "mean_speaker_verification_score": 0.2991692991927266
}