{
    "dataset": "v3",
    "test_cases": [
        {
            "reference_wav_path": "/blob/v-zeqianju/dataset/tts/v3/00001.wav",
            "synthesized_wav_path": "/blob/v-zeqianju/code/tts/fs2_fromyc/mm_lm_nat/checkpoints/kai_srfixbug/product_5w_v1.1big_segnoref_per4_new-clnpooling_refenc_dmu_0_dwn_0_dmelw_1_dnoisew_1_vqweight_0.1_vq_dist_weight_0_dila_2_pe_scale_1/generated_0__v3_tp1.0/denoised_00001.wav",
            "synthesize_phoneme_seq": [],
            "speaker_verification_score": 0.5384871959686279
        },
        {
            "reference_wav_path": "/blob/v-zeqianju/dataset/tts/v3/00002.wav",
            "synthesized_wav_path": "/blob/v-zeqianju/code/tts/fs2_fromyc/mm_lm_nat/checkpoints/kai_srfixbug/product_5w_v1.1big_segnoref_per4_new-clnpooling_refenc_dmu_0_dwn_0_dmelw_1_dnoisew_1_vqweight_0.1_vq_dist_weight_0_dila_2_pe_scale_1/generated_0__v3_tp1.0/denoised_00002.wav",
            "synthesize_phoneme_seq": [],
            "speaker_verification_score": 0.39136916399002075
        },
        {
            "reference_wav_path": "/blob/v-zeqianju/dataset/tts/v3/00003.wav",
            "synthesized_wav_path": "/blob/v-zeqianju/code/tts/fs2_fromyc/mm_lm_nat/checkpoints/kai_srfixbug/product_5w_v1.1big_segnoref_per4_new-clnpooling_refenc_dmu_0_dwn_0_dmelw_1_dnoisew_1_vqweight_0.1_vq_dist_weight_0_dila_2_pe_scale_1/generated_0__v3_tp1.0/denoised_00003.wav",
            "synthesize_phoneme_seq": [],
            "speaker_verification_score": 0.26766425371170044
        },
        {
            "reference_wav_path": "/blob/v-zeqianju/dataset/tts/v3/00004.wav",
            "synthesized_wav_path": "/blob/v-zeqianju/code/tts/fs2_fromyc/mm_lm_nat/checkpoints/kai_srfixbug/product_5w_v1.1big_segnoref_per4_new-clnpooling_refenc_dmu_0_dwn_0_dmelw_1_dnoisew_1_vqweight_0.1_vq_dist_weight_0_dila_2_pe_scale_1/generated_0__v3_tp1.0/denoised_00004.wav",
            "synthesize_phoneme_seq": [],
            "speaker_verification_score": 0.36332452297210693
        },
        {
            "reference_wav_path": "/blob/v-zeqianju/dataset/tts/v3/00005.wav",
            "synthesized_wav_path": "/blob/v-zeqianju/code/tts/fs2_fromyc/mm_lm_nat/checkpoints/kai_srfixbug/product_5w_v1.1big_segnoref_per4_new-clnpooling_refenc_dmu_0_dwn_0_dmelw_1_dnoisew_1_vqweight_0.1_vq_dist_weight_0_dila_2_pe_scale_1/generated_0__v3_tp1.0/denoised_00005.wav",
            "synthesize_phoneme_seq": [],
            "speaker_verification_score": 0.5342510342597961
        },
        {
            "reference_wav_path": "/blob/v-zeqianju/dataset/tts/v3/00006.wav",
            "synthesized_wav_path": "/blob/v-zeqianju/code/tts/fs2_fromyc/mm_lm_nat/checkpoints/kai_srfixbug/product_5w_v1.1big_segnoref_per4_new-clnpooling_refenc_dmu_0_dwn_0_dmelw_1_dnoisew_1_vqweight_0.1_vq_dist_weight_0_dila_2_pe_scale_1/generated_0__v3_tp1.0/denoised_00006.wav",
            "synthesize_phoneme_seq": [],
            "speaker_verification_score": 0.6592444181442261
        },
        {
            "reference_wav_path": "/blob/v-zeqianju/dataset/tts/v3/00007.wav",
            "synthesized_wav_path": "/blob/v-zeqianju/code/tts/fs2_fromyc/mm_lm_nat/checkpoints/kai_srfixbug/product_5w_v1.1big_segnoref_per4_new-clnpooling_refenc_dmu_0_dwn_0_dmelw_1_dnoisew_1_vqweight_0.1_vq_dist_weight_0_dila_2_pe_scale_1/generated_0__v3_tp1.0/denoised_00007.wav",
            "synthesize_phoneme_seq": [],
            "speaker_verification_score": 0.5561078786849976
        },
        {
            "reference_wav_path": "/blob/v-zeqianju/dataset/tts/v3/00008.wav",
            "synthesized_wav_path": "/blob/v-zeqianju/code/tts/fs2_fromyc/mm_lm_nat/checkpoints/kai_srfixbug/product_5w_v1.1big_segnoref_per4_new-clnpooling_refenc_dmu_0_dwn_0_dmelw_1_dnoisew_1_vqweight_0.1_vq_dist_weight_0_dila_2_pe_scale_1/generated_0__v3_tp1.0/denoised_00008.wav",
            "synthesize_phoneme_seq": [],
            "speaker_verification_score": 0.6169224977493286
        },
        {
            "reference_wav_path": "/blob/v-zeqianju/dataset/tts/v3/00009.wav",
            "synthesized_wav_path": "/blob/v-zeqianju/code/tts/fs2_fromyc/mm_lm_nat/checkpoints/kai_srfixbug/product_5w_v1.1big_segnoref_per4_new-clnpooling_refenc_dmu_0_dwn_0_dmelw_1_dnoisew_1_vqweight_0.1_vq_dist_weight_0_dila_2_pe_scale_1/generated_0__v3_tp1.0/denoised_00009.wav",
            "synthesize_phoneme_seq": [],
            "speaker_verification_score": 0.03888527303934097
        },
        {
            "reference_wav_path": "/blob/v-zeqianju/dataset/tts/v3/00010.wav",
            "synthesized_wav_path": "/blob/v-zeqianju/code/tts/fs2_fromyc/mm_lm_nat/checkpoints/kai_srfixbug/product_5w_v1.1big_segnoref_per4_new-clnpooling_refenc_dmu_0_dwn_0_dmelw_1_dnoisew_1_vqweight_0.1_vq_dist_weight_0_dila_2_pe_scale_1/generated_0__v3_tp1.0/denoised_00010.wav",
            "synthesize_phoneme_seq": [],
            "speaker_verification_score": 0.2976560592651367
        },
        {
            "reference_wav_path": "/blob/v-zeqianju/dataset/tts/v3/00011.wav",
            "synthesized_wav_path": "/blob/v-zeqianju/code/tts/fs2_fromyc/mm_lm_nat/checkpoints/kai_srfixbug/product_5w_v1.1big_segnoref_per4_new-clnpooling_refenc_dmu_0_dwn_0_dmelw_1_dnoisew_1_vqweight_0.1_vq_dist_weight_0_dila_2_pe_scale_1/generated_0__v3_tp1.0/denoised_00011.wav",
            "synthesize_phoneme_seq": [],
            "speaker_verification_score": 0.47560232877731323
        },
        {
            "reference_wav_path": "/blob/v-zeqianju/dataset/tts/v3/00012.wav",
            "synthesized_wav_path": "/blob/v-zeqianju/code/tts/fs2_fromyc/mm_lm_nat/checkpoints/kai_srfixbug/product_5w_v1.1big_segnoref_per4_new-clnpooling_refenc_dmu_0_dwn_0_dmelw_1_dnoisew_1_vqweight_0.1_vq_dist_weight_0_dila_2_pe_scale_1/generated_0__v3_tp1.0/denoised_00012.wav",
            "synthesize_phoneme_seq": [],
            "speaker_verification_score": 0.30579835176467896
        },
        {
            "reference_wav_path": "/blob/v-zeqianju/dataset/tts/v3/00013.wav",
            "synthesized_wav_path": "/blob/v-zeqianju/code/tts/fs2_fromyc/mm_lm_nat/checkpoints/kai_srfixbug/product_5w_v1.1big_segnoref_per4_new-clnpooling_refenc_dmu_0_dwn_0_dmelw_1_dnoisew_1_vqweight_0.1_vq_dist_weight_0_dila_2_pe_scale_1/generated_0__v3_tp1.0/denoised_00013.wav",
            "synthesize_phoneme_seq": [],
            "speaker_verification_score": 0.29412034153938293
        },
        {
            "reference_wav_path": "/blob/v-zeqianju/dataset/tts/v3/00014.wav",
            "synthesized_wav_path": "/blob/v-zeqianju/code/tts/fs2_fromyc/mm_lm_nat/checkpoints/kai_srfixbug/product_5w_v1.1big_segnoref_per4_new-clnpooling_refenc_dmu_0_dwn_0_dmelw_1_dnoisew_1_vqweight_0.1_vq_dist_weight_0_dila_2_pe_scale_1/generated_0__v3_tp1.0/denoised_00014.wav",
            "synthesize_phoneme_seq": [],
            "speaker_verification_score": 0.2812776267528534
        },
        {
            "reference_wav_path": "/blob/v-zeqianju/dataset/tts/v3/00015.wav",
            "synthesized_wav_path": "/blob/v-zeqianju/code/tts/fs2_fromyc/mm_lm_nat/checkpoints/kai_srfixbug/product_5w_v1.1big_segnoref_per4_new-clnpooling_refenc_dmu_0_dwn_0_dmelw_1_dnoisew_1_vqweight_0.1_vq_dist_weight_0_dila_2_pe_scale_1/generated_0__v3_tp1.0/denoised_00015.wav",
            "synthesize_phoneme_seq": [],
            "speaker_verification_score": 0.3219342827796936
        },
        {
            "reference_wav_path": "/blob/v-zeqianju/dataset/tts/v3/00016.wav",
            "synthesized_wav_path": "/blob/v-zeqianju/code/tts/fs2_fromyc/mm_lm_nat/checkpoints/kai_srfixbug/product_5w_v1.1big_segnoref_per4_new-clnpooling_refenc_dmu_0_dwn_0_dmelw_1_dnoisew_1_vqweight_0.1_vq_dist_weight_0_dila_2_pe_scale_1/generated_0__v3_tp1.0/denoised_00016.wav",
            "synthesize_phoneme_seq": [],
            "speaker_verification_score": 0.3518785536289215
        },
        {
            "reference_wav_path": "/blob/v-zeqianju/dataset/tts/v3/00017.wav",
            "synthesized_wav_path": "/blob/v-zeqianju/code/tts/fs2_fromyc/mm_lm_nat/checkpoints/kai_srfixbug/product_5w_v1.1big_segnoref_per4_new-clnpooling_refenc_dmu_0_dwn_0_dmelw_1_dnoisew_1_vqweight_0.1_vq_dist_weight_0_dila_2_pe_scale_1/generated_0__v3_tp1.0/denoised_00017.wav",
            "synthesize_phoneme_seq": [],
            "speaker_verification_score": 0.16667714715003967
        },
        {
            "reference_wav_path": "/blob/v-zeqianju/dataset/tts/v3/00018.wav",
            "synthesized_wav_path": "/blob/v-zeqianju/code/tts/fs2_fromyc/mm_lm_nat/checkpoints/kai_srfixbug/product_5w_v1.1big_segnoref_per4_new-clnpooling_refenc_dmu_0_dwn_0_dmelw_1_dnoisew_1_vqweight_0.1_vq_dist_weight_0_dila_2_pe_scale_1/generated_0__v3_tp1.0/denoised_00018.wav",
            "synthesize_phoneme_seq": [],
            "speaker_verification_score": 0.16257140040397644
        },
        {
            "reference_wav_path": "/blob/v-zeqianju/dataset/tts/v3/00019.wav",
            "synthesized_wav_path": "/blob/v-zeqianju/code/tts/fs2_fromyc/mm_lm_nat/checkpoints/kai_srfixbug/product_5w_v1.1big_segnoref_per4_new-clnpooling_refenc_dmu_0_dwn_0_dmelw_1_dnoisew_1_vqweight_0.1_vq_dist_weight_0_dila_2_pe_scale_1/generated_0__v3_tp1.0/denoised_00019.wav",
            "synthesize_phoneme_seq": [],
            "speaker_verification_score": 0.14468246698379517
        },
        {
            "reference_wav_path": "/blob/v-zeqianju/dataset/tts/v3/00020.wav",
            "synthesized_wav_path": "/blob/v-zeqianju/code/tts/fs2_fromyc/mm_lm_nat/checkpoints/kai_srfixbug/product_5w_v1.1big_segnoref_per4_new-clnpooling_refenc_dmu_0_dwn_0_dmelw_1_dnoisew_1_vqweight_0.1_vq_dist_weight_0_dila_2_pe_scale_1/generated_0__v3_tp1.0/denoised_00020.wav",
            "synthesize_phoneme_seq": [],
            "speaker_verification_score": 0.12402820587158203
        },
        {
            "reference_wav_path": "/blob/v-zeqianju/dataset/tts/v3/00021.wav",
            "synthesized_wav_path": "/blob/v-zeqianju/code/tts/fs2_fromyc/mm_lm_nat/checkpoints/kai_srfixbug/product_5w_v1.1big_segnoref_per4_new-clnpooling_refenc_dmu_0_dwn_0_dmelw_1_dnoisew_1_vqweight_0.1_vq_dist_weight_0_dila_2_pe_scale_1/generated_0__v3_tp1.0/denoised_00021.wav",
            "synthesize_phoneme_seq": [],
            "speaker_verification_score": 0.35601967573165894
        },
        {
            "reference_wav_path": "/blob/v-zeqianju/dataset/tts/v3/00022.wav",
            "synthesized_wav_path": "/blob/v-zeqianju/code/tts/fs2_fromyc/mm_lm_nat/checkpoints/kai_srfixbug/product_5w_v1.1big_segnoref_per4_new-clnpooling_refenc_dmu_0_dwn_0_dmelw_1_dnoisew_1_vqweight_0.1_vq_dist_weight_0_dila_2_pe_scale_1/generated_0__v3_tp1.0/denoised_00022.wav",
            "synthesize_phoneme_seq": [],
            "speaker_verification_score": 0.32217010855674744
        },
        {
            "reference_wav_path": "/blob/v-zeqianju/dataset/tts/v3/00023.wav",
            "synthesized_wav_path": "/blob/v-zeqianju/code/tts/fs2_fromyc/mm_lm_nat/checkpoints/kai_srfixbug/product_5w_v1.1big_segnoref_per4_new-clnpooling_refenc_dmu_0_dwn_0_dmelw_1_dnoisew_1_vqweight_0.1_vq_dist_weight_0_dila_2_pe_scale_1/generated_0__v3_tp1.0/denoised_00023.wav",
            "synthesize_phoneme_seq": [],
            "speaker_verification_score": 0.38335689902305603
        },
        {
            "reference_wav_path": "/blob/v-zeqianju/dataset/tts/v3/00024.wav",
            "synthesized_wav_path": "/blob/v-zeqianju/code/tts/fs2_fromyc/mm_lm_nat/checkpoints/kai_srfixbug/product_5w_v1.1big_segnoref_per4_new-clnpooling_refenc_dmu_0_dwn_0_dmelw_1_dnoisew_1_vqweight_0.1_vq_dist_weight_0_dila_2_pe_scale_1/generated_0__v3_tp1.0/denoised_00024.wav",
            "synthesize_phoneme_seq": [],
            "speaker_verification_score": 0.18283693492412567
        },
        {
            "reference_wav_path": "/blob/v-zeqianju/dataset/tts/v3/00025.wav",
            "synthesized_wav_path": "/blob/v-zeqianju/code/tts/fs2_fromyc/mm_lm_nat/checkpoints/kai_srfixbug/product_5w_v1.1big_segnoref_per4_new-clnpooling_refenc_dmu_0_dwn_0_dmelw_1_dnoisew_1_vqweight_0.1_vq_dist_weight_0_dila_2_pe_scale_1/generated_0__v3_tp1.0/denoised_00025.wav",
            "synthesize_phoneme_seq": [],
            "speaker_verification_score": 0.3236885964870453
        },
        {
            "reference_wav_path": "/blob/v-zeqianju/dataset/tts/v3/00026.wav",
            "synthesized_wav_path": "/blob/v-zeqianju/code/tts/fs2_fromyc/mm_lm_nat/checkpoints/kai_srfixbug/product_5w_v1.1big_segnoref_per4_new-clnpooling_refenc_dmu_0_dwn_0_dmelw_1_dnoisew_1_vqweight_0.1_vq_dist_weight_0_dila_2_pe_scale_1/generated_0__v3_tp1.0/denoised_00026.wav",
            "synthesize_phoneme_seq": [],
            "speaker_verification_score": 0.1759112924337387
        },
        {
            "reference_wav_path": "/blob/v-zeqianju/dataset/tts/v3/00027.wav",
            "synthesized_wav_path": "/blob/v-zeqianju/code/tts/fs2_fromyc/mm_lm_nat/checkpoints/kai_srfixbug/product_5w_v1.1big_segnoref_per4_new-clnpooling_refenc_dmu_0_dwn_0_dmelw_1_dnoisew_1_vqweight_0.1_vq_dist_weight_0_dila_2_pe_scale_1/generated_0__v3_tp1.0/denoised_00027.wav",
            "synthesize_phoneme_seq": [],
            "speaker_verification_score": 0.23366771638393402
        },
        {
            "reference_wav_path": "/blob/v-zeqianju/dataset/tts/v3/00028.wav",
            "synthesized_wav_path": "/blob/v-zeqianju/code/tts/fs2_fromyc/mm_lm_nat/checkpoints/kai_srfixbug/product_5w_v1.1big_segnoref_per4_new-clnpooling_refenc_dmu_0_dwn_0_dmelw_1_dnoisew_1_vqweight_0.1_vq_dist_weight_0_dila_2_pe_scale_1/generated_0__v3_tp1.0/denoised_00028.wav",
            "synthesize_phoneme_seq": [],
            "speaker_verification_score": 0.1640160083770752
        },
        {
            "reference_wav_path": "/blob/v-zeqianju/dataset/tts/v3/00029.wav",
            "synthesized_wav_path": "/blob/v-zeqianju/code/tts/fs2_fromyc/mm_lm_nat/checkpoints/kai_srfixbug/product_5w_v1.1big_segnoref_per4_new-clnpooling_refenc_dmu_0_dwn_0_dmelw_1_dnoisew_1_vqweight_0.1_vq_dist_weight_0_dila_2_pe_scale_1/generated_0__v3_tp1.0/denoised_00029.wav",
            "synthesize_phoneme_seq": [],
            "speaker_verification_score": 0.2755846381187439
        },
        {
            "reference_wav_path": "/blob/v-zeqianju/dataset/tts/v3/00030.wav",
            "synthesized_wav_path": "/blob/v-zeqianju/code/tts/fs2_fromyc/mm_lm_nat/checkpoints/kai_srfixbug/product_5w_v1.1big_segnoref_per4_new-clnpooling_refenc_dmu_0_dwn_0_dmelw_1_dnoisew_1_vqweight_0.1_vq_dist_weight_0_dila_2_pe_scale_1/generated_0__v3_tp1.0/denoised_00030.wav",
            "synthesize_phoneme_seq": [],
            "speaker_verification_score": 0.36982762813568115
        },
        {
            "reference_wav_path": "/blob/v-zeqianju/dataset/tts/v3/00031.wav",
            "synthesized_wav_path": "/blob/v-zeqianju/code/tts/fs2_fromyc/mm_lm_nat/checkpoints/kai_srfixbug/product_5w_v1.1big_segnoref_per4_new-clnpooling_refenc_dmu_0_dwn_0_dmelw_1_dnoisew_1_vqweight_0.1_vq_dist_weight_0_dila_2_pe_scale_1/generated_0__v3_tp1.0/denoised_00031.wav",
            "synthesize_phoneme_seq": [],
            "speaker_verification_score": 0.467570424079895
        },
        {
            "reference_wav_path": "/blob/v-zeqianju/dataset/tts/v3/00032.wav",
            "synthesized_wav_path": "/blob/v-zeqianju/code/tts/fs2_fromyc/mm_lm_nat/checkpoints/kai_srfixbug/product_5w_v1.1big_segnoref_per4_new-clnpooling_refenc_dmu_0_dwn_0_dmelw_1_dnoisew_1_vqweight_0.1_vq_dist_weight_0_dila_2_pe_scale_1/generated_0__v3_tp1.0/denoised_00032.wav",
            "synthesize_phoneme_seq": [],
            "speaker_verification_score": 0.4360197186470032
        },
        {
            "reference_wav_path": "/blob/v-zeqianju/dataset/tts/v3/00033.wav",
            "synthesized_wav_path": "/blob/v-zeqianju/code/tts/fs2_fromyc/mm_lm_nat/checkpoints/kai_srfixbug/product_5w_v1.1big_segnoref_per4_new-clnpooling_refenc_dmu_0_dwn_0_dmelw_1_dnoisew_1_vqweight_0.1_vq_dist_weight_0_dila_2_pe_scale_1/generated_0__v3_tp1.0/denoised_00033.wav",
            "synthesize_phoneme_seq": [],
            "speaker_verification_score": 0.4309147596359253
        },
        {
            "reference_wav_path": "/blob/v-zeqianju/dataset/tts/v3/00034.wav",
            "synthesized_wav_path": "/blob/v-zeqianju/code/tts/fs2_fromyc/mm_lm_nat/checkpoints/kai_srfixbug/product_5w_v1.1big_segnoref_per4_new-clnpooling_refenc_dmu_0_dwn_0_dmelw_1_dnoisew_1_vqweight_0.1_vq_dist_weight_0_dila_2_pe_scale_1/generated_0__v3_tp1.0/denoised_00034.wav",
            "synthesize_phoneme_seq": [],
            "speaker_verification_score": 0.5884765386581421
        },
        {
            "reference_wav_path": "/blob/v-zeqianju/dataset/tts/v3/00035.wav",
            "synthesized_wav_path": "/blob/v-zeqianju/code/tts/fs2_fromyc/mm_lm_nat/checkpoints/kai_srfixbug/product_5w_v1.1big_segnoref_per4_new-clnpooling_refenc_dmu_0_dwn_0_dmelw_1_dnoisew_1_vqweight_0.1_vq_dist_weight_0_dila_2_pe_scale_1/generated_0__v3_tp1.0/denoised_00035.wav",
            "synthesize_phoneme_seq": [],
            "speaker_verification_score": 0.46574825048446655
        },
        {
            "reference_wav_path": "/blob/v-zeqianju/dataset/tts/v3/00036.wav",
            "synthesized_wav_path": "/blob/v-zeqianju/code/tts/fs2_fromyc/mm_lm_nat/checkpoints/kai_srfixbug/product_5w_v1.1big_segnoref_per4_new-clnpooling_refenc_dmu_0_dwn_0_dmelw_1_dnoisew_1_vqweight_0.1_vq_dist_weight_0_dila_2_pe_scale_1/generated_0__v3_tp1.0/denoised_00036.wav",
            "synthesize_phoneme_seq": [],
            "speaker_verification_score": 0.28366509079933167
        },
        {
            "reference_wav_path": "/blob/v-zeqianju/dataset/tts/v3/00037.wav",
            "synthesized_wav_path": "/blob/v-zeqianju/code/tts/fs2_fromyc/mm_lm_nat/checkpoints/kai_srfixbug/product_5w_v1.1big_segnoref_per4_new-clnpooling_refenc_dmu_0_dwn_0_dmelw_1_dnoisew_1_vqweight_0.1_vq_dist_weight_0_dila_2_pe_scale_1/generated_0__v3_tp1.0/denoised_00037.wav",
            "synthesize_phoneme_seq": [],
            "speaker_verification_score": 0.40008965134620667
        },
        {
            "reference_wav_path": "/blob/v-zeqianju/dataset/tts/v3/00038.wav",
            "synthesized_wav_path": "/blob/v-zeqianju/code/tts/fs2_fromyc/mm_lm_nat/checkpoints/kai_srfixbug/product_5w_v1.1big_segnoref_per4_new-clnpooling_refenc_dmu_0_dwn_0_dmelw_1_dnoisew_1_vqweight_0.1_vq_dist_weight_0_dila_2_pe_scale_1/generated_0__v3_tp1.0/denoised_00038.wav",
            "synthesize_phoneme_seq": [],
            "speaker_verification_score": 0.18926410377025604
        },
        {
            "reference_wav_path": "/blob/v-zeqianju/dataset/tts/v3/00039.wav",
            "synthesized_wav_path": "/blob/v-zeqianju/code/tts/fs2_fromyc/mm_lm_nat/checkpoints/kai_srfixbug/product_5w_v1.1big_segnoref_per4_new-clnpooling_refenc_dmu_0_dwn_0_dmelw_1_dnoisew_1_vqweight_0.1_vq_dist_weight_0_dila_2_pe_scale_1/generated_0__v3_tp1.0/denoised_00039.wav",
            "synthesize_phoneme_seq": [],
            "speaker_verification_score": 0.5048890113830566
        },
        {
            "reference_wav_path": "/blob/v-zeqianju/dataset/tts/v3/00040.wav",
            "synthesized_wav_path": "/blob/v-zeqianju/code/tts/fs2_fromyc/mm_lm_nat/checkpoints/kai_srfixbug/product_5w_v1.1big_segnoref_per4_new-clnpooling_refenc_dmu_0_dwn_0_dmelw_1_dnoisew_1_vqweight_0.1_vq_dist_weight_0_dila_2_pe_scale_1/generated_0__v3_tp1.0/denoised_00040.wav",
            "synthesize_phoneme_seq": [],
            "speaker_verification_score": 0.24356214702129364
        },
        {
            "reference_wav_path": "/blob/v-zeqianju/dataset/tts/v3/00041.wav",
            "synthesized_wav_path": "/blob/v-zeqianju/code/tts/fs2_fromyc/mm_lm_nat/checkpoints/kai_srfixbug/product_5w_v1.1big_segnoref_per4_new-clnpooling_refenc_dmu_0_dwn_0_dmelw_1_dnoisew_1_vqweight_0.1_vq_dist_weight_0_dila_2_pe_scale_1/generated_0__v3_tp1.0/denoised_00041.wav",
            "synthesize_phoneme_seq": [],
            "speaker_verification_score": 0.5699512362480164
        },
        {
            "reference_wav_path": "/blob/v-zeqianju/dataset/tts/v3/00042.wav",
            "synthesized_wav_path": "/blob/v-zeqianju/code/tts/fs2_fromyc/mm_lm_nat/checkpoints/kai_srfixbug/product_5w_v1.1big_segnoref_per4_new-clnpooling_refenc_dmu_0_dwn_0_dmelw_1_dnoisew_1_vqweight_0.1_vq_dist_weight_0_dila_2_pe_scale_1/generated_0__v3_tp1.0/denoised_00042.wav",
            "synthesize_phoneme_seq": [],
            "speaker_verification_score": 0.47172313928604126
        },
        {
            "reference_wav_path": "/blob/v-zeqianju/dataset/tts/v3/00043.wav",
            "synthesized_wav_path": "/blob/v-zeqianju/code/tts/fs2_fromyc/mm_lm_nat/checkpoints/kai_srfixbug/product_5w_v1.1big_segnoref_per4_new-clnpooling_refenc_dmu_0_dwn_0_dmelw_1_dnoisew_1_vqweight_0.1_vq_dist_weight_0_dila_2_pe_scale_1/generated_0__v3_tp1.0/denoised_00043.wav",
            "synthesize_phoneme_seq": [],
            "speaker_verification_score": 0.33346107602119446
        },
        {
            "reference_wav_path": "/blob/v-zeqianju/dataset/tts/v3/00044.wav",
            "synthesized_wav_path": "/blob/v-zeqianju/code/tts/fs2_fromyc/mm_lm_nat/checkpoints/kai_srfixbug/product_5w_v1.1big_segnoref_per4_new-clnpooling_refenc_dmu_0_dwn_0_dmelw_1_dnoisew_1_vqweight_0.1_vq_dist_weight_0_dila_2_pe_scale_1/generated_0__v3_tp1.0/denoised_00044.wav",
            "synthesize_phoneme_seq": [],
            "speaker_verification_score": 0.5619306564331055
        },
        {
            "reference_wav_path": "/blob/v-zeqianju/dataset/tts/v3/00045.wav",
            "synthesized_wav_path": "/blob/v-zeqianju/code/tts/fs2_fromyc/mm_lm_nat/checkpoints/kai_srfixbug/product_5w_v1.1big_segnoref_per4_new-clnpooling_refenc_dmu_0_dwn_0_dmelw_1_dnoisew_1_vqweight_0.1_vq_dist_weight_0_dila_2_pe_scale_1/generated_0__v3_tp1.0/denoised_00045.wav",
            "synthesize_phoneme_seq": [],
            "speaker_verification_score": 0.33742496371269226
        },
        {
            "reference_wav_path": "/blob/v-zeqianju/dataset/tts/v3/00046.wav",
            "synthesized_wav_path": "/blob/v-zeqianju/code/tts/fs2_fromyc/mm_lm_nat/checkpoints/kai_srfixbug/product_5w_v1.1big_segnoref_per4_new-clnpooling_refenc_dmu_0_dwn_0_dmelw_1_dnoisew_1_vqweight_0.1_vq_dist_weight_0_dila_2_pe_scale_1/generated_0__v3_tp1.0/denoised_00046.wav",
            "synthesize_phoneme_seq": [],
            "speaker_verification_score": 0.46459126472473145
        },
        {
            "reference_wav_path": "/blob/v-zeqianju/dataset/tts/v3/00047.wav",
            "synthesized_wav_path": "/blob/v-zeqianju/code/tts/fs2_fromyc/mm_lm_nat/checkpoints/kai_srfixbug/product_5w_v1.1big_segnoref_per4_new-clnpooling_refenc_dmu_0_dwn_0_dmelw_1_dnoisew_1_vqweight_0.1_vq_dist_weight_0_dila_2_pe_scale_1/generated_0__v3_tp1.0/denoised_00047.wav",
            "synthesize_phoneme_seq": [],
            "speaker_verification_score": 0.4817560911178589
        },
        {
            "reference_wav_path": "/blob/v-zeqianju/dataset/tts/v3/00048.wav",
            "synthesized_wav_path": "/blob/v-zeqianju/code/tts/fs2_fromyc/mm_lm_nat/checkpoints/kai_srfixbug/product_5w_v1.1big_segnoref_per4_new-clnpooling_refenc_dmu_0_dwn_0_dmelw_1_dnoisew_1_vqweight_0.1_vq_dist_weight_0_dila_2_pe_scale_1/generated_0__v3_tp1.0/denoised_00048.wav",
            "synthesize_phoneme_seq": [],
            "speaker_verification_score": 0.35544049739837646
        },
        {
            "reference_wav_path": "/blob/v-zeqianju/dataset/tts/v3/00049.wav",
            "synthesized_wav_path": "/blob/v-zeqianju/code/tts/fs2_fromyc/mm_lm_nat/checkpoints/kai_srfixbug/product_5w_v1.1big_segnoref_per4_new-clnpooling_refenc_dmu_0_dwn_0_dmelw_1_dnoisew_1_vqweight_0.1_vq_dist_weight_0_dila_2_pe_scale_1/generated_0__v3_tp1.0/denoised_00049.wav",
            "synthesize_phoneme_seq": [],
            "speaker_verification_score": 0.4866618514060974
        },
        {
            "reference_wav_path": "/blob/v-zeqianju/dataset/tts/v3/00050.wav",
            "synthesized_wav_path": "/blob/v-zeqianju/code/tts/fs2_fromyc/mm_lm_nat/checkpoints/kai_srfixbug/product_5w_v1.1big_segnoref_per4_new-clnpooling_refenc_dmu_0_dwn_0_dmelw_1_dnoisew_1_vqweight_0.1_vq_dist_weight_0_dila_2_pe_scale_1/generated_0__v3_tp1.0/denoised_00050.wav",
            "synthesize_phoneme_seq": [],
            "speaker_verification_score": 0.20599053800106049
        },
        {
            "reference_wav_path": "/blob/v-zeqianju/dataset/tts/v3/00051.wav",
            "synthesized_wav_path": "/blob/v-zeqianju/code/tts/fs2_fromyc/mm_lm_nat/checkpoints/kai_srfixbug/product_5w_v1.1big_segnoref_per4_new-clnpooling_refenc_dmu_0_dwn_0_dmelw_1_dnoisew_1_vqweight_0.1_vq_dist_weight_0_dila_2_pe_scale_1/generated_0__v3_tp1.0/denoised_00051.wav",
            "synthesize_phoneme_seq": [],
            "speaker_verification_score": 0.3556104302406311
        },
        {
            "reference_wav_path": "/blob/v-zeqianju/dataset/tts/v3/00052.wav",
            "synthesized_wav_path": "/blob/v-zeqianju/code/tts/fs2_fromyc/mm_lm_nat/checkpoints/kai_srfixbug/product_5w_v1.1big_segnoref_per4_new-clnpooling_refenc_dmu_0_dwn_0_dmelw_1_dnoisew_1_vqweight_0.1_vq_dist_weight_0_dila_2_pe_scale_1/generated_0__v3_tp1.0/denoised_00052.wav",
            "synthesize_phoneme_seq": [],
            "speaker_verification_score": 0.4908279478549957
        },
        {
            "reference_wav_path": "/blob/v-zeqianju/dataset/tts/v3/00053.wav",
            "synthesized_wav_path": "/blob/v-zeqianju/code/tts/fs2_fromyc/mm_lm_nat/checkpoints/kai_srfixbug/product_5w_v1.1big_segnoref_per4_new-clnpooling_refenc_dmu_0_dwn_0_dmelw_1_dnoisew_1_vqweight_0.1_vq_dist_weight_0_dila_2_pe_scale_1/generated_0__v3_tp1.0/denoised_00053.wav",
            "synthesize_phoneme_seq": [],
            "speaker_verification_score": 0.48151201009750366
        }
    ],
    "mean_speaker_verification_score": 0.3638989415090039
}