{
    "dataset": "v3_gt",
    "test_cases": [
        {
            "reference_wav_path": "/blob/v-zeqianju/dataset/tts/v3_gt/00001.wav",
            "synthesized_wav_path": "/blob/v-zeqianju/dataset/tts/v3_gt/00001.wav",
            "synthesize_phoneme_seq": [],
            "speaker_verification_score": 0.9999998807907104
        },
        {
            "reference_wav_path": "/blob/v-zeqianju/dataset/tts/v3_gt/00002.wav",
            "synthesized_wav_path": "/blob/v-zeqianju/dataset/tts/v3_gt/00002.wav",
            "synthesize_phoneme_seq": [],
            "speaker_verification_score": 1.0
        },
        {
            "reference_wav_path": "/blob/v-zeqianju/dataset/tts/v3_gt/00003.wav",
            "synthesized_wav_path": "/blob/v-zeqianju/dataset/tts/v3_gt/00003.wav",
            "synthesize_phoneme_seq": [],
            "speaker_verification_score": 1.0
        },
        {
            "reference_wav_path": "/blob/v-zeqianju/dataset/tts/v3_gt/00004.wav",
            "synthesized_wav_path": "/blob/v-zeqianju/dataset/tts/v3_gt/00004.wav",
            "synthesize_phoneme_seq": [],
            "speaker_verification_score": 1.0
        },
        {
            "reference_wav_path": "/blob/v-zeqianju/dataset/tts/v3_gt/00005.wav",
            "synthesized_wav_path": "/blob/v-zeqianju/dataset/tts/v3_gt/00005.wav",
            "synthesize_phoneme_seq": [],
            "speaker_verification_score": 1.0
        },
        {
            "reference_wav_path": "/blob/v-zeqianju/dataset/tts/v3_gt/00006.wav",
            "synthesized_wav_path": "/blob/v-zeqianju/dataset/tts/v3_gt/00006.wav",
            "synthesize_phoneme_seq": [],
            "speaker_verification_score": 1.0
        },
        {
            "reference_wav_path": "/blob/v-zeqianju/dataset/tts/v3_gt/00007.wav",
            "synthesized_wav_path": "/blob/v-zeqianju/dataset/tts/v3_gt/00007.wav",
            "synthesize_phoneme_seq": [],
            "speaker_verification_score": 1.0
        },
        {
            "reference_wav_path": "/blob/v-zeqianju/dataset/tts/v3_gt/00008.wav",
            "synthesized_wav_path": "/blob/v-zeqianju/dataset/tts/v3_gt/00008.wav",
            "synthesize_phoneme_seq": [],
            "speaker_verification_score": 1.0000001192092896
        },
        {
            "reference_wav_path": "/blob/v-zeqianju/dataset/tts/v3_gt/00009.wav",
            "synthesized_wav_path": "/blob/v-zeqianju/dataset/tts/v3_gt/00009.wav",
            "synthesize_phoneme_seq": [],
            "speaker_verification_score": 1.0
        },
        {
            "reference_wav_path": "/blob/v-zeqianju/dataset/tts/v3_gt/00010.wav",
            "synthesized_wav_path": "/blob/v-zeqianju/dataset/tts/v3_gt/00010.wav",
            "synthesize_phoneme_seq": [],
            "speaker_verification_score": 1.0
        },
        {
            "reference_wav_path": "/blob/v-zeqianju/dataset/tts/v3_gt/00011.wav",
            "synthesized_wav_path": "/blob/v-zeqianju/dataset/tts/v3_gt/00011.wav",
            "synthesize_phoneme_seq": [],
            "speaker_verification_score": 1.0
        },
        {
            "reference_wav_path": "/blob/v-zeqianju/dataset/tts/v3_gt/00012.wav",
            "synthesized_wav_path": "/blob/v-zeqianju/dataset/tts/v3_gt/00012.wav",
            "synthesize_phoneme_seq": [],
            "speaker_verification_score": 0.9999999403953552
        },
        {
            "reference_wav_path": "/blob/v-zeqianju/dataset/tts/v3_gt/00013.wav",
            "synthesized_wav_path": "/blob/v-zeqianju/dataset/tts/v3_gt/00013.wav",
            "synthesize_phoneme_seq": [],
            "speaker_verification_score": 1.0000001192092896
        },
        {
            "reference_wav_path": "/blob/v-zeqianju/dataset/tts/v3_gt/00014.wav",
            "synthesized_wav_path": "/blob/v-zeqianju/dataset/tts/v3_gt/00014.wav",
            "synthesize_phoneme_seq": [],
            "speaker_verification_score": 0.9999998807907104
        },
        {
            "reference_wav_path": "/blob/v-zeqianju/dataset/tts/v3_gt/00015.wav",
            "synthesized_wav_path": "/blob/v-zeqianju/dataset/tts/v3_gt/00015.wav",
            "synthesize_phoneme_seq": [],
            "speaker_verification_score": 1.0
        },
        {
            "reference_wav_path": "/blob/v-zeqianju/dataset/tts/v3_gt/00016.wav",
            "synthesized_wav_path": "/blob/v-zeqianju/dataset/tts/v3_gt/00016.wav",
            "synthesize_phoneme_seq": [],
            "speaker_verification_score": 1.0
        }
    ],
    "mean_speaker_verification_score": 0.9999999962747097
}