{
    "dataset": "v3_gt",
    "test_cases": [
        {
            "reference_wav_path": "/blob/v-zeqianju/dataset/tts/v3_gt/00001.wav",
            "synthesized_wav_path": "/blob/v-zeqianju/code/tts/fs2_fromyc/mm_lm_nat/checkpoints/kai_srfixbug/product_5w_v1.1big_segnoref_query8_small-cln_refenc_dmu_0_dwn_0_dmelw_1_dnoisew_1_vqweight_0.1_vq_dist_weight_0_dila_2_pe_scale_1_ref_query_tokens32/generated_0__v7_tp1.2/denoised_00001.wav",
            "synthesize_phoneme_seq": [],
            "speaker_verification_score": 0.2894836664199829
        },
        {
            "reference_wav_path": "/blob/v-zeqianju/dataset/tts/v3_gt/00002.wav",
            "synthesized_wav_path": "/blob/v-zeqianju/code/tts/fs2_fromyc/mm_lm_nat/checkpoints/kai_srfixbug/product_5w_v1.1big_segnoref_query8_small-cln_refenc_dmu_0_dwn_0_dmelw_1_dnoisew_1_vqweight_0.1_vq_dist_weight_0_dila_2_pe_scale_1_ref_query_tokens32/generated_0__v7_tp1.2/denoised_00002.wav",
            "synthesize_phoneme_seq": [],
            "speaker_verification_score": 0.164348766207695
        },
        {
            "reference_wav_path": "/blob/v-zeqianju/dataset/tts/v3_gt/00003.wav",
            "synthesized_wav_path": "/blob/v-zeqianju/code/tts/fs2_fromyc/mm_lm_nat/checkpoints/kai_srfixbug/product_5w_v1.1big_segnoref_query8_small-cln_refenc_dmu_0_dwn_0_dmelw_1_dnoisew_1_vqweight_0.1_vq_dist_weight_0_dila_2_pe_scale_1_ref_query_tokens32/generated_0__v7_tp1.2/denoised_00003.wav",
            "synthesize_phoneme_seq": [],
            "speaker_verification_score": 0.10243026912212372
        },
        {
            "reference_wav_path": "/blob/v-zeqianju/dataset/tts/v3_gt/00004.wav",
            "synthesized_wav_path": "/blob/v-zeqianju/code/tts/fs2_fromyc/mm_lm_nat/checkpoints/kai_srfixbug/product_5w_v1.1big_segnoref_query8_small-cln_refenc_dmu_0_dwn_0_dmelw_1_dnoisew_1_vqweight_0.1_vq_dist_weight_0_dila_2_pe_scale_1_ref_query_tokens32/generated_0__v7_tp1.2/denoised_00004.wav",
            "synthesize_phoneme_seq": [],
            "speaker_verification_score": 0.23887962102890015
        },
        {
            "reference_wav_path": "/blob/v-zeqianju/dataset/tts/v3_gt/00005.wav",
            "synthesized_wav_path": "/blob/v-zeqianju/code/tts/fs2_fromyc/mm_lm_nat/checkpoints/kai_srfixbug/product_5w_v1.1big_segnoref_query8_small-cln_refenc_dmu_0_dwn_0_dmelw_1_dnoisew_1_vqweight_0.1_vq_dist_weight_0_dila_2_pe_scale_1_ref_query_tokens32/generated_0__v7_tp1.2/denoised_00005.wav",
            "synthesize_phoneme_seq": [],
            "speaker_verification_score": 0.4391699433326721
        },
        {
            "reference_wav_path": "/blob/v-zeqianju/dataset/tts/v3_gt/00006.wav",
            "synthesized_wav_path": "/blob/v-zeqianju/code/tts/fs2_fromyc/mm_lm_nat/checkpoints/kai_srfixbug/product_5w_v1.1big_segnoref_query8_small-cln_refenc_dmu_0_dwn_0_dmelw_1_dnoisew_1_vqweight_0.1_vq_dist_weight_0_dila_2_pe_scale_1_ref_query_tokens32/generated_0__v7_tp1.2/denoised_00006.wav",
            "synthesize_phoneme_seq": [],
            "speaker_verification_score": 0.5098924040794373
        },
        {
            "reference_wav_path": "/blob/v-zeqianju/dataset/tts/v3_gt/00007.wav",
            "synthesized_wav_path": "/blob/v-zeqianju/code/tts/fs2_fromyc/mm_lm_nat/checkpoints/kai_srfixbug/product_5w_v1.1big_segnoref_query8_small-cln_refenc_dmu_0_dwn_0_dmelw_1_dnoisew_1_vqweight_0.1_vq_dist_weight_0_dila_2_pe_scale_1_ref_query_tokens32/generated_0__v7_tp1.2/denoised_00007.wav",
            "synthesize_phoneme_seq": [],
            "speaker_verification_score": 0.1356908082962036
        },
        {
            "reference_wav_path": "/blob/v-zeqianju/dataset/tts/v3_gt/00008.wav",
            "synthesized_wav_path": "/blob/v-zeqianju/code/tts/fs2_fromyc/mm_lm_nat/checkpoints/kai_srfixbug/product_5w_v1.1big_segnoref_query8_small-cln_refenc_dmu_0_dwn_0_dmelw_1_dnoisew_1_vqweight_0.1_vq_dist_weight_0_dila_2_pe_scale_1_ref_query_tokens32/generated_0__v7_tp1.2/denoised_00008.wav",
            "synthesize_phoneme_seq": [],
            "speaker_verification_score": 0.304778516292572
        },
        {
            "reference_wav_path": "/blob/v-zeqianju/dataset/tts/v3_gt/00009.wav",
            "synthesized_wav_path": "/blob/v-zeqianju/code/tts/fs2_fromyc/mm_lm_nat/checkpoints/kai_srfixbug/product_5w_v1.1big_segnoref_query8_small-cln_refenc_dmu_0_dwn_0_dmelw_1_dnoisew_1_vqweight_0.1_vq_dist_weight_0_dila_2_pe_scale_1_ref_query_tokens32/generated_0__v7_tp1.2/denoised_00009.wav",
            "synthesize_phoneme_seq": [],
            "speaker_verification_score": 0.05802789703011513
        },
        {
            "reference_wav_path": "/blob/v-zeqianju/dataset/tts/v3_gt/00010.wav",
            "synthesized_wav_path": "/blob/v-zeqianju/code/tts/fs2_fromyc/mm_lm_nat/checkpoints/kai_srfixbug/product_5w_v1.1big_segnoref_query8_small-cln_refenc_dmu_0_dwn_0_dmelw_1_dnoisew_1_vqweight_0.1_vq_dist_weight_0_dila_2_pe_scale_1_ref_query_tokens32/generated_0__v7_tp1.2/denoised_00010.wav",
            "synthesize_phoneme_seq": [],
            "speaker_verification_score": 0.04910283908247948
        },
        {
            "reference_wav_path": "/blob/v-zeqianju/dataset/tts/v3_gt/00011.wav",
            "synthesized_wav_path": "/blob/v-zeqianju/code/tts/fs2_fromyc/mm_lm_nat/checkpoints/kai_srfixbug/product_5w_v1.1big_segnoref_query8_small-cln_refenc_dmu_0_dwn_0_dmelw_1_dnoisew_1_vqweight_0.1_vq_dist_weight_0_dila_2_pe_scale_1_ref_query_tokens32/generated_0__v7_tp1.2/denoised_00011.wav",
            "synthesize_phoneme_seq": [],
            "speaker_verification_score": 0.0887928307056427
        },
        {
            "reference_wav_path": "/blob/v-zeqianju/dataset/tts/v3_gt/00012.wav",
            "synthesized_wav_path": "/blob/v-zeqianju/code/tts/fs2_fromyc/mm_lm_nat/checkpoints/kai_srfixbug/product_5w_v1.1big_segnoref_query8_small-cln_refenc_dmu_0_dwn_0_dmelw_1_dnoisew_1_vqweight_0.1_vq_dist_weight_0_dila_2_pe_scale_1_ref_query_tokens32/generated_0__v7_tp1.2/denoised_00012.wav",
            "synthesize_phoneme_seq": [],
            "speaker_verification_score": 0.3159017562866211
        },
        {
            "reference_wav_path": "/blob/v-zeqianju/dataset/tts/v3_gt/00013.wav",
            "synthesized_wav_path": "/blob/v-zeqianju/code/tts/fs2_fromyc/mm_lm_nat/checkpoints/kai_srfixbug/product_5w_v1.1big_segnoref_query8_small-cln_refenc_dmu_0_dwn_0_dmelw_1_dnoisew_1_vqweight_0.1_vq_dist_weight_0_dila_2_pe_scale_1_ref_query_tokens32/generated_0__v7_tp1.2/denoised_00013.wav",
            "synthesize_phoneme_seq": [],
            "speaker_verification_score": 0.20707032084465027
        },
        {
            "reference_wav_path": "/blob/v-zeqianju/dataset/tts/v3_gt/00014.wav",
            "synthesized_wav_path": "/blob/v-zeqianju/code/tts/fs2_fromyc/mm_lm_nat/checkpoints/kai_srfixbug/product_5w_v1.1big_segnoref_query8_small-cln_refenc_dmu_0_dwn_0_dmelw_1_dnoisew_1_vqweight_0.1_vq_dist_weight_0_dila_2_pe_scale_1_ref_query_tokens32/generated_0__v7_tp1.2/denoised_00014.wav",
            "synthesize_phoneme_seq": [],
            "speaker_verification_score": 0.2216821163892746
        },
        {
            "reference_wav_path": "/blob/v-zeqianju/dataset/tts/v3_gt/00015.wav",
            "synthesized_wav_path": "/blob/v-zeqianju/code/tts/fs2_fromyc/mm_lm_nat/checkpoints/kai_srfixbug/product_5w_v1.1big_segnoref_query8_small-cln_refenc_dmu_0_dwn_0_dmelw_1_dnoisew_1_vqweight_0.1_vq_dist_weight_0_dila_2_pe_scale_1_ref_query_tokens32/generated_0__v7_tp1.2/denoised_00015.wav",
            "synthesize_phoneme_seq": [],
            "speaker_verification_score": 0.196392223238945
        },
        {
            "reference_wav_path": "/blob/v-zeqianju/dataset/tts/v3_gt/00016.wav",
            "synthesized_wav_path": "/blob/v-zeqianju/code/tts/fs2_fromyc/mm_lm_nat/checkpoints/kai_srfixbug/product_5w_v1.1big_segnoref_query8_small-cln_refenc_dmu_0_dwn_0_dmelw_1_dnoisew_1_vqweight_0.1_vq_dist_weight_0_dila_2_pe_scale_1_ref_query_tokens32/generated_0__v7_tp1.2/denoised_00016.wav",
            "synthesize_phoneme_seq": [],
            "speaker_verification_score": 0.11867930740118027
        }
    ],
    "mean_speaker_verification_score": 0.21502020535990596
}