{
    "dataset": "train",
    "test_cases": [
        {
            "reference_wav_path": "/blob/v-zeqianju/dataset/tts/train/train_0.wav",
            "synthesized_wav_path": "/blob/v-zeqianju/code/tts/fs2_fromyc/mm_lm_nat/checkpoints/kai_srfixbug/product_5w_v1.1big_segnoref_query8_small-cln_refenc_dmu_0_dwn_0_dmelw_1_dnoisew_1_vqweight_0.1_vq_dist_weight_0_dila_2_pe_scale_1/generated_0__v9_tp1.2//denoised_train_0.wav",
            "synthesize_phoneme_seq": [],
            "speaker_verification_score": 0.7584473490715027
        },
        {
            "reference_wav_path": "/blob/v-zeqianju/dataset/tts/train/train_1.wav",
            "synthesized_wav_path": "/blob/v-zeqianju/code/tts/fs2_fromyc/mm_lm_nat/checkpoints/kai_srfixbug/product_5w_v1.1big_segnoref_query8_small-cln_refenc_dmu_0_dwn_0_dmelw_1_dnoisew_1_vqweight_0.1_vq_dist_weight_0_dila_2_pe_scale_1/generated_0__v9_tp1.2//denoised_train_1.wav",
            "synthesize_phoneme_seq": [],
            "speaker_verification_score": 0.5410585999488831
        },
        {
            "reference_wav_path": "/blob/v-zeqianju/dataset/tts/train/train_10.wav",
            "synthesized_wav_path": "/blob/v-zeqianju/code/tts/fs2_fromyc/mm_lm_nat/checkpoints/kai_srfixbug/product_5w_v1.1big_segnoref_query8_small-cln_refenc_dmu_0_dwn_0_dmelw_1_dnoisew_1_vqweight_0.1_vq_dist_weight_0_dila_2_pe_scale_1/generated_0__v9_tp1.2//denoised_train_10.wav",
            "synthesize_phoneme_seq": [],
            "speaker_verification_score": 0.7580739259719849
        },
        {
            "reference_wav_path": "/blob/v-zeqianju/dataset/tts/train/train_11.wav",
            "synthesized_wav_path": "/blob/v-zeqianju/code/tts/fs2_fromyc/mm_lm_nat/checkpoints/kai_srfixbug/product_5w_v1.1big_segnoref_query8_small-cln_refenc_dmu_0_dwn_0_dmelw_1_dnoisew_1_vqweight_0.1_vq_dist_weight_0_dila_2_pe_scale_1/generated_0__v9_tp1.2//denoised_train_11.wav",
            "synthesize_phoneme_seq": [],
            "speaker_verification_score": 0.4528532922267914
        },
        {
            "reference_wav_path": "/blob/v-zeqianju/dataset/tts/train/train_12.wav",
            "synthesized_wav_path": "/blob/v-zeqianju/code/tts/fs2_fromyc/mm_lm_nat/checkpoints/kai_srfixbug/product_5w_v1.1big_segnoref_query8_small-cln_refenc_dmu_0_dwn_0_dmelw_1_dnoisew_1_vqweight_0.1_vq_dist_weight_0_dila_2_pe_scale_1/generated_0__v9_tp1.2//denoised_train_12.wav",
            "synthesize_phoneme_seq": [],
            "speaker_verification_score": 0.23652896285057068
        },
        {
            "reference_wav_path": "/blob/v-zeqianju/dataset/tts/train/train_13.wav",
            "synthesized_wav_path": "/blob/v-zeqianju/code/tts/fs2_fromyc/mm_lm_nat/checkpoints/kai_srfixbug/product_5w_v1.1big_segnoref_query8_small-cln_refenc_dmu_0_dwn_0_dmelw_1_dnoisew_1_vqweight_0.1_vq_dist_weight_0_dila_2_pe_scale_1/generated_0__v9_tp1.2//denoised_train_13.wav",
            "synthesize_phoneme_seq": [],
            "speaker_verification_score": 0.7207077741622925
        },
        {
            "reference_wav_path": "/blob/v-zeqianju/dataset/tts/train/train_14.wav",
            "synthesized_wav_path": "/blob/v-zeqianju/code/tts/fs2_fromyc/mm_lm_nat/checkpoints/kai_srfixbug/product_5w_v1.1big_segnoref_query8_small-cln_refenc_dmu_0_dwn_0_dmelw_1_dnoisew_1_vqweight_0.1_vq_dist_weight_0_dila_2_pe_scale_1/generated_0__v9_tp1.2//denoised_train_14.wav",
            "synthesize_phoneme_seq": [],
            "speaker_verification_score": 0.662822425365448
        },
        {
            "reference_wav_path": "/blob/v-zeqianju/dataset/tts/train/train_15.wav",
            "synthesized_wav_path": "/blob/v-zeqianju/code/tts/fs2_fromyc/mm_lm_nat/checkpoints/kai_srfixbug/product_5w_v1.1big_segnoref_query8_small-cln_refenc_dmu_0_dwn_0_dmelw_1_dnoisew_1_vqweight_0.1_vq_dist_weight_0_dila_2_pe_scale_1/generated_0__v9_tp1.2//denoised_train_15.wav",
            "synthesize_phoneme_seq": [],
            "speaker_verification_score": 0.44302037358283997
        },
        {
            "reference_wav_path": "/blob/v-zeqianju/dataset/tts/train/train_16.wav",
            "synthesized_wav_path": "/blob/v-zeqianju/code/tts/fs2_fromyc/mm_lm_nat/checkpoints/kai_srfixbug/product_5w_v1.1big_segnoref_query8_small-cln_refenc_dmu_0_dwn_0_dmelw_1_dnoisew_1_vqweight_0.1_vq_dist_weight_0_dila_2_pe_scale_1/generated_0__v9_tp1.2//denoised_train_16.wav",
            "synthesize_phoneme_seq": [],
            "speaker_verification_score": 0.6093220114707947
        },
        {
            "reference_wav_path": "/blob/v-zeqianju/dataset/tts/train/train_17.wav",
            "synthesized_wav_path": "/blob/v-zeqianju/code/tts/fs2_fromyc/mm_lm_nat/checkpoints/kai_srfixbug/product_5w_v1.1big_segnoref_query8_small-cln_refenc_dmu_0_dwn_0_dmelw_1_dnoisew_1_vqweight_0.1_vq_dist_weight_0_dila_2_pe_scale_1/generated_0__v9_tp1.2//denoised_train_17.wav",
            "synthesize_phoneme_seq": [],
            "speaker_verification_score": 0.6926765441894531
        },
        {
            "reference_wav_path": "/blob/v-zeqianju/dataset/tts/train/train_18.wav",
            "synthesized_wav_path": "/blob/v-zeqianju/code/tts/fs2_fromyc/mm_lm_nat/checkpoints/kai_srfixbug/product_5w_v1.1big_segnoref_query8_small-cln_refenc_dmu_0_dwn_0_dmelw_1_dnoisew_1_vqweight_0.1_vq_dist_weight_0_dila_2_pe_scale_1/generated_0__v9_tp1.2//denoised_train_18.wav",
            "synthesize_phoneme_seq": [],
            "speaker_verification_score": 0.7257912158966064
        },
        {
            "reference_wav_path": "/blob/v-zeqianju/dataset/tts/train/train_19.wav",
            "synthesized_wav_path": "/blob/v-zeqianju/code/tts/fs2_fromyc/mm_lm_nat/checkpoints/kai_srfixbug/product_5w_v1.1big_segnoref_query8_small-cln_refenc_dmu_0_dwn_0_dmelw_1_dnoisew_1_vqweight_0.1_vq_dist_weight_0_dila_2_pe_scale_1/generated_0__v9_tp1.2//denoised_train_19.wav",
            "synthesize_phoneme_seq": [],
            "speaker_verification_score": 0.5714215040206909
        },
        {
            "reference_wav_path": "/blob/v-zeqianju/dataset/tts/train/train_2.wav",
            "synthesized_wav_path": "/blob/v-zeqianju/code/tts/fs2_fromyc/mm_lm_nat/checkpoints/kai_srfixbug/product_5w_v1.1big_segnoref_query8_small-cln_refenc_dmu_0_dwn_0_dmelw_1_dnoisew_1_vqweight_0.1_vq_dist_weight_0_dila_2_pe_scale_1/generated_0__v9_tp1.2//denoised_train_2.wav",
            "synthesize_phoneme_seq": [],
            "speaker_verification_score": 0.7077356576919556
        },
        {
            "reference_wav_path": "/blob/v-zeqianju/dataset/tts/train/train_20.wav",
            "synthesized_wav_path": "/blob/v-zeqianju/code/tts/fs2_fromyc/mm_lm_nat/checkpoints/kai_srfixbug/product_5w_v1.1big_segnoref_query8_small-cln_refenc_dmu_0_dwn_0_dmelw_1_dnoisew_1_vqweight_0.1_vq_dist_weight_0_dila_2_pe_scale_1/generated_0__v9_tp1.2//denoised_train_20.wav",
            "synthesize_phoneme_seq": [],
            "speaker_verification_score": 0.7273515462875366
        },
        {
            "reference_wav_path": "/blob/v-zeqianju/dataset/tts/train/train_21.wav",
            "synthesized_wav_path": "/blob/v-zeqianju/code/tts/fs2_fromyc/mm_lm_nat/checkpoints/kai_srfixbug/product_5w_v1.1big_segnoref_query8_small-cln_refenc_dmu_0_dwn_0_dmelw_1_dnoisew_1_vqweight_0.1_vq_dist_weight_0_dila_2_pe_scale_1/generated_0__v9_tp1.2//denoised_train_21.wav",
            "synthesize_phoneme_seq": [],
            "speaker_verification_score": 0.5814135670661926
        },
        {
            "reference_wav_path": "/blob/v-zeqianju/dataset/tts/train/train_22.wav",
            "synthesized_wav_path": "/blob/v-zeqianju/code/tts/fs2_fromyc/mm_lm_nat/checkpoints/kai_srfixbug/product_5w_v1.1big_segnoref_query8_small-cln_refenc_dmu_0_dwn_0_dmelw_1_dnoisew_1_vqweight_0.1_vq_dist_weight_0_dila_2_pe_scale_1/generated_0__v9_tp1.2//denoised_train_22.wav",
            "synthesize_phoneme_seq": [],
            "speaker_verification_score": 0.7895922660827637
        },
        {
            "reference_wav_path": "/blob/v-zeqianju/dataset/tts/train/train_23.wav",
            "synthesized_wav_path": "/blob/v-zeqianju/code/tts/fs2_fromyc/mm_lm_nat/checkpoints/kai_srfixbug/product_5w_v1.1big_segnoref_query8_small-cln_refenc_dmu_0_dwn_0_dmelw_1_dnoisew_1_vqweight_0.1_vq_dist_weight_0_dila_2_pe_scale_1/generated_0__v9_tp1.2//denoised_train_23.wav",
            "synthesize_phoneme_seq": [],
            "speaker_verification_score": 0.41520780324935913
        },
        {
            "reference_wav_path": "/blob/v-zeqianju/dataset/tts/train/train_24.wav",
            "synthesized_wav_path": "/blob/v-zeqianju/code/tts/fs2_fromyc/mm_lm_nat/checkpoints/kai_srfixbug/product_5w_v1.1big_segnoref_query8_small-cln_refenc_dmu_0_dwn_0_dmelw_1_dnoisew_1_vqweight_0.1_vq_dist_weight_0_dila_2_pe_scale_1/generated_0__v9_tp1.2//denoised_train_24.wav",
            "synthesize_phoneme_seq": [],
            "speaker_verification_score": 0.5480936765670776
        },
        {
            "reference_wav_path": "/blob/v-zeqianju/dataset/tts/train/train_25.wav",
            "synthesized_wav_path": "/blob/v-zeqianju/code/tts/fs2_fromyc/mm_lm_nat/checkpoints/kai_srfixbug/product_5w_v1.1big_segnoref_query8_small-cln_refenc_dmu_0_dwn_0_dmelw_1_dnoisew_1_vqweight_0.1_vq_dist_weight_0_dila_2_pe_scale_1/generated_0__v9_tp1.2//denoised_train_25.wav",
            "synthesize_phoneme_seq": [],
            "speaker_verification_score": 0.3313091993331909
        },
        {
            "reference_wav_path": "/blob/v-zeqianju/dataset/tts/train/train_26.wav",
            "synthesized_wav_path": "/blob/v-zeqianju/code/tts/fs2_fromyc/mm_lm_nat/checkpoints/kai_srfixbug/product_5w_v1.1big_segnoref_query8_small-cln_refenc_dmu_0_dwn_0_dmelw_1_dnoisew_1_vqweight_0.1_vq_dist_weight_0_dila_2_pe_scale_1/generated_0__v9_tp1.2//denoised_train_26.wav",
            "synthesize_phoneme_seq": [],
            "speaker_verification_score": 0.7492177486419678
        },
        {
            "reference_wav_path": "/blob/v-zeqianju/dataset/tts/train/train_27.wav",
            "synthesized_wav_path": "/blob/v-zeqianju/code/tts/fs2_fromyc/mm_lm_nat/checkpoints/kai_srfixbug/product_5w_v1.1big_segnoref_query8_small-cln_refenc_dmu_0_dwn_0_dmelw_1_dnoisew_1_vqweight_0.1_vq_dist_weight_0_dila_2_pe_scale_1/generated_0__v9_tp1.2//denoised_train_27.wav",
            "synthesize_phoneme_seq": [],
            "speaker_verification_score": 0.5065361857414246
        },
        {
            "reference_wav_path": "/blob/v-zeqianju/dataset/tts/train/train_28.wav",
            "synthesized_wav_path": "/blob/v-zeqianju/code/tts/fs2_fromyc/mm_lm_nat/checkpoints/kai_srfixbug/product_5w_v1.1big_segnoref_query8_small-cln_refenc_dmu_0_dwn_0_dmelw_1_dnoisew_1_vqweight_0.1_vq_dist_weight_0_dila_2_pe_scale_1/generated_0__v9_tp1.2//denoised_train_28.wav",
            "synthesize_phoneme_seq": [],
            "speaker_verification_score": 0.6489138603210449
        },
        {
            "reference_wav_path": "/blob/v-zeqianju/dataset/tts/train/train_29.wav",
            "synthesized_wav_path": "/blob/v-zeqianju/code/tts/fs2_fromyc/mm_lm_nat/checkpoints/kai_srfixbug/product_5w_v1.1big_segnoref_query8_small-cln_refenc_dmu_0_dwn_0_dmelw_1_dnoisew_1_vqweight_0.1_vq_dist_weight_0_dila_2_pe_scale_1/generated_0__v9_tp1.2//denoised_train_29.wav",
            "synthesize_phoneme_seq": [],
            "speaker_verification_score": 0.45901021361351013
        },
        {
            "reference_wav_path": "/blob/v-zeqianju/dataset/tts/train/train_3.wav",
            "synthesized_wav_path": "/blob/v-zeqianju/code/tts/fs2_fromyc/mm_lm_nat/checkpoints/kai_srfixbug/product_5w_v1.1big_segnoref_query8_small-cln_refenc_dmu_0_dwn_0_dmelw_1_dnoisew_1_vqweight_0.1_vq_dist_weight_0_dila_2_pe_scale_1/generated_0__v9_tp1.2//denoised_train_3.wav",
            "synthesize_phoneme_seq": [],
            "speaker_verification_score": 0.5806164145469666
        },
        {
            "reference_wav_path": "/blob/v-zeqianju/dataset/tts/train/train_30.wav",
            "synthesized_wav_path": "/blob/v-zeqianju/code/tts/fs2_fromyc/mm_lm_nat/checkpoints/kai_srfixbug/product_5w_v1.1big_segnoref_query8_small-cln_refenc_dmu_0_dwn_0_dmelw_1_dnoisew_1_vqweight_0.1_vq_dist_weight_0_dila_2_pe_scale_1/generated_0__v9_tp1.2//denoised_train_30.wav",
            "synthesize_phoneme_seq": [],
            "speaker_verification_score": 0.7197258472442627
        },
        {
            "reference_wav_path": "/blob/v-zeqianju/dataset/tts/train/train_31.wav",
            "synthesized_wav_path": "/blob/v-zeqianju/code/tts/fs2_fromyc/mm_lm_nat/checkpoints/kai_srfixbug/product_5w_v1.1big_segnoref_query8_small-cln_refenc_dmu_0_dwn_0_dmelw_1_dnoisew_1_vqweight_0.1_vq_dist_weight_0_dila_2_pe_scale_1/generated_0__v9_tp1.2//denoised_train_31.wav",
            "synthesize_phoneme_seq": [],
            "speaker_verification_score": 0.6956000328063965
        },
        {
            "reference_wav_path": "/blob/v-zeqianju/dataset/tts/train/train_32.wav",
            "synthesized_wav_path": "/blob/v-zeqianju/code/tts/fs2_fromyc/mm_lm_nat/checkpoints/kai_srfixbug/product_5w_v1.1big_segnoref_query8_small-cln_refenc_dmu_0_dwn_0_dmelw_1_dnoisew_1_vqweight_0.1_vq_dist_weight_0_dila_2_pe_scale_1/generated_0__v9_tp1.2//denoised_train_32.wav",
            "synthesize_phoneme_seq": [],
            "speaker_verification_score": 0.7465473413467407
        },
        {
            "reference_wav_path": "/blob/v-zeqianju/dataset/tts/train/train_33.wav",
            "synthesized_wav_path": "/blob/v-zeqianju/code/tts/fs2_fromyc/mm_lm_nat/checkpoints/kai_srfixbug/product_5w_v1.1big_segnoref_query8_small-cln_refenc_dmu_0_dwn_0_dmelw_1_dnoisew_1_vqweight_0.1_vq_dist_weight_0_dila_2_pe_scale_1/generated_0__v9_tp1.2//denoised_train_33.wav",
            "synthesize_phoneme_seq": [],
            "speaker_verification_score": 0.7245852947235107
        },
        {
            "reference_wav_path": "/blob/v-zeqianju/dataset/tts/train/train_34.wav",
            "synthesized_wav_path": "/blob/v-zeqianju/code/tts/fs2_fromyc/mm_lm_nat/checkpoints/kai_srfixbug/product_5w_v1.1big_segnoref_query8_small-cln_refenc_dmu_0_dwn_0_dmelw_1_dnoisew_1_vqweight_0.1_vq_dist_weight_0_dila_2_pe_scale_1/generated_0__v9_tp1.2//denoised_train_34.wav",
            "synthesize_phoneme_seq": [],
            "speaker_verification_score": 0.5754818320274353
        },
        {
            "reference_wav_path": "/blob/v-zeqianju/dataset/tts/train/train_35.wav",
            "synthesized_wav_path": "/blob/v-zeqianju/code/tts/fs2_fromyc/mm_lm_nat/checkpoints/kai_srfixbug/product_5w_v1.1big_segnoref_query8_small-cln_refenc_dmu_0_dwn_0_dmelw_1_dnoisew_1_vqweight_0.1_vq_dist_weight_0_dila_2_pe_scale_1/generated_0__v9_tp1.2//denoised_train_35.wav",
            "synthesize_phoneme_seq": [],
            "speaker_verification_score": 0.6688852906227112
        },
        {
            "reference_wav_path": "/blob/v-zeqianju/dataset/tts/train/train_36.wav",
            "synthesized_wav_path": "/blob/v-zeqianju/code/tts/fs2_fromyc/mm_lm_nat/checkpoints/kai_srfixbug/product_5w_v1.1big_segnoref_query8_small-cln_refenc_dmu_0_dwn_0_dmelw_1_dnoisew_1_vqweight_0.1_vq_dist_weight_0_dila_2_pe_scale_1/generated_0__v9_tp1.2//denoised_train_36.wav",
            "synthesize_phoneme_seq": [],
            "speaker_verification_score": 0.7166457176208496
        },
        {
            "reference_wav_path": "/blob/v-zeqianju/dataset/tts/train/train_37.wav",
            "synthesized_wav_path": "/blob/v-zeqianju/code/tts/fs2_fromyc/mm_lm_nat/checkpoints/kai_srfixbug/product_5w_v1.1big_segnoref_query8_small-cln_refenc_dmu_0_dwn_0_dmelw_1_dnoisew_1_vqweight_0.1_vq_dist_weight_0_dila_2_pe_scale_1/generated_0__v9_tp1.2//denoised_train_37.wav",
            "synthesize_phoneme_seq": [],
            "speaker_verification_score": 0.688590943813324
        },
        {
            "reference_wav_path": "/blob/v-zeqianju/dataset/tts/train/train_38.wav",
            "synthesized_wav_path": "/blob/v-zeqianju/code/tts/fs2_fromyc/mm_lm_nat/checkpoints/kai_srfixbug/product_5w_v1.1big_segnoref_query8_small-cln_refenc_dmu_0_dwn_0_dmelw_1_dnoisew_1_vqweight_0.1_vq_dist_weight_0_dila_2_pe_scale_1/generated_0__v9_tp1.2//denoised_train_38.wav",
            "synthesize_phoneme_seq": [],
            "speaker_verification_score": 0.4947027564048767
        },
        {
            "reference_wav_path": "/blob/v-zeqianju/dataset/tts/train/train_39.wav",
            "synthesized_wav_path": "/blob/v-zeqianju/code/tts/fs2_fromyc/mm_lm_nat/checkpoints/kai_srfixbug/product_5w_v1.1big_segnoref_query8_small-cln_refenc_dmu_0_dwn_0_dmelw_1_dnoisew_1_vqweight_0.1_vq_dist_weight_0_dila_2_pe_scale_1/generated_0__v9_tp1.2//denoised_train_39.wav",
            "synthesize_phoneme_seq": [],
            "speaker_verification_score": 0.7070174217224121
        },
        {
            "reference_wav_path": "/blob/v-zeqianju/dataset/tts/train/train_4.wav",
            "synthesized_wav_path": "/blob/v-zeqianju/code/tts/fs2_fromyc/mm_lm_nat/checkpoints/kai_srfixbug/product_5w_v1.1big_segnoref_query8_small-cln_refenc_dmu_0_dwn_0_dmelw_1_dnoisew_1_vqweight_0.1_vq_dist_weight_0_dila_2_pe_scale_1/generated_0__v9_tp1.2//denoised_train_4.wav",
            "synthesize_phoneme_seq": [],
            "speaker_verification_score": 0.6473342180252075
        },
        {
            "reference_wav_path": "/blob/v-zeqianju/dataset/tts/train/train_40.wav",
            "synthesized_wav_path": "/blob/v-zeqianju/code/tts/fs2_fromyc/mm_lm_nat/checkpoints/kai_srfixbug/product_5w_v1.1big_segnoref_query8_small-cln_refenc_dmu_0_dwn_0_dmelw_1_dnoisew_1_vqweight_0.1_vq_dist_weight_0_dila_2_pe_scale_1/generated_0__v9_tp1.2//denoised_train_40.wav",
            "synthesize_phoneme_seq": [],
            "speaker_verification_score": 0.7087045907974243
        },
        {
            "reference_wav_path": "/blob/v-zeqianju/dataset/tts/train/train_41.wav",
            "synthesized_wav_path": "/blob/v-zeqianju/code/tts/fs2_fromyc/mm_lm_nat/checkpoints/kai_srfixbug/product_5w_v1.1big_segnoref_query8_small-cln_refenc_dmu_0_dwn_0_dmelw_1_dnoisew_1_vqweight_0.1_vq_dist_weight_0_dila_2_pe_scale_1/generated_0__v9_tp1.2//denoised_train_41.wav",
            "synthesize_phoneme_seq": [],
            "speaker_verification_score": 0.5157607197761536
        },
        {
            "reference_wav_path": "/blob/v-zeqianju/dataset/tts/train/train_42.wav",
            "synthesized_wav_path": "/blob/v-zeqianju/code/tts/fs2_fromyc/mm_lm_nat/checkpoints/kai_srfixbug/product_5w_v1.1big_segnoref_query8_small-cln_refenc_dmu_0_dwn_0_dmelw_1_dnoisew_1_vqweight_0.1_vq_dist_weight_0_dila_2_pe_scale_1/generated_0__v9_tp1.2//denoised_train_42.wav",
            "synthesize_phoneme_seq": [],
            "speaker_verification_score": 0.5607014298439026
        },
        {
            "reference_wav_path": "/blob/v-zeqianju/dataset/tts/train/train_43.wav",
            "synthesized_wav_path": "/blob/v-zeqianju/code/tts/fs2_fromyc/mm_lm_nat/checkpoints/kai_srfixbug/product_5w_v1.1big_segnoref_query8_small-cln_refenc_dmu_0_dwn_0_dmelw_1_dnoisew_1_vqweight_0.1_vq_dist_weight_0_dila_2_pe_scale_1/generated_0__v9_tp1.2//denoised_train_43.wav",
            "synthesize_phoneme_seq": [],
            "speaker_verification_score": 0.7378346920013428
        },
        {
            "reference_wav_path": "/blob/v-zeqianju/dataset/tts/train/train_44.wav",
            "synthesized_wav_path": "/blob/v-zeqianju/code/tts/fs2_fromyc/mm_lm_nat/checkpoints/kai_srfixbug/product_5w_v1.1big_segnoref_query8_small-cln_refenc_dmu_0_dwn_0_dmelw_1_dnoisew_1_vqweight_0.1_vq_dist_weight_0_dila_2_pe_scale_1/generated_0__v9_tp1.2//denoised_train_44.wav",
            "synthesize_phoneme_seq": [],
            "speaker_verification_score": 0.6970503330230713
        },
        {
            "reference_wav_path": "/blob/v-zeqianju/dataset/tts/train/train_45.wav",
            "synthesized_wav_path": "/blob/v-zeqianju/code/tts/fs2_fromyc/mm_lm_nat/checkpoints/kai_srfixbug/product_5w_v1.1big_segnoref_query8_small-cln_refenc_dmu_0_dwn_0_dmelw_1_dnoisew_1_vqweight_0.1_vq_dist_weight_0_dila_2_pe_scale_1/generated_0__v9_tp1.2//denoised_train_45.wav",
            "synthesize_phoneme_seq": [],
            "speaker_verification_score": 0.6945644617080688
        },
        {
            "reference_wav_path": "/blob/v-zeqianju/dataset/tts/train/train_46.wav",
            "synthesized_wav_path": "/blob/v-zeqianju/code/tts/fs2_fromyc/mm_lm_nat/checkpoints/kai_srfixbug/product_5w_v1.1big_segnoref_query8_small-cln_refenc_dmu_0_dwn_0_dmelw_1_dnoisew_1_vqweight_0.1_vq_dist_weight_0_dila_2_pe_scale_1/generated_0__v9_tp1.2//denoised_train_46.wav",
            "synthesize_phoneme_seq": [],
            "speaker_verification_score": 0.7162076234817505
        },
        {
            "reference_wav_path": "/blob/v-zeqianju/dataset/tts/train/train_47.wav",
            "synthesized_wav_path": "/blob/v-zeqianju/code/tts/fs2_fromyc/mm_lm_nat/checkpoints/kai_srfixbug/product_5w_v1.1big_segnoref_query8_small-cln_refenc_dmu_0_dwn_0_dmelw_1_dnoisew_1_vqweight_0.1_vq_dist_weight_0_dila_2_pe_scale_1/generated_0__v9_tp1.2//denoised_train_47.wav",
            "synthesize_phoneme_seq": [],
            "speaker_verification_score": 0.5227152705192566
        },
        {
            "reference_wav_path": "/blob/v-zeqianju/dataset/tts/train/train_48.wav",
            "synthesized_wav_path": "/blob/v-zeqianju/code/tts/fs2_fromyc/mm_lm_nat/checkpoints/kai_srfixbug/product_5w_v1.1big_segnoref_query8_small-cln_refenc_dmu_0_dwn_0_dmelw_1_dnoisew_1_vqweight_0.1_vq_dist_weight_0_dila_2_pe_scale_1/generated_0__v9_tp1.2//denoised_train_48.wav",
            "synthesize_phoneme_seq": [],
            "speaker_verification_score": 0.2363121658563614
        },
        {
            "reference_wav_path": "/blob/v-zeqianju/dataset/tts/train/train_49.wav",
            "synthesized_wav_path": "/blob/v-zeqianju/code/tts/fs2_fromyc/mm_lm_nat/checkpoints/kai_srfixbug/product_5w_v1.1big_segnoref_query8_small-cln_refenc_dmu_0_dwn_0_dmelw_1_dnoisew_1_vqweight_0.1_vq_dist_weight_0_dila_2_pe_scale_1/generated_0__v9_tp1.2//denoised_train_49.wav",
            "synthesize_phoneme_seq": [],
            "speaker_verification_score": 0.7485835552215576
        },
        {
            "reference_wav_path": "/blob/v-zeqianju/dataset/tts/train/train_5.wav",
            "synthesized_wav_path": "/blob/v-zeqianju/code/tts/fs2_fromyc/mm_lm_nat/checkpoints/kai_srfixbug/product_5w_v1.1big_segnoref_query8_small-cln_refenc_dmu_0_dwn_0_dmelw_1_dnoisew_1_vqweight_0.1_vq_dist_weight_0_dila_2_pe_scale_1/generated_0__v9_tp1.2//denoised_train_5.wav",
            "synthesize_phoneme_seq": [],
            "speaker_verification_score": 0.4053484797477722
        },
        {
            "reference_wav_path": "/blob/v-zeqianju/dataset/tts/train/train_6.wav",
            "synthesized_wav_path": "/blob/v-zeqianju/code/tts/fs2_fromyc/mm_lm_nat/checkpoints/kai_srfixbug/product_5w_v1.1big_segnoref_query8_small-cln_refenc_dmu_0_dwn_0_dmelw_1_dnoisew_1_vqweight_0.1_vq_dist_weight_0_dila_2_pe_scale_1/generated_0__v9_tp1.2//denoised_train_6.wav",
            "synthesize_phoneme_seq": [],
            "speaker_verification_score": 0.7485294342041016
        },
        {
            "reference_wav_path": "/blob/v-zeqianju/dataset/tts/train/train_7.wav",
            "synthesized_wav_path": "/blob/v-zeqianju/code/tts/fs2_fromyc/mm_lm_nat/checkpoints/kai_srfixbug/product_5w_v1.1big_segnoref_query8_small-cln_refenc_dmu_0_dwn_0_dmelw_1_dnoisew_1_vqweight_0.1_vq_dist_weight_0_dila_2_pe_scale_1/generated_0__v9_tp1.2//denoised_train_7.wav",
            "synthesize_phoneme_seq": [],
            "speaker_verification_score": 0.33730196952819824
        },
        {
            "reference_wav_path": "/blob/v-zeqianju/dataset/tts/train/train_8.wav",
            "synthesized_wav_path": "/blob/v-zeqianju/code/tts/fs2_fromyc/mm_lm_nat/checkpoints/kai_srfixbug/product_5w_v1.1big_segnoref_query8_small-cln_refenc_dmu_0_dwn_0_dmelw_1_dnoisew_1_vqweight_0.1_vq_dist_weight_0_dila_2_pe_scale_1/generated_0__v9_tp1.2//denoised_train_8.wav",
            "synthesize_phoneme_seq": [],
            "speaker_verification_score": 0.6508789658546448
        },
        {
            "reference_wav_path": "/blob/v-zeqianju/dataset/tts/train/train_9.wav",
            "synthesized_wav_path": "/blob/v-zeqianju/code/tts/fs2_fromyc/mm_lm_nat/checkpoints/kai_srfixbug/product_5w_v1.1big_segnoref_query8_small-cln_refenc_dmu_0_dwn_0_dmelw_1_dnoisew_1_vqweight_0.1_vq_dist_weight_0_dila_2_pe_scale_1/generated_0__v9_tp1.2//denoised_train_9.wav",
            "synthesize_phoneme_seq": [],
            "speaker_verification_score": 0.7919591665267944
        }
    ],
    "mean_speaker_verification_score": 0.6135058334469795
}