{
    "dataset": "train_rec",
    "test_cases": [
        {
            "reference_wav_path": "/blob/v-zeqianju/dataset/tts/train_rec/train_0.wav",
            "synthesized_wav_path": "/blob/v-zeqianju/code/tts/fs2_fromyc/mm_lm_nat/checkpoints/kai_srfixbug/product_5w_v1.1big_segnoref_query8_small-cln_refenc_dmu_0_dwn_0_dmelw_1_dnoisew_1_vqweight_0.1_vq_dist_weight_0_dila_2_pe_scale_1/generated_0__v0_tp1.2//denoised_train_0.wav",
            "synthesize_phoneme_seq": [],
            "speaker_verification_score": 0.7744671106338501
        },
        {
            "reference_wav_path": "/blob/v-zeqianju/dataset/tts/train_rec/train_1.wav",
            "synthesized_wav_path": "/blob/v-zeqianju/code/tts/fs2_fromyc/mm_lm_nat/checkpoints/kai_srfixbug/product_5w_v1.1big_segnoref_query8_small-cln_refenc_dmu_0_dwn_0_dmelw_1_dnoisew_1_vqweight_0.1_vq_dist_weight_0_dila_2_pe_scale_1/generated_0__v0_tp1.2//denoised_train_1.wav",
            "synthesize_phoneme_seq": [],
            "speaker_verification_score": 0.736051082611084
        },
        {
            "reference_wav_path": "/blob/v-zeqianju/dataset/tts/train_rec/train_10.wav",
            "synthesized_wav_path": "/blob/v-zeqianju/code/tts/fs2_fromyc/mm_lm_nat/checkpoints/kai_srfixbug/product_5w_v1.1big_segnoref_query8_small-cln_refenc_dmu_0_dwn_0_dmelw_1_dnoisew_1_vqweight_0.1_vq_dist_weight_0_dila_2_pe_scale_1/generated_0__v0_tp1.2//denoised_train_10.wav",
            "synthesize_phoneme_seq": [],
            "speaker_verification_score": 0.7511802911758423
        },
        {
            "reference_wav_path": "/blob/v-zeqianju/dataset/tts/train_rec/train_11.wav",
            "synthesized_wav_path": "/blob/v-zeqianju/code/tts/fs2_fromyc/mm_lm_nat/checkpoints/kai_srfixbug/product_5w_v1.1big_segnoref_query8_small-cln_refenc_dmu_0_dwn_0_dmelw_1_dnoisew_1_vqweight_0.1_vq_dist_weight_0_dila_2_pe_scale_1/generated_0__v0_tp1.2//denoised_train_11.wav",
            "synthesize_phoneme_seq": [],
            "speaker_verification_score": 0.7963907122612
        },
        {
            "reference_wav_path": "/blob/v-zeqianju/dataset/tts/train_rec/train_12.wav",
            "synthesized_wav_path": "/blob/v-zeqianju/code/tts/fs2_fromyc/mm_lm_nat/checkpoints/kai_srfixbug/product_5w_v1.1big_segnoref_query8_small-cln_refenc_dmu_0_dwn_0_dmelw_1_dnoisew_1_vqweight_0.1_vq_dist_weight_0_dila_2_pe_scale_1/generated_0__v0_tp1.2//denoised_train_12.wav",
            "synthesize_phoneme_seq": [],
            "speaker_verification_score": 0.777711808681488
        },
        {
            "reference_wav_path": "/blob/v-zeqianju/dataset/tts/train_rec/train_13.wav",
            "synthesized_wav_path": "/blob/v-zeqianju/code/tts/fs2_fromyc/mm_lm_nat/checkpoints/kai_srfixbug/product_5w_v1.1big_segnoref_query8_small-cln_refenc_dmu_0_dwn_0_dmelw_1_dnoisew_1_vqweight_0.1_vq_dist_weight_0_dila_2_pe_scale_1/generated_0__v0_tp1.2//denoised_train_13.wav",
            "synthesize_phoneme_seq": [],
            "speaker_verification_score": 0.8429734110832214
        },
        {
            "reference_wav_path": "/blob/v-zeqianju/dataset/tts/train_rec/train_14.wav",
            "synthesized_wav_path": "/blob/v-zeqianju/code/tts/fs2_fromyc/mm_lm_nat/checkpoints/kai_srfixbug/product_5w_v1.1big_segnoref_query8_small-cln_refenc_dmu_0_dwn_0_dmelw_1_dnoisew_1_vqweight_0.1_vq_dist_weight_0_dila_2_pe_scale_1/generated_0__v0_tp1.2//denoised_train_14.wav",
            "synthesize_phoneme_seq": [],
            "speaker_verification_score": 0.8098853826522827
        },
        {
            "reference_wav_path": "/blob/v-zeqianju/dataset/tts/train_rec/train_15.wav",
            "synthesized_wav_path": "/blob/v-zeqianju/code/tts/fs2_fromyc/mm_lm_nat/checkpoints/kai_srfixbug/product_5w_v1.1big_segnoref_query8_small-cln_refenc_dmu_0_dwn_0_dmelw_1_dnoisew_1_vqweight_0.1_vq_dist_weight_0_dila_2_pe_scale_1/generated_0__v0_tp1.2//denoised_train_15.wav",
            "synthesize_phoneme_seq": [],
            "speaker_verification_score": 0.8046573400497437
        },
        {
            "reference_wav_path": "/blob/v-zeqianju/dataset/tts/train_rec/train_16.wav",
            "synthesized_wav_path": "/blob/v-zeqianju/code/tts/fs2_fromyc/mm_lm_nat/checkpoints/kai_srfixbug/product_5w_v1.1big_segnoref_query8_small-cln_refenc_dmu_0_dwn_0_dmelw_1_dnoisew_1_vqweight_0.1_vq_dist_weight_0_dila_2_pe_scale_1/generated_0__v0_tp1.2//denoised_train_16.wav",
            "synthesize_phoneme_seq": [],
            "speaker_verification_score": 0.7214925289154053
        },
        {
            "reference_wav_path": "/blob/v-zeqianju/dataset/tts/train_rec/train_17.wav",
            "synthesized_wav_path": "/blob/v-zeqianju/code/tts/fs2_fromyc/mm_lm_nat/checkpoints/kai_srfixbug/product_5w_v1.1big_segnoref_query8_small-cln_refenc_dmu_0_dwn_0_dmelw_1_dnoisew_1_vqweight_0.1_vq_dist_weight_0_dila_2_pe_scale_1/generated_0__v0_tp1.2//denoised_train_17.wav",
            "synthesize_phoneme_seq": [],
            "speaker_verification_score": 0.4995649755001068
        },
        {
            "reference_wav_path": "/blob/v-zeqianju/dataset/tts/train_rec/train_18.wav",
            "synthesized_wav_path": "/blob/v-zeqianju/code/tts/fs2_fromyc/mm_lm_nat/checkpoints/kai_srfixbug/product_5w_v1.1big_segnoref_query8_small-cln_refenc_dmu_0_dwn_0_dmelw_1_dnoisew_1_vqweight_0.1_vq_dist_weight_0_dila_2_pe_scale_1/generated_0__v0_tp1.2//denoised_train_18.wav",
            "synthesize_phoneme_seq": [],
            "speaker_verification_score": 0.7672101855278015
        },
        {
            "reference_wav_path": "/blob/v-zeqianju/dataset/tts/train_rec/train_19.wav",
            "synthesized_wav_path": "/blob/v-zeqianju/code/tts/fs2_fromyc/mm_lm_nat/checkpoints/kai_srfixbug/product_5w_v1.1big_segnoref_query8_small-cln_refenc_dmu_0_dwn_0_dmelw_1_dnoisew_1_vqweight_0.1_vq_dist_weight_0_dila_2_pe_scale_1/generated_0__v0_tp1.2//denoised_train_19.wav",
            "synthesize_phoneme_seq": [],
            "speaker_verification_score": 0.8456522822380066
        },
        {
            "reference_wav_path": "/blob/v-zeqianju/dataset/tts/train_rec/train_2.wav",
            "synthesized_wav_path": "/blob/v-zeqianju/code/tts/fs2_fromyc/mm_lm_nat/checkpoints/kai_srfixbug/product_5w_v1.1big_segnoref_query8_small-cln_refenc_dmu_0_dwn_0_dmelw_1_dnoisew_1_vqweight_0.1_vq_dist_weight_0_dila_2_pe_scale_1/generated_0__v0_tp1.2//denoised_train_2.wav",
            "synthesize_phoneme_seq": [],
            "speaker_verification_score": 0.8096511363983154
        },
        {
            "reference_wav_path": "/blob/v-zeqianju/dataset/tts/train_rec/train_20.wav",
            "synthesized_wav_path": "/blob/v-zeqianju/code/tts/fs2_fromyc/mm_lm_nat/checkpoints/kai_srfixbug/product_5w_v1.1big_segnoref_query8_small-cln_refenc_dmu_0_dwn_0_dmelw_1_dnoisew_1_vqweight_0.1_vq_dist_weight_0_dila_2_pe_scale_1/generated_0__v0_tp1.2//denoised_train_20.wav",
            "synthesize_phoneme_seq": [],
            "speaker_verification_score": 0.7130440473556519
        },
        {
            "reference_wav_path": "/blob/v-zeqianju/dataset/tts/train_rec/train_21.wav",
            "synthesized_wav_path": "/blob/v-zeqianju/code/tts/fs2_fromyc/mm_lm_nat/checkpoints/kai_srfixbug/product_5w_v1.1big_segnoref_query8_small-cln_refenc_dmu_0_dwn_0_dmelw_1_dnoisew_1_vqweight_0.1_vq_dist_weight_0_dila_2_pe_scale_1/generated_0__v0_tp1.2//denoised_train_21.wav",
            "synthesize_phoneme_seq": [],
            "speaker_verification_score": 0.566879153251648
        },
        {
            "reference_wav_path": "/blob/v-zeqianju/dataset/tts/train_rec/train_22.wav",
            "synthesized_wav_path": "/blob/v-zeqianju/code/tts/fs2_fromyc/mm_lm_nat/checkpoints/kai_srfixbug/product_5w_v1.1big_segnoref_query8_small-cln_refenc_dmu_0_dwn_0_dmelw_1_dnoisew_1_vqweight_0.1_vq_dist_weight_0_dila_2_pe_scale_1/generated_0__v0_tp1.2//denoised_train_22.wav",
            "synthesize_phoneme_seq": [],
            "speaker_verification_score": 0.8025022149085999
        },
        {
            "reference_wav_path": "/blob/v-zeqianju/dataset/tts/train_rec/train_23.wav",
            "synthesized_wav_path": "/blob/v-zeqianju/code/tts/fs2_fromyc/mm_lm_nat/checkpoints/kai_srfixbug/product_5w_v1.1big_segnoref_query8_small-cln_refenc_dmu_0_dwn_0_dmelw_1_dnoisew_1_vqweight_0.1_vq_dist_weight_0_dila_2_pe_scale_1/generated_0__v0_tp1.2//denoised_train_23.wav",
            "synthesize_phoneme_seq": [],
            "speaker_verification_score": 0.7642971873283386
        },
        {
            "reference_wav_path": "/blob/v-zeqianju/dataset/tts/train_rec/train_24.wav",
            "synthesized_wav_path": "/blob/v-zeqianju/code/tts/fs2_fromyc/mm_lm_nat/checkpoints/kai_srfixbug/product_5w_v1.1big_segnoref_query8_small-cln_refenc_dmu_0_dwn_0_dmelw_1_dnoisew_1_vqweight_0.1_vq_dist_weight_0_dila_2_pe_scale_1/generated_0__v0_tp1.2//denoised_train_24.wav",
            "synthesize_phoneme_seq": [],
            "speaker_verification_score": 0.8117160797119141
        },
        {
            "reference_wav_path": "/blob/v-zeqianju/dataset/tts/train_rec/train_25.wav",
            "synthesized_wav_path": "/blob/v-zeqianju/code/tts/fs2_fromyc/mm_lm_nat/checkpoints/kai_srfixbug/product_5w_v1.1big_segnoref_query8_small-cln_refenc_dmu_0_dwn_0_dmelw_1_dnoisew_1_vqweight_0.1_vq_dist_weight_0_dila_2_pe_scale_1/generated_0__v0_tp1.2//denoised_train_25.wav",
            "synthesize_phoneme_seq": [],
            "speaker_verification_score": 0.7801532745361328
        },
        {
            "reference_wav_path": "/blob/v-zeqianju/dataset/tts/train_rec/train_26.wav",
            "synthesized_wav_path": "/blob/v-zeqianju/code/tts/fs2_fromyc/mm_lm_nat/checkpoints/kai_srfixbug/product_5w_v1.1big_segnoref_query8_small-cln_refenc_dmu_0_dwn_0_dmelw_1_dnoisew_1_vqweight_0.1_vq_dist_weight_0_dila_2_pe_scale_1/generated_0__v0_tp1.2//denoised_train_26.wav",
            "synthesize_phoneme_seq": [],
            "speaker_verification_score": 0.8518151044845581
        },
        {
            "reference_wav_path": "/blob/v-zeqianju/dataset/tts/train_rec/train_27.wav",
            "synthesized_wav_path": "/blob/v-zeqianju/code/tts/fs2_fromyc/mm_lm_nat/checkpoints/kai_srfixbug/product_5w_v1.1big_segnoref_query8_small-cln_refenc_dmu_0_dwn_0_dmelw_1_dnoisew_1_vqweight_0.1_vq_dist_weight_0_dila_2_pe_scale_1/generated_0__v0_tp1.2//denoised_train_27.wav",
            "synthesize_phoneme_seq": [],
            "speaker_verification_score": 0.6079192757606506
        },
        {
            "reference_wav_path": "/blob/v-zeqianju/dataset/tts/train_rec/train_28.wav",
            "synthesized_wav_path": "/blob/v-zeqianju/code/tts/fs2_fromyc/mm_lm_nat/checkpoints/kai_srfixbug/product_5w_v1.1big_segnoref_query8_small-cln_refenc_dmu_0_dwn_0_dmelw_1_dnoisew_1_vqweight_0.1_vq_dist_weight_0_dila_2_pe_scale_1/generated_0__v0_tp1.2//denoised_train_28.wav",
            "synthesize_phoneme_seq": [],
            "speaker_verification_score": 0.8451368808746338
        },
        {
            "reference_wav_path": "/blob/v-zeqianju/dataset/tts/train_rec/train_29.wav",
            "synthesized_wav_path": "/blob/v-zeqianju/code/tts/fs2_fromyc/mm_lm_nat/checkpoints/kai_srfixbug/product_5w_v1.1big_segnoref_query8_small-cln_refenc_dmu_0_dwn_0_dmelw_1_dnoisew_1_vqweight_0.1_vq_dist_weight_0_dila_2_pe_scale_1/generated_0__v0_tp1.2//denoised_train_29.wav",
            "synthesize_phoneme_seq": [],
            "speaker_verification_score": 0.7858054637908936
        },
        {
            "reference_wav_path": "/blob/v-zeqianju/dataset/tts/train_rec/train_3.wav",
            "synthesized_wav_path": "/blob/v-zeqianju/code/tts/fs2_fromyc/mm_lm_nat/checkpoints/kai_srfixbug/product_5w_v1.1big_segnoref_query8_small-cln_refenc_dmu_0_dwn_0_dmelw_1_dnoisew_1_vqweight_0.1_vq_dist_weight_0_dila_2_pe_scale_1/generated_0__v0_tp1.2//denoised_train_3.wav",
            "synthesize_phoneme_seq": [],
            "speaker_verification_score": 0.8045332431793213
        },
        {
            "reference_wav_path": "/blob/v-zeqianju/dataset/tts/train_rec/train_30.wav",
            "synthesized_wav_path": "/blob/v-zeqianju/code/tts/fs2_fromyc/mm_lm_nat/checkpoints/kai_srfixbug/product_5w_v1.1big_segnoref_query8_small-cln_refenc_dmu_0_dwn_0_dmelw_1_dnoisew_1_vqweight_0.1_vq_dist_weight_0_dila_2_pe_scale_1/generated_0__v0_tp1.2//denoised_train_30.wav",
            "synthesize_phoneme_seq": [],
            "speaker_verification_score": 0.7903931140899658
        },
        {
            "reference_wav_path": "/blob/v-zeqianju/dataset/tts/train_rec/train_31.wav",
            "synthesized_wav_path": "/blob/v-zeqianju/code/tts/fs2_fromyc/mm_lm_nat/checkpoints/kai_srfixbug/product_5w_v1.1big_segnoref_query8_small-cln_refenc_dmu_0_dwn_0_dmelw_1_dnoisew_1_vqweight_0.1_vq_dist_weight_0_dila_2_pe_scale_1/generated_0__v0_tp1.2//denoised_train_31.wav",
            "synthesize_phoneme_seq": [],
            "speaker_verification_score": 0.5949646234512329
        },
        {
            "reference_wav_path": "/blob/v-zeqianju/dataset/tts/train_rec/train_32.wav",
            "synthesized_wav_path": "/blob/v-zeqianju/code/tts/fs2_fromyc/mm_lm_nat/checkpoints/kai_srfixbug/product_5w_v1.1big_segnoref_query8_small-cln_refenc_dmu_0_dwn_0_dmelw_1_dnoisew_1_vqweight_0.1_vq_dist_weight_0_dila_2_pe_scale_1/generated_0__v0_tp1.2//denoised_train_32.wav",
            "synthesize_phoneme_seq": [],
            "speaker_verification_score": 0.8825250864028931
        },
        {
            "reference_wav_path": "/blob/v-zeqianju/dataset/tts/train_rec/train_33.wav",
            "synthesized_wav_path": "/blob/v-zeqianju/code/tts/fs2_fromyc/mm_lm_nat/checkpoints/kai_srfixbug/product_5w_v1.1big_segnoref_query8_small-cln_refenc_dmu_0_dwn_0_dmelw_1_dnoisew_1_vqweight_0.1_vq_dist_weight_0_dila_2_pe_scale_1/generated_0__v0_tp1.2//denoised_train_33.wav",
            "synthesize_phoneme_seq": [],
            "speaker_verification_score": 0.49991610646247864
        },
        {
            "reference_wav_path": "/blob/v-zeqianju/dataset/tts/train_rec/train_34.wav",
            "synthesized_wav_path": "/blob/v-zeqianju/code/tts/fs2_fromyc/mm_lm_nat/checkpoints/kai_srfixbug/product_5w_v1.1big_segnoref_query8_small-cln_refenc_dmu_0_dwn_0_dmelw_1_dnoisew_1_vqweight_0.1_vq_dist_weight_0_dila_2_pe_scale_1/generated_0__v0_tp1.2//denoised_train_34.wav",
            "synthesize_phoneme_seq": [],
            "speaker_verification_score": 0.8022327423095703
        },
        {
            "reference_wav_path": "/blob/v-zeqianju/dataset/tts/train_rec/train_35.wav",
            "synthesized_wav_path": "/blob/v-zeqianju/code/tts/fs2_fromyc/mm_lm_nat/checkpoints/kai_srfixbug/product_5w_v1.1big_segnoref_query8_small-cln_refenc_dmu_0_dwn_0_dmelw_1_dnoisew_1_vqweight_0.1_vq_dist_weight_0_dila_2_pe_scale_1/generated_0__v0_tp1.2//denoised_train_35.wav",
            "synthesize_phoneme_seq": [],
            "speaker_verification_score": 0.654278576374054
        },
        {
            "reference_wav_path": "/blob/v-zeqianju/dataset/tts/train_rec/train_36.wav",
            "synthesized_wav_path": "/blob/v-zeqianju/code/tts/fs2_fromyc/mm_lm_nat/checkpoints/kai_srfixbug/product_5w_v1.1big_segnoref_query8_small-cln_refenc_dmu_0_dwn_0_dmelw_1_dnoisew_1_vqweight_0.1_vq_dist_weight_0_dila_2_pe_scale_1/generated_0__v0_tp1.2//denoised_train_36.wav",
            "synthesize_phoneme_seq": [],
            "speaker_verification_score": 0.555680513381958
        },
        {
            "reference_wav_path": "/blob/v-zeqianju/dataset/tts/train_rec/train_37.wav",
            "synthesized_wav_path": "/blob/v-zeqianju/code/tts/fs2_fromyc/mm_lm_nat/checkpoints/kai_srfixbug/product_5w_v1.1big_segnoref_query8_small-cln_refenc_dmu_0_dwn_0_dmelw_1_dnoisew_1_vqweight_0.1_vq_dist_weight_0_dila_2_pe_scale_1/generated_0__v0_tp1.2//denoised_train_37.wav",
            "synthesize_phoneme_seq": [],
            "speaker_verification_score": 0.7760932445526123
        },
        {
            "reference_wav_path": "/blob/v-zeqianju/dataset/tts/train_rec/train_38.wav",
            "synthesized_wav_path": "/blob/v-zeqianju/code/tts/fs2_fromyc/mm_lm_nat/checkpoints/kai_srfixbug/product_5w_v1.1big_segnoref_query8_small-cln_refenc_dmu_0_dwn_0_dmelw_1_dnoisew_1_vqweight_0.1_vq_dist_weight_0_dila_2_pe_scale_1/generated_0__v0_tp1.2//denoised_train_38.wav",
            "synthesize_phoneme_seq": [],
            "speaker_verification_score": 0.6967192888259888
        },
        {
            "reference_wav_path": "/blob/v-zeqianju/dataset/tts/train_rec/train_39.wav",
            "synthesized_wav_path": "/blob/v-zeqianju/code/tts/fs2_fromyc/mm_lm_nat/checkpoints/kai_srfixbug/product_5w_v1.1big_segnoref_query8_small-cln_refenc_dmu_0_dwn_0_dmelw_1_dnoisew_1_vqweight_0.1_vq_dist_weight_0_dila_2_pe_scale_1/generated_0__v0_tp1.2//denoised_train_39.wav",
            "synthesize_phoneme_seq": [],
            "speaker_verification_score": 0.591211199760437
        },
        {
            "reference_wav_path": "/blob/v-zeqianju/dataset/tts/train_rec/train_4.wav",
            "synthesized_wav_path": "/blob/v-zeqianju/code/tts/fs2_fromyc/mm_lm_nat/checkpoints/kai_srfixbug/product_5w_v1.1big_segnoref_query8_small-cln_refenc_dmu_0_dwn_0_dmelw_1_dnoisew_1_vqweight_0.1_vq_dist_weight_0_dila_2_pe_scale_1/generated_0__v0_tp1.2//denoised_train_4.wav",
            "synthesize_phoneme_seq": [],
            "speaker_verification_score": 0.7946797609329224
        },
        {
            "reference_wav_path": "/blob/v-zeqianju/dataset/tts/train_rec/train_40.wav",
            "synthesized_wav_path": "/blob/v-zeqianju/code/tts/fs2_fromyc/mm_lm_nat/checkpoints/kai_srfixbug/product_5w_v1.1big_segnoref_query8_small-cln_refenc_dmu_0_dwn_0_dmelw_1_dnoisew_1_vqweight_0.1_vq_dist_weight_0_dila_2_pe_scale_1/generated_0__v0_tp1.2//denoised_train_40.wav",
            "synthesize_phoneme_seq": [],
            "speaker_verification_score": 0.8256154656410217
        },
        {
            "reference_wav_path": "/blob/v-zeqianju/dataset/tts/train_rec/train_41.wav",
            "synthesized_wav_path": "/blob/v-zeqianju/code/tts/fs2_fromyc/mm_lm_nat/checkpoints/kai_srfixbug/product_5w_v1.1big_segnoref_query8_small-cln_refenc_dmu_0_dwn_0_dmelw_1_dnoisew_1_vqweight_0.1_vq_dist_weight_0_dila_2_pe_scale_1/generated_0__v0_tp1.2//denoised_train_41.wav",
            "synthesize_phoneme_seq": [],
            "speaker_verification_score": 0.8502246141433716
        },
        {
            "reference_wav_path": "/blob/v-zeqianju/dataset/tts/train_rec/train_42.wav",
            "synthesized_wav_path": "/blob/v-zeqianju/code/tts/fs2_fromyc/mm_lm_nat/checkpoints/kai_srfixbug/product_5w_v1.1big_segnoref_query8_small-cln_refenc_dmu_0_dwn_0_dmelw_1_dnoisew_1_vqweight_0.1_vq_dist_weight_0_dila_2_pe_scale_1/generated_0__v0_tp1.2//denoised_train_42.wav",
            "synthesize_phoneme_seq": [],
            "speaker_verification_score": 0.7522906064987183
        },
        {
            "reference_wav_path": "/blob/v-zeqianju/dataset/tts/train_rec/train_43.wav",
            "synthesized_wav_path": "/blob/v-zeqianju/code/tts/fs2_fromyc/mm_lm_nat/checkpoints/kai_srfixbug/product_5w_v1.1big_segnoref_query8_small-cln_refenc_dmu_0_dwn_0_dmelw_1_dnoisew_1_vqweight_0.1_vq_dist_weight_0_dila_2_pe_scale_1/generated_0__v0_tp1.2//denoised_train_43.wav",
            "synthesize_phoneme_seq": [],
            "speaker_verification_score": 0.787551999092102
        },
        {
            "reference_wav_path": "/blob/v-zeqianju/dataset/tts/train_rec/train_44.wav",
            "synthesized_wav_path": "/blob/v-zeqianju/code/tts/fs2_fromyc/mm_lm_nat/checkpoints/kai_srfixbug/product_5w_v1.1big_segnoref_query8_small-cln_refenc_dmu_0_dwn_0_dmelw_1_dnoisew_1_vqweight_0.1_vq_dist_weight_0_dila_2_pe_scale_1/generated_0__v0_tp1.2//denoised_train_44.wav",
            "synthesize_phoneme_seq": [],
            "speaker_verification_score": 0.8564317226409912
        },
        {
            "reference_wav_path": "/blob/v-zeqianju/dataset/tts/train_rec/train_45.wav",
            "synthesized_wav_path": "/blob/v-zeqianju/code/tts/fs2_fromyc/mm_lm_nat/checkpoints/kai_srfixbug/product_5w_v1.1big_segnoref_query8_small-cln_refenc_dmu_0_dwn_0_dmelw_1_dnoisew_1_vqweight_0.1_vq_dist_weight_0_dila_2_pe_scale_1/generated_0__v0_tp1.2//denoised_train_45.wav",
            "synthesize_phoneme_seq": [],
            "speaker_verification_score": 0.8358210325241089
        },
        {
            "reference_wav_path": "/blob/v-zeqianju/dataset/tts/train_rec/train_46.wav",
            "synthesized_wav_path": "/blob/v-zeqianju/code/tts/fs2_fromyc/mm_lm_nat/checkpoints/kai_srfixbug/product_5w_v1.1big_segnoref_query8_small-cln_refenc_dmu_0_dwn_0_dmelw_1_dnoisew_1_vqweight_0.1_vq_dist_weight_0_dila_2_pe_scale_1/generated_0__v0_tp1.2//denoised_train_46.wav",
            "synthesize_phoneme_seq": [],
            "speaker_verification_score": 0.8246774077415466
        },
        {
            "reference_wav_path": "/blob/v-zeqianju/dataset/tts/train_rec/train_47.wav",
            "synthesized_wav_path": "/blob/v-zeqianju/code/tts/fs2_fromyc/mm_lm_nat/checkpoints/kai_srfixbug/product_5w_v1.1big_segnoref_query8_small-cln_refenc_dmu_0_dwn_0_dmelw_1_dnoisew_1_vqweight_0.1_vq_dist_weight_0_dila_2_pe_scale_1/generated_0__v0_tp1.2//denoised_train_47.wav",
            "synthesize_phoneme_seq": [],
            "speaker_verification_score": 0.8020496964454651
        },
        {
            "reference_wav_path": "/blob/v-zeqianju/dataset/tts/train_rec/train_48.wav",
            "synthesized_wav_path": "/blob/v-zeqianju/code/tts/fs2_fromyc/mm_lm_nat/checkpoints/kai_srfixbug/product_5w_v1.1big_segnoref_query8_small-cln_refenc_dmu_0_dwn_0_dmelw_1_dnoisew_1_vqweight_0.1_vq_dist_weight_0_dila_2_pe_scale_1/generated_0__v0_tp1.2//denoised_train_48.wav",
            "synthesize_phoneme_seq": [],
            "speaker_verification_score": 0.8108558058738708
        },
        {
            "reference_wav_path": "/blob/v-zeqianju/dataset/tts/train_rec/train_49.wav",
            "synthesized_wav_path": "/blob/v-zeqianju/code/tts/fs2_fromyc/mm_lm_nat/checkpoints/kai_srfixbug/product_5w_v1.1big_segnoref_query8_small-cln_refenc_dmu_0_dwn_0_dmelw_1_dnoisew_1_vqweight_0.1_vq_dist_weight_0_dila_2_pe_scale_1/generated_0__v0_tp1.2//denoised_train_49.wav",
            "synthesize_phoneme_seq": [],
            "speaker_verification_score": 0.7879915237426758
        },
        {
            "reference_wav_path": "/blob/v-zeqianju/dataset/tts/train_rec/train_5.wav",
            "synthesized_wav_path": "/blob/v-zeqianju/code/tts/fs2_fromyc/mm_lm_nat/checkpoints/kai_srfixbug/product_5w_v1.1big_segnoref_query8_small-cln_refenc_dmu_0_dwn_0_dmelw_1_dnoisew_1_vqweight_0.1_vq_dist_weight_0_dila_2_pe_scale_1/generated_0__v0_tp1.2//denoised_train_5.wav",
            "synthesize_phoneme_seq": [],
            "speaker_verification_score": 0.5533462762832642
        },
        {
            "reference_wav_path": "/blob/v-zeqianju/dataset/tts/train_rec/train_6.wav",
            "synthesized_wav_path": "/blob/v-zeqianju/code/tts/fs2_fromyc/mm_lm_nat/checkpoints/kai_srfixbug/product_5w_v1.1big_segnoref_query8_small-cln_refenc_dmu_0_dwn_0_dmelw_1_dnoisew_1_vqweight_0.1_vq_dist_weight_0_dila_2_pe_scale_1/generated_0__v0_tp1.2//denoised_train_6.wav",
            "synthesize_phoneme_seq": [],
            "speaker_verification_score": 0.8293344974517822
        },
        {
            "reference_wav_path": "/blob/v-zeqianju/dataset/tts/train_rec/train_7.wav",
            "synthesized_wav_path": "/blob/v-zeqianju/code/tts/fs2_fromyc/mm_lm_nat/checkpoints/kai_srfixbug/product_5w_v1.1big_segnoref_query8_small-cln_refenc_dmu_0_dwn_0_dmelw_1_dnoisew_1_vqweight_0.1_vq_dist_weight_0_dila_2_pe_scale_1/generated_0__v0_tp1.2//denoised_train_7.wav",
            "synthesize_phoneme_seq": [],
            "speaker_verification_score": 0.8032077550888062
        },
        {
            "reference_wav_path": "/blob/v-zeqianju/dataset/tts/train_rec/train_8.wav",
            "synthesized_wav_path": "/blob/v-zeqianju/code/tts/fs2_fromyc/mm_lm_nat/checkpoints/kai_srfixbug/product_5w_v1.1big_segnoref_query8_small-cln_refenc_dmu_0_dwn_0_dmelw_1_dnoisew_1_vqweight_0.1_vq_dist_weight_0_dila_2_pe_scale_1/generated_0__v0_tp1.2//denoised_train_8.wav",
            "synthesize_phoneme_seq": [],
            "speaker_verification_score": 0.797669529914856
        },
        {
            "reference_wav_path": "/blob/v-zeqianju/dataset/tts/train_rec/train_9.wav",
            "synthesized_wav_path": "/blob/v-zeqianju/code/tts/fs2_fromyc/mm_lm_nat/checkpoints/kai_srfixbug/product_5w_v1.1big_segnoref_query8_small-cln_refenc_dmu_0_dwn_0_dmelw_1_dnoisew_1_vqweight_0.1_vq_dist_weight_0_dila_2_pe_scale_1/generated_0__v0_tp1.2//denoised_train_9.wav",
            "synthesize_phoneme_seq": [],
            "speaker_verification_score": 0.6086089611053467
        }
    ],
    "mean_speaker_verification_score": 0.7527012264728546
}