{
    "dataset": "train_randomclip_rec",
    "test_cases": [
        {
            "reference_wav_path": "/blob/v-zeqianju/dataset/tts/train_randomclip_rec/train_0.wav",
            "synthesized_wav_path": "/blob/v-zeqianju/code/tts/fs2_fromyc/mm_lm_nat/checkpoints/kai_srfixbug/product_5w_v1.1big_segnoref_query8_small-cln_refenc_dmu_0_dwn_0_dmelw_1_dnoisew_1_vqweight_0.1_vq_dist_weight_0_dila_2_pe_scale_1/generated_0__v0_tp1.2//denoised_train_0.wav",
            "synthesize_phoneme_seq": [],
            "speaker_verification_score": 0.6530656218528748
        },
        {
            "reference_wav_path": "/blob/v-zeqianju/dataset/tts/train_randomclip_rec/train_1.wav",
            "synthesized_wav_path": "/blob/v-zeqianju/code/tts/fs2_fromyc/mm_lm_nat/checkpoints/kai_srfixbug/product_5w_v1.1big_segnoref_query8_small-cln_refenc_dmu_0_dwn_0_dmelw_1_dnoisew_1_vqweight_0.1_vq_dist_weight_0_dila_2_pe_scale_1/generated_0__v0_tp1.2//denoised_train_1.wav",
            "synthesize_phoneme_seq": [],
            "speaker_verification_score": 0.478750079870224
        },
        {
            "reference_wav_path": "/blob/v-zeqianju/dataset/tts/train_randomclip_rec/train_10.wav",
            "synthesized_wav_path": "/blob/v-zeqianju/code/tts/fs2_fromyc/mm_lm_nat/checkpoints/kai_srfixbug/product_5w_v1.1big_segnoref_query8_small-cln_refenc_dmu_0_dwn_0_dmelw_1_dnoisew_1_vqweight_0.1_vq_dist_weight_0_dila_2_pe_scale_1/generated_0__v0_tp1.2//denoised_train_10.wav",
            "synthesize_phoneme_seq": [],
            "speaker_verification_score": 0.7801927328109741
        },
        {
            "reference_wav_path": "/blob/v-zeqianju/dataset/tts/train_randomclip_rec/train_11.wav",
            "synthesized_wav_path": "/blob/v-zeqianju/code/tts/fs2_fromyc/mm_lm_nat/checkpoints/kai_srfixbug/product_5w_v1.1big_segnoref_query8_small-cln_refenc_dmu_0_dwn_0_dmelw_1_dnoisew_1_vqweight_0.1_vq_dist_weight_0_dila_2_pe_scale_1/generated_0__v0_tp1.2//denoised_train_11.wav",
            "synthesize_phoneme_seq": [],
            "speaker_verification_score": 0.6476259231567383
        },
        {
            "reference_wav_path": "/blob/v-zeqianju/dataset/tts/train_randomclip_rec/train_12.wav",
            "synthesized_wav_path": "/blob/v-zeqianju/code/tts/fs2_fromyc/mm_lm_nat/checkpoints/kai_srfixbug/product_5w_v1.1big_segnoref_query8_small-cln_refenc_dmu_0_dwn_0_dmelw_1_dnoisew_1_vqweight_0.1_vq_dist_weight_0_dila_2_pe_scale_1/generated_0__v0_tp1.2//denoised_train_12.wav",
            "synthesize_phoneme_seq": [],
            "speaker_verification_score": 0.7397744655609131
        },
        {
            "reference_wav_path": "/blob/v-zeqianju/dataset/tts/train_randomclip_rec/train_13.wav",
            "synthesized_wav_path": "/blob/v-zeqianju/code/tts/fs2_fromyc/mm_lm_nat/checkpoints/kai_srfixbug/product_5w_v1.1big_segnoref_query8_small-cln_refenc_dmu_0_dwn_0_dmelw_1_dnoisew_1_vqweight_0.1_vq_dist_weight_0_dila_2_pe_scale_1/generated_0__v0_tp1.2//denoised_train_13.wav",
            "synthesize_phoneme_seq": [],
            "speaker_verification_score": 0.6907340288162231
        },
        {
            "reference_wav_path": "/blob/v-zeqianju/dataset/tts/train_randomclip_rec/train_14.wav",
            "synthesized_wav_path": "/blob/v-zeqianju/code/tts/fs2_fromyc/mm_lm_nat/checkpoints/kai_srfixbug/product_5w_v1.1big_segnoref_query8_small-cln_refenc_dmu_0_dwn_0_dmelw_1_dnoisew_1_vqweight_0.1_vq_dist_weight_0_dila_2_pe_scale_1/generated_0__v0_tp1.2//denoised_train_14.wav",
            "synthesize_phoneme_seq": [],
            "speaker_verification_score": 0.42479151487350464
        },
        {
            "reference_wav_path": "/blob/v-zeqianju/dataset/tts/train_randomclip_rec/train_15.wav",
            "synthesized_wav_path": "/blob/v-zeqianju/code/tts/fs2_fromyc/mm_lm_nat/checkpoints/kai_srfixbug/product_5w_v1.1big_segnoref_query8_small-cln_refenc_dmu_0_dwn_0_dmelw_1_dnoisew_1_vqweight_0.1_vq_dist_weight_0_dila_2_pe_scale_1/generated_0__v0_tp1.2//denoised_train_15.wav",
            "synthesize_phoneme_seq": [],
            "speaker_verification_score": 0.5681662559509277
        },
        {
            "reference_wav_path": "/blob/v-zeqianju/dataset/tts/train_randomclip_rec/train_16.wav",
            "synthesized_wav_path": "/blob/v-zeqianju/code/tts/fs2_fromyc/mm_lm_nat/checkpoints/kai_srfixbug/product_5w_v1.1big_segnoref_query8_small-cln_refenc_dmu_0_dwn_0_dmelw_1_dnoisew_1_vqweight_0.1_vq_dist_weight_0_dila_2_pe_scale_1/generated_0__v0_tp1.2//denoised_train_16.wav",
            "synthesize_phoneme_seq": [],
            "speaker_verification_score": 0.6043925285339355
        },
        {
            "reference_wav_path": "/blob/v-zeqianju/dataset/tts/train_randomclip_rec/train_17.wav",
            "synthesized_wav_path": "/blob/v-zeqianju/code/tts/fs2_fromyc/mm_lm_nat/checkpoints/kai_srfixbug/product_5w_v1.1big_segnoref_query8_small-cln_refenc_dmu_0_dwn_0_dmelw_1_dnoisew_1_vqweight_0.1_vq_dist_weight_0_dila_2_pe_scale_1/generated_0__v0_tp1.2//denoised_train_17.wav",
            "synthesize_phoneme_seq": [],
            "speaker_verification_score": 0.5298720002174377
        },
        {
            "reference_wav_path": "/blob/v-zeqianju/dataset/tts/train_randomclip_rec/train_18.wav",
            "synthesized_wav_path": "/blob/v-zeqianju/code/tts/fs2_fromyc/mm_lm_nat/checkpoints/kai_srfixbug/product_5w_v1.1big_segnoref_query8_small-cln_refenc_dmu_0_dwn_0_dmelw_1_dnoisew_1_vqweight_0.1_vq_dist_weight_0_dila_2_pe_scale_1/generated_0__v0_tp1.2//denoised_train_18.wav",
            "synthesize_phoneme_seq": [],
            "speaker_verification_score": 0.25902459025382996
        },
        {
            "reference_wav_path": "/blob/v-zeqianju/dataset/tts/train_randomclip_rec/train_19.wav",
            "synthesized_wav_path": "/blob/v-zeqianju/code/tts/fs2_fromyc/mm_lm_nat/checkpoints/kai_srfixbug/product_5w_v1.1big_segnoref_query8_small-cln_refenc_dmu_0_dwn_0_dmelw_1_dnoisew_1_vqweight_0.1_vq_dist_weight_0_dila_2_pe_scale_1/generated_0__v0_tp1.2//denoised_train_19.wav",
            "synthesize_phoneme_seq": [],
            "speaker_verification_score": 0.47656163573265076
        },
        {
            "reference_wav_path": "/blob/v-zeqianju/dataset/tts/train_randomclip_rec/train_2.wav",
            "synthesized_wav_path": "/blob/v-zeqianju/code/tts/fs2_fromyc/mm_lm_nat/checkpoints/kai_srfixbug/product_5w_v1.1big_segnoref_query8_small-cln_refenc_dmu_0_dwn_0_dmelw_1_dnoisew_1_vqweight_0.1_vq_dist_weight_0_dila_2_pe_scale_1/generated_0__v0_tp1.2//denoised_train_2.wav",
            "synthesize_phoneme_seq": [],
            "speaker_verification_score": 0.5487104654312134
        },
        {
            "reference_wav_path": "/blob/v-zeqianju/dataset/tts/train_randomclip_rec/train_20.wav",
            "synthesized_wav_path": "/blob/v-zeqianju/code/tts/fs2_fromyc/mm_lm_nat/checkpoints/kai_srfixbug/product_5w_v1.1big_segnoref_query8_small-cln_refenc_dmu_0_dwn_0_dmelw_1_dnoisew_1_vqweight_0.1_vq_dist_weight_0_dila_2_pe_scale_1/generated_0__v0_tp1.2//denoised_train_20.wav",
            "synthesize_phoneme_seq": [],
            "speaker_verification_score": 0.265676349401474
        },
        {
            "reference_wav_path": "/blob/v-zeqianju/dataset/tts/train_randomclip_rec/train_21.wav",
            "synthesized_wav_path": "/blob/v-zeqianju/code/tts/fs2_fromyc/mm_lm_nat/checkpoints/kai_srfixbug/product_5w_v1.1big_segnoref_query8_small-cln_refenc_dmu_0_dwn_0_dmelw_1_dnoisew_1_vqweight_0.1_vq_dist_weight_0_dila_2_pe_scale_1/generated_0__v0_tp1.2//denoised_train_21.wav",
            "synthesize_phoneme_seq": [],
            "speaker_verification_score": 0.5425961017608643
        },
        {
            "reference_wav_path": "/blob/v-zeqianju/dataset/tts/train_randomclip_rec/train_22.wav",
            "synthesized_wav_path": "/blob/v-zeqianju/code/tts/fs2_fromyc/mm_lm_nat/checkpoints/kai_srfixbug/product_5w_v1.1big_segnoref_query8_small-cln_refenc_dmu_0_dwn_0_dmelw_1_dnoisew_1_vqweight_0.1_vq_dist_weight_0_dila_2_pe_scale_1/generated_0__v0_tp1.2//denoised_train_22.wav",
            "synthesize_phoneme_seq": [],
            "speaker_verification_score": 0.7288487553596497
        },
        {
            "reference_wav_path": "/blob/v-zeqianju/dataset/tts/train_randomclip_rec/train_23.wav",
            "synthesized_wav_path": "/blob/v-zeqianju/code/tts/fs2_fromyc/mm_lm_nat/checkpoints/kai_srfixbug/product_5w_v1.1big_segnoref_query8_small-cln_refenc_dmu_0_dwn_0_dmelw_1_dnoisew_1_vqweight_0.1_vq_dist_weight_0_dila_2_pe_scale_1/generated_0__v0_tp1.2//denoised_train_23.wav",
            "synthesize_phoneme_seq": [],
            "speaker_verification_score": 0.7801135778427124
        },
        {
            "reference_wav_path": "/blob/v-zeqianju/dataset/tts/train_randomclip_rec/train_24.wav",
            "synthesized_wav_path": "/blob/v-zeqianju/code/tts/fs2_fromyc/mm_lm_nat/checkpoints/kai_srfixbug/product_5w_v1.1big_segnoref_query8_small-cln_refenc_dmu_0_dwn_0_dmelw_1_dnoisew_1_vqweight_0.1_vq_dist_weight_0_dila_2_pe_scale_1/generated_0__v0_tp1.2//denoised_train_24.wav",
            "synthesize_phoneme_seq": [],
            "speaker_verification_score": 0.562653660774231
        },
        {
            "reference_wav_path": "/blob/v-zeqianju/dataset/tts/train_randomclip_rec/train_25.wav",
            "synthesized_wav_path": "/blob/v-zeqianju/code/tts/fs2_fromyc/mm_lm_nat/checkpoints/kai_srfixbug/product_5w_v1.1big_segnoref_query8_small-cln_refenc_dmu_0_dwn_0_dmelw_1_dnoisew_1_vqweight_0.1_vq_dist_weight_0_dila_2_pe_scale_1/generated_0__v0_tp1.2//denoised_train_25.wav",
            "synthesize_phoneme_seq": [],
            "speaker_verification_score": 0.698733389377594
        },
        {
            "reference_wav_path": "/blob/v-zeqianju/dataset/tts/train_randomclip_rec/train_26.wav",
            "synthesized_wav_path": "/blob/v-zeqianju/code/tts/fs2_fromyc/mm_lm_nat/checkpoints/kai_srfixbug/product_5w_v1.1big_segnoref_query8_small-cln_refenc_dmu_0_dwn_0_dmelw_1_dnoisew_1_vqweight_0.1_vq_dist_weight_0_dila_2_pe_scale_1/generated_0__v0_tp1.2//denoised_train_26.wav",
            "synthesize_phoneme_seq": [],
            "speaker_verification_score": 0.6821043491363525
        },
        {
            "reference_wav_path": "/blob/v-zeqianju/dataset/tts/train_randomclip_rec/train_27.wav",
            "synthesized_wav_path": "/blob/v-zeqianju/code/tts/fs2_fromyc/mm_lm_nat/checkpoints/kai_srfixbug/product_5w_v1.1big_segnoref_query8_small-cln_refenc_dmu_0_dwn_0_dmelw_1_dnoisew_1_vqweight_0.1_vq_dist_weight_0_dila_2_pe_scale_1/generated_0__v0_tp1.2//denoised_train_27.wav",
            "synthesize_phoneme_seq": [],
            "speaker_verification_score": 0.6552958488464355
        },
        {
            "reference_wav_path": "/blob/v-zeqianju/dataset/tts/train_randomclip_rec/train_28.wav",
            "synthesized_wav_path": "/blob/v-zeqianju/code/tts/fs2_fromyc/mm_lm_nat/checkpoints/kai_srfixbug/product_5w_v1.1big_segnoref_query8_small-cln_refenc_dmu_0_dwn_0_dmelw_1_dnoisew_1_vqweight_0.1_vq_dist_weight_0_dila_2_pe_scale_1/generated_0__v0_tp1.2//denoised_train_28.wav",
            "synthesize_phoneme_seq": [],
            "speaker_verification_score": 0.7072890996932983
        },
        {
            "reference_wav_path": "/blob/v-zeqianju/dataset/tts/train_randomclip_rec/train_29.wav",
            "synthesized_wav_path": "/blob/v-zeqianju/code/tts/fs2_fromyc/mm_lm_nat/checkpoints/kai_srfixbug/product_5w_v1.1big_segnoref_query8_small-cln_refenc_dmu_0_dwn_0_dmelw_1_dnoisew_1_vqweight_0.1_vq_dist_weight_0_dila_2_pe_scale_1/generated_0__v0_tp1.2//denoised_train_29.wav",
            "synthesize_phoneme_seq": [],
            "speaker_verification_score": 0.3483402132987976
        },
        {
            "reference_wav_path": "/blob/v-zeqianju/dataset/tts/train_randomclip_rec/train_3.wav",
            "synthesized_wav_path": "/blob/v-zeqianju/code/tts/fs2_fromyc/mm_lm_nat/checkpoints/kai_srfixbug/product_5w_v1.1big_segnoref_query8_small-cln_refenc_dmu_0_dwn_0_dmelw_1_dnoisew_1_vqweight_0.1_vq_dist_weight_0_dila_2_pe_scale_1/generated_0__v0_tp1.2//denoised_train_3.wav",
            "synthesize_phoneme_seq": [],
            "speaker_verification_score": 0.695502519607544
        },
        {
            "reference_wav_path": "/blob/v-zeqianju/dataset/tts/train_randomclip_rec/train_30.wav",
            "synthesized_wav_path": "/blob/v-zeqianju/code/tts/fs2_fromyc/mm_lm_nat/checkpoints/kai_srfixbug/product_5w_v1.1big_segnoref_query8_small-cln_refenc_dmu_0_dwn_0_dmelw_1_dnoisew_1_vqweight_0.1_vq_dist_weight_0_dila_2_pe_scale_1/generated_0__v0_tp1.2//denoised_train_30.wav",
            "synthesize_phoneme_seq": [],
            "speaker_verification_score": 0.3373662233352661
        },
        {
            "reference_wav_path": "/blob/v-zeqianju/dataset/tts/train_randomclip_rec/train_31.wav",
            "synthesized_wav_path": "/blob/v-zeqianju/code/tts/fs2_fromyc/mm_lm_nat/checkpoints/kai_srfixbug/product_5w_v1.1big_segnoref_query8_small-cln_refenc_dmu_0_dwn_0_dmelw_1_dnoisew_1_vqweight_0.1_vq_dist_weight_0_dila_2_pe_scale_1/generated_0__v0_tp1.2//denoised_train_31.wav",
            "synthesize_phoneme_seq": [],
            "speaker_verification_score": 0.6320866346359253
        },
        {
            "reference_wav_path": "/blob/v-zeqianju/dataset/tts/train_randomclip_rec/train_32.wav",
            "synthesized_wav_path": "/blob/v-zeqianju/code/tts/fs2_fromyc/mm_lm_nat/checkpoints/kai_srfixbug/product_5w_v1.1big_segnoref_query8_small-cln_refenc_dmu_0_dwn_0_dmelw_1_dnoisew_1_vqweight_0.1_vq_dist_weight_0_dila_2_pe_scale_1/generated_0__v0_tp1.2//denoised_train_32.wav",
            "synthesize_phoneme_seq": [],
            "speaker_verification_score": 0.7610679864883423
        },
        {
            "reference_wav_path": "/blob/v-zeqianju/dataset/tts/train_randomclip_rec/train_33.wav",
            "synthesized_wav_path": "/blob/v-zeqianju/code/tts/fs2_fromyc/mm_lm_nat/checkpoints/kai_srfixbug/product_5w_v1.1big_segnoref_query8_small-cln_refenc_dmu_0_dwn_0_dmelw_1_dnoisew_1_vqweight_0.1_vq_dist_weight_0_dila_2_pe_scale_1/generated_0__v0_tp1.2//denoised_train_33.wav",
            "synthesize_phoneme_seq": [],
            "speaker_verification_score": 0.7255127429962158
        },
        {
            "reference_wav_path": "/blob/v-zeqianju/dataset/tts/train_randomclip_rec/train_34.wav",
            "synthesized_wav_path": "/blob/v-zeqianju/code/tts/fs2_fromyc/mm_lm_nat/checkpoints/kai_srfixbug/product_5w_v1.1big_segnoref_query8_small-cln_refenc_dmu_0_dwn_0_dmelw_1_dnoisew_1_vqweight_0.1_vq_dist_weight_0_dila_2_pe_scale_1/generated_0__v0_tp1.2//denoised_train_34.wav",
            "synthesize_phoneme_seq": [],
            "speaker_verification_score": 0.5940013527870178
        },
        {
            "reference_wav_path": "/blob/v-zeqianju/dataset/tts/train_randomclip_rec/train_35.wav",
            "synthesized_wav_path": "/blob/v-zeqianju/code/tts/fs2_fromyc/mm_lm_nat/checkpoints/kai_srfixbug/product_5w_v1.1big_segnoref_query8_small-cln_refenc_dmu_0_dwn_0_dmelw_1_dnoisew_1_vqweight_0.1_vq_dist_weight_0_dila_2_pe_scale_1/generated_0__v0_tp1.2//denoised_train_35.wav",
            "synthesize_phoneme_seq": [],
            "speaker_verification_score": 0.7612564563751221
        },
        {
            "reference_wav_path": "/blob/v-zeqianju/dataset/tts/train_randomclip_rec/train_36.wav",
            "synthesized_wav_path": "/blob/v-zeqianju/code/tts/fs2_fromyc/mm_lm_nat/checkpoints/kai_srfixbug/product_5w_v1.1big_segnoref_query8_small-cln_refenc_dmu_0_dwn_0_dmelw_1_dnoisew_1_vqweight_0.1_vq_dist_weight_0_dila_2_pe_scale_1/generated_0__v0_tp1.2//denoised_train_36.wav",
            "synthesize_phoneme_seq": [],
            "speaker_verification_score": 0.750581681728363
        },
        {
            "reference_wav_path": "/blob/v-zeqianju/dataset/tts/train_randomclip_rec/train_37.wav",
            "synthesized_wav_path": "/blob/v-zeqianju/code/tts/fs2_fromyc/mm_lm_nat/checkpoints/kai_srfixbug/product_5w_v1.1big_segnoref_query8_small-cln_refenc_dmu_0_dwn_0_dmelw_1_dnoisew_1_vqweight_0.1_vq_dist_weight_0_dila_2_pe_scale_1/generated_0__v0_tp1.2//denoised_train_37.wav",
            "synthesize_phoneme_seq": [],
            "speaker_verification_score": 0.5318374633789062
        },
        {
            "reference_wav_path": "/blob/v-zeqianju/dataset/tts/train_randomclip_rec/train_38.wav",
            "synthesized_wav_path": "/blob/v-zeqianju/code/tts/fs2_fromyc/mm_lm_nat/checkpoints/kai_srfixbug/product_5w_v1.1big_segnoref_query8_small-cln_refenc_dmu_0_dwn_0_dmelw_1_dnoisew_1_vqweight_0.1_vq_dist_weight_0_dila_2_pe_scale_1/generated_0__v0_tp1.2//denoised_train_38.wav",
            "synthesize_phoneme_seq": [],
            "speaker_verification_score": 0.5347332954406738
        },
        {
            "reference_wav_path": "/blob/v-zeqianju/dataset/tts/train_randomclip_rec/train_39.wav",
            "synthesized_wav_path": "/blob/v-zeqianju/code/tts/fs2_fromyc/mm_lm_nat/checkpoints/kai_srfixbug/product_5w_v1.1big_segnoref_query8_small-cln_refenc_dmu_0_dwn_0_dmelw_1_dnoisew_1_vqweight_0.1_vq_dist_weight_0_dila_2_pe_scale_1/generated_0__v0_tp1.2//denoised_train_39.wav",
            "synthesize_phoneme_seq": [],
            "speaker_verification_score": 0.6012255549430847
        },
        {
            "reference_wav_path": "/blob/v-zeqianju/dataset/tts/train_randomclip_rec/train_4.wav",
            "synthesized_wav_path": "/blob/v-zeqianju/code/tts/fs2_fromyc/mm_lm_nat/checkpoints/kai_srfixbug/product_5w_v1.1big_segnoref_query8_small-cln_refenc_dmu_0_dwn_0_dmelw_1_dnoisew_1_vqweight_0.1_vq_dist_weight_0_dila_2_pe_scale_1/generated_0__v0_tp1.2//denoised_train_4.wav",
            "synthesize_phoneme_seq": [],
            "speaker_verification_score": 0.6355764865875244
        },
        {
            "reference_wav_path": "/blob/v-zeqianju/dataset/tts/train_randomclip_rec/train_40.wav",
            "synthesized_wav_path": "/blob/v-zeqianju/code/tts/fs2_fromyc/mm_lm_nat/checkpoints/kai_srfixbug/product_5w_v1.1big_segnoref_query8_small-cln_refenc_dmu_0_dwn_0_dmelw_1_dnoisew_1_vqweight_0.1_vq_dist_weight_0_dila_2_pe_scale_1/generated_0__v0_tp1.2//denoised_train_40.wav",
            "synthesize_phoneme_seq": [],
            "speaker_verification_score": 0.7395277619361877
        },
        {
            "reference_wav_path": "/blob/v-zeqianju/dataset/tts/train_randomclip_rec/train_41.wav",
            "synthesized_wav_path": "/blob/v-zeqianju/code/tts/fs2_fromyc/mm_lm_nat/checkpoints/kai_srfixbug/product_5w_v1.1big_segnoref_query8_small-cln_refenc_dmu_0_dwn_0_dmelw_1_dnoisew_1_vqweight_0.1_vq_dist_weight_0_dila_2_pe_scale_1/generated_0__v0_tp1.2//denoised_train_41.wav",
            "synthesize_phoneme_seq": [],
            "speaker_verification_score": 0.7386987209320068
        },
        {
            "reference_wav_path": "/blob/v-zeqianju/dataset/tts/train_randomclip_rec/train_42.wav",
            "synthesized_wav_path": "/blob/v-zeqianju/code/tts/fs2_fromyc/mm_lm_nat/checkpoints/kai_srfixbug/product_5w_v1.1big_segnoref_query8_small-cln_refenc_dmu_0_dwn_0_dmelw_1_dnoisew_1_vqweight_0.1_vq_dist_weight_0_dila_2_pe_scale_1/generated_0__v0_tp1.2//denoised_train_42.wav",
            "synthesize_phoneme_seq": [],
            "speaker_verification_score": 0.5411721467971802
        },
        {
            "reference_wav_path": "/blob/v-zeqianju/dataset/tts/train_randomclip_rec/train_43.wav",
            "synthesized_wav_path": "/blob/v-zeqianju/code/tts/fs2_fromyc/mm_lm_nat/checkpoints/kai_srfixbug/product_5w_v1.1big_segnoref_query8_small-cln_refenc_dmu_0_dwn_0_dmelw_1_dnoisew_1_vqweight_0.1_vq_dist_weight_0_dila_2_pe_scale_1/generated_0__v0_tp1.2//denoised_train_43.wav",
            "synthesize_phoneme_seq": [],
            "speaker_verification_score": 0.5561815500259399
        },
        {
            "reference_wav_path": "/blob/v-zeqianju/dataset/tts/train_randomclip_rec/train_44.wav",
            "synthesized_wav_path": "/blob/v-zeqianju/code/tts/fs2_fromyc/mm_lm_nat/checkpoints/kai_srfixbug/product_5w_v1.1big_segnoref_query8_small-cln_refenc_dmu_0_dwn_0_dmelw_1_dnoisew_1_vqweight_0.1_vq_dist_weight_0_dila_2_pe_scale_1/generated_0__v0_tp1.2//denoised_train_44.wav",
            "synthesize_phoneme_seq": [],
            "speaker_verification_score": 0.6160593032836914
        },
        {
            "reference_wav_path": "/blob/v-zeqianju/dataset/tts/train_randomclip_rec/train_45.wav",
            "synthesized_wav_path": "/blob/v-zeqianju/code/tts/fs2_fromyc/mm_lm_nat/checkpoints/kai_srfixbug/product_5w_v1.1big_segnoref_query8_small-cln_refenc_dmu_0_dwn_0_dmelw_1_dnoisew_1_vqweight_0.1_vq_dist_weight_0_dila_2_pe_scale_1/generated_0__v0_tp1.2//denoised_train_45.wav",
            "synthesize_phoneme_seq": [],
            "speaker_verification_score": 0.6645089387893677
        },
        {
            "reference_wav_path": "/blob/v-zeqianju/dataset/tts/train_randomclip_rec/train_46.wav",
            "synthesized_wav_path": "/blob/v-zeqianju/code/tts/fs2_fromyc/mm_lm_nat/checkpoints/kai_srfixbug/product_5w_v1.1big_segnoref_query8_small-cln_refenc_dmu_0_dwn_0_dmelw_1_dnoisew_1_vqweight_0.1_vq_dist_weight_0_dila_2_pe_scale_1/generated_0__v0_tp1.2//denoised_train_46.wav",
            "synthesize_phoneme_seq": [],
            "speaker_verification_score": 0.5728796124458313
        },
        {
            "reference_wav_path": "/blob/v-zeqianju/dataset/tts/train_randomclip_rec/train_47.wav",
            "synthesized_wav_path": "/blob/v-zeqianju/code/tts/fs2_fromyc/mm_lm_nat/checkpoints/kai_srfixbug/product_5w_v1.1big_segnoref_query8_small-cln_refenc_dmu_0_dwn_0_dmelw_1_dnoisew_1_vqweight_0.1_vq_dist_weight_0_dila_2_pe_scale_1/generated_0__v0_tp1.2//denoised_train_47.wav",
            "synthesize_phoneme_seq": [],
            "speaker_verification_score": 0.6542620658874512
        },
        {
            "reference_wav_path": "/blob/v-zeqianju/dataset/tts/train_randomclip_rec/train_48.wav",
            "synthesized_wav_path": "/blob/v-zeqianju/code/tts/fs2_fromyc/mm_lm_nat/checkpoints/kai_srfixbug/product_5w_v1.1big_segnoref_query8_small-cln_refenc_dmu_0_dwn_0_dmelw_1_dnoisew_1_vqweight_0.1_vq_dist_weight_0_dila_2_pe_scale_1/generated_0__v0_tp1.2//denoised_train_48.wav",
            "synthesize_phoneme_seq": [],
            "speaker_verification_score": 0.6599178910255432
        },
        {
            "reference_wav_path": "/blob/v-zeqianju/dataset/tts/train_randomclip_rec/train_49.wav",
            "synthesized_wav_path": "/blob/v-zeqianju/code/tts/fs2_fromyc/mm_lm_nat/checkpoints/kai_srfixbug/product_5w_v1.1big_segnoref_query8_small-cln_refenc_dmu_0_dwn_0_dmelw_1_dnoisew_1_vqweight_0.1_vq_dist_weight_0_dila_2_pe_scale_1/generated_0__v0_tp1.2//denoised_train_49.wav",
            "synthesize_phoneme_seq": [],
            "speaker_verification_score": 0.4506663680076599
        },
        {
            "reference_wav_path": "/blob/v-zeqianju/dataset/tts/train_randomclip_rec/train_5.wav",
            "synthesized_wav_path": "/blob/v-zeqianju/code/tts/fs2_fromyc/mm_lm_nat/checkpoints/kai_srfixbug/product_5w_v1.1big_segnoref_query8_small-cln_refenc_dmu_0_dwn_0_dmelw_1_dnoisew_1_vqweight_0.1_vq_dist_weight_0_dila_2_pe_scale_1/generated_0__v0_tp1.2//denoised_train_5.wav",
            "synthesize_phoneme_seq": [],
            "speaker_verification_score": 0.4539754390716553
        },
        {
            "reference_wav_path": "/blob/v-zeqianju/dataset/tts/train_randomclip_rec/train_6.wav",
            "synthesized_wav_path": "/blob/v-zeqianju/code/tts/fs2_fromyc/mm_lm_nat/checkpoints/kai_srfixbug/product_5w_v1.1big_segnoref_query8_small-cln_refenc_dmu_0_dwn_0_dmelw_1_dnoisew_1_vqweight_0.1_vq_dist_weight_0_dila_2_pe_scale_1/generated_0__v0_tp1.2//denoised_train_6.wav",
            "synthesize_phoneme_seq": [],
            "speaker_verification_score": 0.7602334022521973
        },
        {
            "reference_wav_path": "/blob/v-zeqianju/dataset/tts/train_randomclip_rec/train_7.wav",
            "synthesized_wav_path": "/blob/v-zeqianju/code/tts/fs2_fromyc/mm_lm_nat/checkpoints/kai_srfixbug/product_5w_v1.1big_segnoref_query8_small-cln_refenc_dmu_0_dwn_0_dmelw_1_dnoisew_1_vqweight_0.1_vq_dist_weight_0_dila_2_pe_scale_1/generated_0__v0_tp1.2//denoised_train_7.wav",
            "synthesize_phoneme_seq": [],
            "speaker_verification_score": 0.5516724586486816
        },
        {
            "reference_wav_path": "/blob/v-zeqianju/dataset/tts/train_randomclip_rec/train_8.wav",
            "synthesized_wav_path": "/blob/v-zeqianju/code/tts/fs2_fromyc/mm_lm_nat/checkpoints/kai_srfixbug/product_5w_v1.1big_segnoref_query8_small-cln_refenc_dmu_0_dwn_0_dmelw_1_dnoisew_1_vqweight_0.1_vq_dist_weight_0_dila_2_pe_scale_1/generated_0__v0_tp1.2//denoised_train_8.wav",
            "synthesize_phoneme_seq": [],
            "speaker_verification_score": 0.6524930000305176
        },
        {
            "reference_wav_path": "/blob/v-zeqianju/dataset/tts/train_randomclip_rec/train_9.wav",
            "synthesized_wav_path": "/blob/v-zeqianju/code/tts/fs2_fromyc/mm_lm_nat/checkpoints/kai_srfixbug/product_5w_v1.1big_segnoref_query8_small-cln_refenc_dmu_0_dwn_0_dmelw_1_dnoisew_1_vqweight_0.1_vq_dist_weight_0_dila_2_pe_scale_1/generated_0__v0_tp1.2//denoised_train_9.wav",
            "synthesize_phoneme_seq": [],
            "speaker_verification_score": 0.6929527521133423
        }
    ],
    "mean_speaker_verification_score": 0.6047852599620819
}