{
    "dataset": "v3_gt_full",
    "test_cases": [
        {
            "reference_wav_path": "/blob/v-zeqianju/dataset/tts/v3_gt_full/00014.wav",
            "synthesized_wav_path": "/blob/v-zeqianju/code/tts/fs2_fromyc/mm_lm_nat/checkpoints/kai_srfixbug/product_5w_v1.1big_segnoref_query8_small-cln_refenc_dmu_0_dwn_0_dmelw_1_dnoisew_1_vqweight_0.1_vq_dist_weight_0_dila_2_pe_scale_1/generated_0__v8_tp1.2/denoised_00014.wav",
            "synthesize_phoneme_seq": [],
            "speaker_verification_score": 0.3495509624481201
        },
        {
            "reference_wav_path": "/blob/v-zeqianju/dataset/tts/v3_gt_full/00016.wav",
            "synthesized_wav_path": "/blob/v-zeqianju/code/tts/fs2_fromyc/mm_lm_nat/checkpoints/kai_srfixbug/product_5w_v1.1big_segnoref_query8_small-cln_refenc_dmu_0_dwn_0_dmelw_1_dnoisew_1_vqweight_0.1_vq_dist_weight_0_dila_2_pe_scale_1/generated_0__v8_tp1.2/denoised_00016.wav",
            "synthesize_phoneme_seq": [],
            "speaker_verification_score": 0.3476368188858032
        },
        {
            "reference_wav_path": "/blob/v-zeqianju/dataset/tts/v3_gt_full/00002.flac",
            "synthesized_wav_path": "/blob/v-zeqianju/code/tts/fs2_fromyc/mm_lm_nat/checkpoints/kai_srfixbug/product_5w_v1.1big_segnoref_query8_small-cln_refenc_dmu_0_dwn_0_dmelw_1_dnoisew_1_vqweight_0.1_vq_dist_weight_0_dila_2_pe_scale_1/generated_0__v8_tp1.2/denoised_00002.wav",
            "synthesize_phoneme_seq": [],
            "speaker_verification_score": 0.29913651943206787
        },
        {
            "reference_wav_path": "/blob/v-zeqianju/dataset/tts/v3_gt_full/00006.flac",
            "synthesized_wav_path": "/blob/v-zeqianju/code/tts/fs2_fromyc/mm_lm_nat/checkpoints/kai_srfixbug/product_5w_v1.1big_segnoref_query8_small-cln_refenc_dmu_0_dwn_0_dmelw_1_dnoisew_1_vqweight_0.1_vq_dist_weight_0_dila_2_pe_scale_1/generated_0__v8_tp1.2/denoised_00006.wav",
            "synthesize_phoneme_seq": [],
            "speaker_verification_score": 0.45376279950141907
        },
        {
            "reference_wav_path": "/blob/v-zeqianju/dataset/tts/v3_gt_full/00007.flac",
            "synthesized_wav_path": "/blob/v-zeqianju/code/tts/fs2_fromyc/mm_lm_nat/checkpoints/kai_srfixbug/product_5w_v1.1big_segnoref_query8_small-cln_refenc_dmu_0_dwn_0_dmelw_1_dnoisew_1_vqweight_0.1_vq_dist_weight_0_dila_2_pe_scale_1/generated_0__v8_tp1.2/denoised_00007.wav",
            "synthesize_phoneme_seq": [],
            "speaker_verification_score": 0.52378249168396
        },
        {
            "reference_wav_path": "/blob/v-zeqianju/dataset/tts/v3_gt_full/00008.flac",
            "synthesized_wav_path": "/blob/v-zeqianju/code/tts/fs2_fromyc/mm_lm_nat/checkpoints/kai_srfixbug/product_5w_v1.1big_segnoref_query8_small-cln_refenc_dmu_0_dwn_0_dmelw_1_dnoisew_1_vqweight_0.1_vq_dist_weight_0_dila_2_pe_scale_1/generated_0__v8_tp1.2/denoised_00008.wav",
            "synthesize_phoneme_seq": [],
            "speaker_verification_score": 0.5506960153579712
        },
        {
            "reference_wav_path": "/blob/v-zeqianju/dataset/tts/v3_gt_full/00005.flac",
            "synthesized_wav_path": "/blob/v-zeqianju/code/tts/fs2_fromyc/mm_lm_nat/checkpoints/kai_srfixbug/product_5w_v1.1big_segnoref_query8_small-cln_refenc_dmu_0_dwn_0_dmelw_1_dnoisew_1_vqweight_0.1_vq_dist_weight_0_dila_2_pe_scale_1/generated_0__v8_tp1.2/denoised_00005.wav",
            "synthesize_phoneme_seq": [],
            "speaker_verification_score": 0.453310489654541
        },
        {
            "reference_wav_path": "/blob/v-zeqianju/dataset/tts/v3_gt_full/00011.wav",
            "synthesized_wav_path": "/blob/v-zeqianju/code/tts/fs2_fromyc/mm_lm_nat/checkpoints/kai_srfixbug/product_5w_v1.1big_segnoref_query8_small-cln_refenc_dmu_0_dwn_0_dmelw_1_dnoisew_1_vqweight_0.1_vq_dist_weight_0_dila_2_pe_scale_1/generated_0__v8_tp1.2/denoised_00011.wav",
            "synthesize_phoneme_seq": [],
            "speaker_verification_score": 0.2901644706726074
        },
        {
            "reference_wav_path": "/blob/v-zeqianju/dataset/tts/v3_gt_full/00012.wav",
            "synthesized_wav_path": "/blob/v-zeqianju/code/tts/fs2_fromyc/mm_lm_nat/checkpoints/kai_srfixbug/product_5w_v1.1big_segnoref_query8_small-cln_refenc_dmu_0_dwn_0_dmelw_1_dnoisew_1_vqweight_0.1_vq_dist_weight_0_dila_2_pe_scale_1/generated_0__v8_tp1.2/denoised_00012.wav",
            "synthesize_phoneme_seq": [],
            "speaker_verification_score": 0.4137253165245056
        },
        {
            "reference_wav_path": "/blob/v-zeqianju/dataset/tts/v3_gt_full/00015.wav",
            "synthesized_wav_path": "/blob/v-zeqianju/code/tts/fs2_fromyc/mm_lm_nat/checkpoints/kai_srfixbug/product_5w_v1.1big_segnoref_query8_small-cln_refenc_dmu_0_dwn_0_dmelw_1_dnoisew_1_vqweight_0.1_vq_dist_weight_0_dila_2_pe_scale_1/generated_0__v8_tp1.2/denoised_00015.wav",
            "synthesize_phoneme_seq": [],
            "speaker_verification_score": 0.15800486505031586
        },
        {
            "reference_wav_path": "/blob/v-zeqianju/dataset/tts/v3_gt_full/00013.wav",
            "synthesized_wav_path": "/blob/v-zeqianju/code/tts/fs2_fromyc/mm_lm_nat/checkpoints/kai_srfixbug/product_5w_v1.1big_segnoref_query8_small-cln_refenc_dmu_0_dwn_0_dmelw_1_dnoisew_1_vqweight_0.1_vq_dist_weight_0_dila_2_pe_scale_1/generated_0__v8_tp1.2/denoised_00013.wav",
            "synthesize_phoneme_seq": [],
            "speaker_verification_score": 0.23787721991539001
        },
        {
            "reference_wav_path": "/blob/v-zeqianju/dataset/tts/v3_gt_full/00010.wav",
            "synthesized_wav_path": "/blob/v-zeqianju/code/tts/fs2_fromyc/mm_lm_nat/checkpoints/kai_srfixbug/product_5w_v1.1big_segnoref_query8_small-cln_refenc_dmu_0_dwn_0_dmelw_1_dnoisew_1_vqweight_0.1_vq_dist_weight_0_dila_2_pe_scale_1/generated_0__v8_tp1.2/denoised_00010.wav",
            "synthesize_phoneme_seq": [],
            "speaker_verification_score": 0.31773489713668823
        },
        {
            "reference_wav_path": "/blob/v-zeqianju/dataset/tts/v3_gt_full/00004.flac",
            "synthesized_wav_path": "/blob/v-zeqianju/code/tts/fs2_fromyc/mm_lm_nat/checkpoints/kai_srfixbug/product_5w_v1.1big_segnoref_query8_small-cln_refenc_dmu_0_dwn_0_dmelw_1_dnoisew_1_vqweight_0.1_vq_dist_weight_0_dila_2_pe_scale_1/generated_0__v8_tp1.2/denoised_00004.wav",
            "synthesize_phoneme_seq": [],
            "speaker_verification_score": 0.4343205392360687
        },
        {
            "reference_wav_path": "/blob/v-zeqianju/dataset/tts/v3_gt_full/00003.flac",
            "synthesized_wav_path": "/blob/v-zeqianju/code/tts/fs2_fromyc/mm_lm_nat/checkpoints/kai_srfixbug/product_5w_v1.1big_segnoref_query8_small-cln_refenc_dmu_0_dwn_0_dmelw_1_dnoisew_1_vqweight_0.1_vq_dist_weight_0_dila_2_pe_scale_1/generated_0__v8_tp1.2/denoised_00003.wav",
            "synthesize_phoneme_seq": [],
            "speaker_verification_score": 0.3975949287414551
        },
        {
            "reference_wav_path": "/blob/v-zeqianju/dataset/tts/v3_gt_full/00001.flac",
            "synthesized_wav_path": "/blob/v-zeqianju/code/tts/fs2_fromyc/mm_lm_nat/checkpoints/kai_srfixbug/product_5w_v1.1big_segnoref_query8_small-cln_refenc_dmu_0_dwn_0_dmelw_1_dnoisew_1_vqweight_0.1_vq_dist_weight_0_dila_2_pe_scale_1/generated_0__v8_tp1.2/denoised_00001.wav",
            "synthesize_phoneme_seq": [],
            "speaker_verification_score": 0.4746045470237732
        },
        {
            "reference_wav_path": "/blob/v-zeqianju/dataset/tts/v3_gt_full/00009.wav",
            "synthesized_wav_path": "/blob/v-zeqianju/code/tts/fs2_fromyc/mm_lm_nat/checkpoints/kai_srfixbug/product_5w_v1.1big_segnoref_query8_small-cln_refenc_dmu_0_dwn_0_dmelw_1_dnoisew_1_vqweight_0.1_vq_dist_weight_0_dila_2_pe_scale_1/generated_0__v8_tp1.2/denoised_00009.wav",
            "synthesize_phoneme_seq": [],
            "speaker_verification_score": 0.07000552117824554
        }
    ],
    "mean_speaker_verification_score": 0.36074427515268326
}