{
    "dataset": "v3_gt",
    "test_cases": [
        {
            "reference_wav_path": "/blob/v-zeqianju/dataset/tts/v3_gt/00002.wav",
            "synthesized_wav_path": "/blob/v-zeqianju/code/tts/fs2_fromyc/mm_lm_nat/checkpoints/kai_srfixbug/product_5w_v1.1big_segnoref_query8_small-cln_refenc_dmu_0_dwn_0_dmelw_1_dnoisew_1_vqweight_0.1_vq_dist_weight_0_dila_2_pe_scale_1/generated_0__v7_tp1.2/denoised_00002.wav",
            "synthesize_phoneme_seq": [],
            "speaker_verification_score": 0.2309584617614746
        },
        {
            "reference_wav_path": "/blob/v-zeqianju/dataset/tts/v3_gt/00014.wav",
            "synthesized_wav_path": "/blob/v-zeqianju/code/tts/fs2_fromyc/mm_lm_nat/checkpoints/kai_srfixbug/product_5w_v1.1big_segnoref_query8_small-cln_refenc_dmu_0_dwn_0_dmelw_1_dnoisew_1_vqweight_0.1_vq_dist_weight_0_dila_2_pe_scale_1/generated_0__v7_tp1.2/denoised_00014.wav",
            "synthesize_phoneme_seq": [],
            "speaker_verification_score": 0.03435315191745758
        },
        {
            "reference_wav_path": "/blob/v-zeqianju/dataset/tts/v3_gt/00007.wav",
            "synthesized_wav_path": "/blob/v-zeqianju/code/tts/fs2_fromyc/mm_lm_nat/checkpoints/kai_srfixbug/product_5w_v1.1big_segnoref_query8_small-cln_refenc_dmu_0_dwn_0_dmelw_1_dnoisew_1_vqweight_0.1_vq_dist_weight_0_dila_2_pe_scale_1/generated_0__v7_tp1.2/denoised_00007.wav",
            "synthesize_phoneme_seq": [],
            "speaker_verification_score": 0.37626194953918457
        },
        {
            "reference_wav_path": "/blob/v-zeqianju/dataset/tts/v3_gt/00016.wav",
            "synthesized_wav_path": "/blob/v-zeqianju/code/tts/fs2_fromyc/mm_lm_nat/checkpoints/kai_srfixbug/product_5w_v1.1big_segnoref_query8_small-cln_refenc_dmu_0_dwn_0_dmelw_1_dnoisew_1_vqweight_0.1_vq_dist_weight_0_dila_2_pe_scale_1/generated_0__v7_tp1.2/denoised_00016.wav",
            "synthesize_phoneme_seq": [],
            "speaker_verification_score": 0.29424798488616943
        },
        {
            "reference_wav_path": "/blob/v-zeqianju/dataset/tts/v3_gt/00004.wav",
            "synthesized_wav_path": "/blob/v-zeqianju/code/tts/fs2_fromyc/mm_lm_nat/checkpoints/kai_srfixbug/product_5w_v1.1big_segnoref_query8_small-cln_refenc_dmu_0_dwn_0_dmelw_1_dnoisew_1_vqweight_0.1_vq_dist_weight_0_dila_2_pe_scale_1/generated_0__v7_tp1.2/denoised_00004.wav",
            "synthesize_phoneme_seq": [],
            "speaker_verification_score": 0.23466061055660248
        },
        {
            "reference_wav_path": "/blob/v-zeqianju/dataset/tts/v3_gt/00001.wav",
            "synthesized_wav_path": "/blob/v-zeqianju/code/tts/fs2_fromyc/mm_lm_nat/checkpoints/kai_srfixbug/product_5w_v1.1big_segnoref_query8_small-cln_refenc_dmu_0_dwn_0_dmelw_1_dnoisew_1_vqweight_0.1_vq_dist_weight_0_dila_2_pe_scale_1/generated_0__v7_tp1.2/denoised_00001.wav",
            "synthesize_phoneme_seq": [],
            "speaker_verification_score": 0.41067251563072205
        },
        {
            "reference_wav_path": "/blob/v-zeqianju/dataset/tts/v3_gt/00006.wav",
            "synthesized_wav_path": "/blob/v-zeqianju/code/tts/fs2_fromyc/mm_lm_nat/checkpoints/kai_srfixbug/product_5w_v1.1big_segnoref_query8_small-cln_refenc_dmu_0_dwn_0_dmelw_1_dnoisew_1_vqweight_0.1_vq_dist_weight_0_dila_2_pe_scale_1/generated_0__v7_tp1.2/denoised_00006.wav",
            "synthesize_phoneme_seq": [],
            "speaker_verification_score": 0.4406445026397705
        },
        {
            "reference_wav_path": "/blob/v-zeqianju/dataset/tts/v3_gt/00008.wav",
            "synthesized_wav_path": "/blob/v-zeqianju/code/tts/fs2_fromyc/mm_lm_nat/checkpoints/kai_srfixbug/product_5w_v1.1big_segnoref_query8_small-cln_refenc_dmu_0_dwn_0_dmelw_1_dnoisew_1_vqweight_0.1_vq_dist_weight_0_dila_2_pe_scale_1/generated_0__v7_tp1.2/denoised_00008.wav",
            "synthesize_phoneme_seq": [],
            "speaker_verification_score": 0.3352447748184204
        },
        {
            "reference_wav_path": "/blob/v-zeqianju/dataset/tts/v3_gt/00011.wav",
            "synthesized_wav_path": "/blob/v-zeqianju/code/tts/fs2_fromyc/mm_lm_nat/checkpoints/kai_srfixbug/product_5w_v1.1big_segnoref_query8_small-cln_refenc_dmu_0_dwn_0_dmelw_1_dnoisew_1_vqweight_0.1_vq_dist_weight_0_dila_2_pe_scale_1/generated_0__v7_tp1.2/denoised_00011.wav",
            "synthesize_phoneme_seq": [],
            "speaker_verification_score": 0.225205197930336
        },
        {
            "reference_wav_path": "/blob/v-zeqianju/dataset/tts/v3_gt/00012.wav",
            "synthesized_wav_path": "/blob/v-zeqianju/code/tts/fs2_fromyc/mm_lm_nat/checkpoints/kai_srfixbug/product_5w_v1.1big_segnoref_query8_small-cln_refenc_dmu_0_dwn_0_dmelw_1_dnoisew_1_vqweight_0.1_vq_dist_weight_0_dila_2_pe_scale_1/generated_0__v7_tp1.2/denoised_00012.wav",
            "synthesize_phoneme_seq": [],
            "speaker_verification_score": 0.28806203603744507
        },
        {
            "reference_wav_path": "/blob/v-zeqianju/dataset/tts/v3_gt/00015.wav",
            "synthesized_wav_path": "/blob/v-zeqianju/code/tts/fs2_fromyc/mm_lm_nat/checkpoints/kai_srfixbug/product_5w_v1.1big_segnoref_query8_small-cln_refenc_dmu_0_dwn_0_dmelw_1_dnoisew_1_vqweight_0.1_vq_dist_weight_0_dila_2_pe_scale_1/generated_0__v7_tp1.2/denoised_00015.wav",
            "synthesize_phoneme_seq": [],
            "speaker_verification_score": 0.17100873589515686
        },
        {
            "reference_wav_path": "/blob/v-zeqianju/dataset/tts/v3_gt/00013.wav",
            "synthesized_wav_path": "/blob/v-zeqianju/code/tts/fs2_fromyc/mm_lm_nat/checkpoints/kai_srfixbug/product_5w_v1.1big_segnoref_query8_small-cln_refenc_dmu_0_dwn_0_dmelw_1_dnoisew_1_vqweight_0.1_vq_dist_weight_0_dila_2_pe_scale_1/generated_0__v7_tp1.2/denoised_00013.wav",
            "synthesize_phoneme_seq": [],
            "speaker_verification_score": 0.35857707262039185
        },
        {
            "reference_wav_path": "/blob/v-zeqianju/dataset/tts/v3_gt/00010.wav",
            "synthesized_wav_path": "/blob/v-zeqianju/code/tts/fs2_fromyc/mm_lm_nat/checkpoints/kai_srfixbug/product_5w_v1.1big_segnoref_query8_small-cln_refenc_dmu_0_dwn_0_dmelw_1_dnoisew_1_vqweight_0.1_vq_dist_weight_0_dila_2_pe_scale_1/generated_0__v7_tp1.2/denoised_00010.wav",
            "synthesize_phoneme_seq": [],
            "speaker_verification_score": 0.21019187569618225
        },
        {
            "reference_wav_path": "/blob/v-zeqianju/dataset/tts/v3_gt/00003.wav",
            "synthesized_wav_path": "/blob/v-zeqianju/code/tts/fs2_fromyc/mm_lm_nat/checkpoints/kai_srfixbug/product_5w_v1.1big_segnoref_query8_small-cln_refenc_dmu_0_dwn_0_dmelw_1_dnoisew_1_vqweight_0.1_vq_dist_weight_0_dila_2_pe_scale_1/generated_0__v7_tp1.2/denoised_00003.wav",
            "synthesize_phoneme_seq": [],
            "speaker_verification_score": 0.40453410148620605
        },
        {
            "reference_wav_path": "/blob/v-zeqianju/dataset/tts/v3_gt/00009.wav",
            "synthesized_wav_path": "/blob/v-zeqianju/code/tts/fs2_fromyc/mm_lm_nat/checkpoints/kai_srfixbug/product_5w_v1.1big_segnoref_query8_small-cln_refenc_dmu_0_dwn_0_dmelw_1_dnoisew_1_vqweight_0.1_vq_dist_weight_0_dila_2_pe_scale_1/generated_0__v7_tp1.2/denoised_00009.wav",
            "synthesize_phoneme_seq": [],
            "speaker_verification_score": 0.15527445077896118
        },
        {
            "reference_wav_path": "/blob/v-zeqianju/dataset/tts/v3_gt/00005.wav",
            "synthesized_wav_path": "/blob/v-zeqianju/code/tts/fs2_fromyc/mm_lm_nat/checkpoints/kai_srfixbug/product_5w_v1.1big_segnoref_query8_small-cln_refenc_dmu_0_dwn_0_dmelw_1_dnoisew_1_vqweight_0.1_vq_dist_weight_0_dila_2_pe_scale_1/generated_0__v7_tp1.2/denoised_00005.wav",
            "synthesize_phoneme_seq": [],
            "speaker_verification_score": 0.302216500043869
        }
    ],
    "mean_speaker_verification_score": 0.27950712013989687
}