{
    "dataset": "v3_gt",
    "test_cases": [
        {
            "reference_wav_path": "/blob/v-zeqianju/dataset/tts/v3_gt/00001.wav",
            "synthesized_wav_path": "/blob/v-zeqianju/code/tts/fs2_fromyc/mm_lm_nat/checkpoints/kai_srfixbug/product_5w_v1.1big_segnoref_query32_small-cln-spkdrop0.1-single-fix40-sepw-n3_refenc_dmu_0_dwn_0_dmelw_1_dnoisew_1_vqweight_0.1_vq_dist_weight_0_dila_2_pe_scale_1/generated_0__v7_tp1.2cf3/denoised_00001.wav",
            "synthesize_phoneme_seq": [],
            "speaker_verification_score": 0.37317320704460144
        },
        {
            "reference_wav_path": "/blob/v-zeqianju/dataset/tts/v3_gt/00002.wav",
            "synthesized_wav_path": "/blob/v-zeqianju/code/tts/fs2_fromyc/mm_lm_nat/checkpoints/kai_srfixbug/product_5w_v1.1big_segnoref_query32_small-cln-spkdrop0.1-single-fix40-sepw-n3_refenc_dmu_0_dwn_0_dmelw_1_dnoisew_1_vqweight_0.1_vq_dist_weight_0_dila_2_pe_scale_1/generated_0__v7_tp1.2cf3/denoised_00002.wav",
            "synthesize_phoneme_seq": [],
            "speaker_verification_score": 0.173310324549675
        },
        {
            "reference_wav_path": "/blob/v-zeqianju/dataset/tts/v3_gt/00003.wav",
            "synthesized_wav_path": "/blob/v-zeqianju/code/tts/fs2_fromyc/mm_lm_nat/checkpoints/kai_srfixbug/product_5w_v1.1big_segnoref_query32_small-cln-spkdrop0.1-single-fix40-sepw-n3_refenc_dmu_0_dwn_0_dmelw_1_dnoisew_1_vqweight_0.1_vq_dist_weight_0_dila_2_pe_scale_1/generated_0__v7_tp1.2cf3/denoised_00003.wav",
            "synthesize_phoneme_seq": [],
            "speaker_verification_score": 0.1687002182006836
        },
        {
            "reference_wav_path": "/blob/v-zeqianju/dataset/tts/v3_gt/00004.wav",
            "synthesized_wav_path": "/blob/v-zeqianju/code/tts/fs2_fromyc/mm_lm_nat/checkpoints/kai_srfixbug/product_5w_v1.1big_segnoref_query32_small-cln-spkdrop0.1-single-fix40-sepw-n3_refenc_dmu_0_dwn_0_dmelw_1_dnoisew_1_vqweight_0.1_vq_dist_weight_0_dila_2_pe_scale_1/generated_0__v7_tp1.2cf3/denoised_00004.wav",
            "synthesize_phoneme_seq": [],
            "speaker_verification_score": 0.2589781880378723
        },
        {
            "reference_wav_path": "/blob/v-zeqianju/dataset/tts/v3_gt/00005.wav",
            "synthesized_wav_path": "/blob/v-zeqianju/code/tts/fs2_fromyc/mm_lm_nat/checkpoints/kai_srfixbug/product_5w_v1.1big_segnoref_query32_small-cln-spkdrop0.1-single-fix40-sepw-n3_refenc_dmu_0_dwn_0_dmelw_1_dnoisew_1_vqweight_0.1_vq_dist_weight_0_dila_2_pe_scale_1/generated_0__v7_tp1.2cf3/denoised_00005.wav",
            "synthesize_phoneme_seq": [],
            "speaker_verification_score": 0.4273485839366913
        },
        {
            "reference_wav_path": "/blob/v-zeqianju/dataset/tts/v3_gt/00006.wav",
            "synthesized_wav_path": "/blob/v-zeqianju/code/tts/fs2_fromyc/mm_lm_nat/checkpoints/kai_srfixbug/product_5w_v1.1big_segnoref_query32_small-cln-spkdrop0.1-single-fix40-sepw-n3_refenc_dmu_0_dwn_0_dmelw_1_dnoisew_1_vqweight_0.1_vq_dist_weight_0_dila_2_pe_scale_1/generated_0__v7_tp1.2cf3/denoised_00006.wav",
            "synthesize_phoneme_seq": [],
            "speaker_verification_score": 0.36904236674308777
        },
        {
            "reference_wav_path": "/blob/v-zeqianju/dataset/tts/v3_gt/00007.wav",
            "synthesized_wav_path": "/blob/v-zeqianju/code/tts/fs2_fromyc/mm_lm_nat/checkpoints/kai_srfixbug/product_5w_v1.1big_segnoref_query32_small-cln-spkdrop0.1-single-fix40-sepw-n3_refenc_dmu_0_dwn_0_dmelw_1_dnoisew_1_vqweight_0.1_vq_dist_weight_0_dila_2_pe_scale_1/generated_0__v7_tp1.2cf3/denoised_00007.wav",
            "synthesize_phoneme_seq": [],
            "speaker_verification_score": 0.32802048325538635
        },
        {
            "reference_wav_path": "/blob/v-zeqianju/dataset/tts/v3_gt/00008.wav",
            "synthesized_wav_path": "/blob/v-zeqianju/code/tts/fs2_fromyc/mm_lm_nat/checkpoints/kai_srfixbug/product_5w_v1.1big_segnoref_query32_small-cln-spkdrop0.1-single-fix40-sepw-n3_refenc_dmu_0_dwn_0_dmelw_1_dnoisew_1_vqweight_0.1_vq_dist_weight_0_dila_2_pe_scale_1/generated_0__v7_tp1.2cf3/denoised_00008.wav",
            "synthesize_phoneme_seq": [],
            "speaker_verification_score": 0.3720339834690094
        },
        {
            "reference_wav_path": "/blob/v-zeqianju/dataset/tts/v3_gt/00009.wav",
            "synthesized_wav_path": "/blob/v-zeqianju/code/tts/fs2_fromyc/mm_lm_nat/checkpoints/kai_srfixbug/product_5w_v1.1big_segnoref_query32_small-cln-spkdrop0.1-single-fix40-sepw-n3_refenc_dmu_0_dwn_0_dmelw_1_dnoisew_1_vqweight_0.1_vq_dist_weight_0_dila_2_pe_scale_1/generated_0__v7_tp1.2cf3/denoised_00009.wav",
            "synthesize_phoneme_seq": [],
            "speaker_verification_score": 0.16171960532665253
        },
        {
            "reference_wav_path": "/blob/v-zeqianju/dataset/tts/v3_gt/00010.wav",
            "synthesized_wav_path": "/blob/v-zeqianju/code/tts/fs2_fromyc/mm_lm_nat/checkpoints/kai_srfixbug/product_5w_v1.1big_segnoref_query32_small-cln-spkdrop0.1-single-fix40-sepw-n3_refenc_dmu_0_dwn_0_dmelw_1_dnoisew_1_vqweight_0.1_vq_dist_weight_0_dila_2_pe_scale_1/generated_0__v7_tp1.2cf3/denoised_00010.wav",
            "synthesize_phoneme_seq": [],
            "speaker_verification_score": 0.1559257060289383
        },
        {
            "reference_wav_path": "/blob/v-zeqianju/dataset/tts/v3_gt/00011.wav",
            "synthesized_wav_path": "/blob/v-zeqianju/code/tts/fs2_fromyc/mm_lm_nat/checkpoints/kai_srfixbug/product_5w_v1.1big_segnoref_query32_small-cln-spkdrop0.1-single-fix40-sepw-n3_refenc_dmu_0_dwn_0_dmelw_1_dnoisew_1_vqweight_0.1_vq_dist_weight_0_dila_2_pe_scale_1/generated_0__v7_tp1.2cf3/denoised_00011.wav",
            "synthesize_phoneme_seq": [],
            "speaker_verification_score": 0.18132251501083374
        },
        {
            "reference_wav_path": "/blob/v-zeqianju/dataset/tts/v3_gt/00012.wav",
            "synthesized_wav_path": "/blob/v-zeqianju/code/tts/fs2_fromyc/mm_lm_nat/checkpoints/kai_srfixbug/product_5w_v1.1big_segnoref_query32_small-cln-spkdrop0.1-single-fix40-sepw-n3_refenc_dmu_0_dwn_0_dmelw_1_dnoisew_1_vqweight_0.1_vq_dist_weight_0_dila_2_pe_scale_1/generated_0__v7_tp1.2cf3/denoised_00012.wav",
            "synthesize_phoneme_seq": [],
            "speaker_verification_score": 0.23758524656295776
        },
        {
            "reference_wav_path": "/blob/v-zeqianju/dataset/tts/v3_gt/00013.wav",
            "synthesized_wav_path": "/blob/v-zeqianju/code/tts/fs2_fromyc/mm_lm_nat/checkpoints/kai_srfixbug/product_5w_v1.1big_segnoref_query32_small-cln-spkdrop0.1-single-fix40-sepw-n3_refenc_dmu_0_dwn_0_dmelw_1_dnoisew_1_vqweight_0.1_vq_dist_weight_0_dila_2_pe_scale_1/generated_0__v7_tp1.2cf3/denoised_00013.wav",
            "synthesize_phoneme_seq": [],
            "speaker_verification_score": 0.293285608291626
        },
        {
            "reference_wav_path": "/blob/v-zeqianju/dataset/tts/v3_gt/00014.wav",
            "synthesized_wav_path": "/blob/v-zeqianju/code/tts/fs2_fromyc/mm_lm_nat/checkpoints/kai_srfixbug/product_5w_v1.1big_segnoref_query32_small-cln-spkdrop0.1-single-fix40-sepw-n3_refenc_dmu_0_dwn_0_dmelw_1_dnoisew_1_vqweight_0.1_vq_dist_weight_0_dila_2_pe_scale_1/generated_0__v7_tp1.2cf3/denoised_00014.wav",
            "synthesize_phoneme_seq": [],
            "speaker_verification_score": 0.2723822295665741
        },
        {
            "reference_wav_path": "/blob/v-zeqianju/dataset/tts/v3_gt/00015.wav",
            "synthesized_wav_path": "/blob/v-zeqianju/code/tts/fs2_fromyc/mm_lm_nat/checkpoints/kai_srfixbug/product_5w_v1.1big_segnoref_query32_small-cln-spkdrop0.1-single-fix40-sepw-n3_refenc_dmu_0_dwn_0_dmelw_1_dnoisew_1_vqweight_0.1_vq_dist_weight_0_dila_2_pe_scale_1/generated_0__v7_tp1.2cf3/denoised_00015.wav",
            "synthesize_phoneme_seq": [],
            "speaker_verification_score": 0.0710027888417244
        },
        {
            "reference_wav_path": "/blob/v-zeqianju/dataset/tts/v3_gt/00016.wav",
            "synthesized_wav_path": "/blob/v-zeqianju/code/tts/fs2_fromyc/mm_lm_nat/checkpoints/kai_srfixbug/product_5w_v1.1big_segnoref_query32_small-cln-spkdrop0.1-single-fix40-sepw-n3_refenc_dmu_0_dwn_0_dmelw_1_dnoisew_1_vqweight_0.1_vq_dist_weight_0_dila_2_pe_scale_1/generated_0__v7_tp1.2cf3/denoised_00016.wav",
            "synthesize_phoneme_seq": [],
            "speaker_verification_score": 0.2544434070587158
        }
    ],
    "mean_speaker_verification_score": 0.25614215387031436
}