{
    "dataset": "v3_norm",
    "test_cases": [
        {
            "reference_wav_path": "/blob/v-zeqianju/dataset/tts/Valle_demo/00001.wav",
            "synthesized_wav_path": "/blob/v-zeqianju/code/tts/fs2_fromyc/mm_lm_nat/checkpoints/kai_srfixbug/product_5w_v1.1big_segnoref_per4_new-cln_refenc_dmu_0_dwn_0_dmelw_1_dnoisew_1_vqweight_0.1_vq_dist_weight_0_dila_2_pe_scale_1/generated_0__v3_tp1.0/denoised_00001.wav",
            "synthesize_phoneme_seq": [],
            "speaker_verification_score": 0.5796957015991211
        },
        {
            "reference_wav_path": "/blob/v-zeqianju/dataset/tts/Valle_demo/00002.wav",
            "synthesized_wav_path": "/blob/v-zeqianju/code/tts/fs2_fromyc/mm_lm_nat/checkpoints/kai_srfixbug/product_5w_v1.1big_segnoref_per4_new-cln_refenc_dmu_0_dwn_0_dmelw_1_dnoisew_1_vqweight_0.1_vq_dist_weight_0_dila_2_pe_scale_1/generated_0__v3_tp1.0/denoised_00002.wav",
            "synthesize_phoneme_seq": [],
            "speaker_verification_score": 0.5644510984420776
        },
        {
            "reference_wav_path": "/blob/v-zeqianju/dataset/tts/Valle_demo/00003.wav",
            "synthesized_wav_path": "/blob/v-zeqianju/code/tts/fs2_fromyc/mm_lm_nat/checkpoints/kai_srfixbug/product_5w_v1.1big_segnoref_per4_new-cln_refenc_dmu_0_dwn_0_dmelw_1_dnoisew_1_vqweight_0.1_vq_dist_weight_0_dila_2_pe_scale_1/generated_0__v3_tp1.0/denoised_00003.wav",
            "synthesize_phoneme_seq": [],
            "speaker_verification_score": 0.31619635224342346
        },
        {
            "reference_wav_path": "/blob/v-zeqianju/dataset/tts/Valle_demo/00004.wav",
            "synthesized_wav_path": "/blob/v-zeqianju/code/tts/fs2_fromyc/mm_lm_nat/checkpoints/kai_srfixbug/product_5w_v1.1big_segnoref_per4_new-cln_refenc_dmu_0_dwn_0_dmelw_1_dnoisew_1_vqweight_0.1_vq_dist_weight_0_dila_2_pe_scale_1/generated_0__v3_tp1.0/denoised_00004.wav",
            "synthesize_phoneme_seq": [],
            "speaker_verification_score": 0.492223858833313
        },
        {
            "reference_wav_path": "/blob/v-zeqianju/dataset/tts/Valle_demo/00005.wav",
            "synthesized_wav_path": "/blob/v-zeqianju/code/tts/fs2_fromyc/mm_lm_nat/checkpoints/kai_srfixbug/product_5w_v1.1big_segnoref_per4_new-cln_refenc_dmu_0_dwn_0_dmelw_1_dnoisew_1_vqweight_0.1_vq_dist_weight_0_dila_2_pe_scale_1/generated_0__v3_tp1.0/denoised_00005.wav",
            "synthesize_phoneme_seq": [],
            "speaker_verification_score": 0.3792141079902649
        },
        {
            "reference_wav_path": "/blob/v-zeqianju/dataset/tts/Valle_demo/00006.wav",
            "synthesized_wav_path": "/blob/v-zeqianju/code/tts/fs2_fromyc/mm_lm_nat/checkpoints/kai_srfixbug/product_5w_v1.1big_segnoref_per4_new-cln_refenc_dmu_0_dwn_0_dmelw_1_dnoisew_1_vqweight_0.1_vq_dist_weight_0_dila_2_pe_scale_1/generated_0__v3_tp1.0/denoised_00006.wav",
            "synthesize_phoneme_seq": [],
            "speaker_verification_score": 0.6070065498352051
        },
        {
            "reference_wav_path": "/blob/v-zeqianju/dataset/tts/Valle_demo/00007.wav",
            "synthesized_wav_path": "/blob/v-zeqianju/code/tts/fs2_fromyc/mm_lm_nat/checkpoints/kai_srfixbug/product_5w_v1.1big_segnoref_per4_new-cln_refenc_dmu_0_dwn_0_dmelw_1_dnoisew_1_vqweight_0.1_vq_dist_weight_0_dila_2_pe_scale_1/generated_0__v3_tp1.0/denoised_00007.wav",
            "synthesize_phoneme_seq": [],
            "speaker_verification_score": 0.6364873051643372
        },
        {
            "reference_wav_path": "/blob/v-zeqianju/dataset/tts/Valle_demo/00008.wav",
            "synthesized_wav_path": "/blob/v-zeqianju/code/tts/fs2_fromyc/mm_lm_nat/checkpoints/kai_srfixbug/product_5w_v1.1big_segnoref_per4_new-cln_refenc_dmu_0_dwn_0_dmelw_1_dnoisew_1_vqweight_0.1_vq_dist_weight_0_dila_2_pe_scale_1/generated_0__v3_tp1.0/denoised_00008.wav",
            "synthesize_phoneme_seq": [],
            "speaker_verification_score": 0.5289005637168884
        },
        {
            "reference_wav_path": "/blob/v-zeqianju/dataset/tts/Valle_demo/00009.wav",
            "synthesized_wav_path": "/blob/v-zeqianju/code/tts/fs2_fromyc/mm_lm_nat/checkpoints/kai_srfixbug/product_5w_v1.1big_segnoref_per4_new-cln_refenc_dmu_0_dwn_0_dmelw_1_dnoisew_1_vqweight_0.1_vq_dist_weight_0_dila_2_pe_scale_1/generated_0__v3_tp1.0/denoised_00009.wav",
            "synthesize_phoneme_seq": [],
            "speaker_verification_score": 0.21519266068935394
        },
        {
            "reference_wav_path": "/blob/v-zeqianju/dataset/tts/Valle_demo/00010.wav",
            "synthesized_wav_path": "/blob/v-zeqianju/code/tts/fs2_fromyc/mm_lm_nat/checkpoints/kai_srfixbug/product_5w_v1.1big_segnoref_per4_new-cln_refenc_dmu_0_dwn_0_dmelw_1_dnoisew_1_vqweight_0.1_vq_dist_weight_0_dila_2_pe_scale_1/generated_0__v3_tp1.0/denoised_00010.wav",
            "synthesize_phoneme_seq": [],
            "speaker_verification_score": 0.4362133741378784
        },
        {
            "reference_wav_path": "/blob/v-zeqianju/dataset/tts/Valle_demo/00011.wav",
            "synthesized_wav_path": "/blob/v-zeqianju/code/tts/fs2_fromyc/mm_lm_nat/checkpoints/kai_srfixbug/product_5w_v1.1big_segnoref_per4_new-cln_refenc_dmu_0_dwn_0_dmelw_1_dnoisew_1_vqweight_0.1_vq_dist_weight_0_dila_2_pe_scale_1/generated_0__v3_tp1.0/denoised_00011.wav",
            "synthesize_phoneme_seq": [],
            "speaker_verification_score": 0.23790062963962555
        },
        {
            "reference_wav_path": "/blob/v-zeqianju/dataset/tts/Valle_demo/00012.wav",
            "synthesized_wav_path": "/blob/v-zeqianju/code/tts/fs2_fromyc/mm_lm_nat/checkpoints/kai_srfixbug/product_5w_v1.1big_segnoref_per4_new-cln_refenc_dmu_0_dwn_0_dmelw_1_dnoisew_1_vqweight_0.1_vq_dist_weight_0_dila_2_pe_scale_1/generated_0__v3_tp1.0/denoised_00012.wav",
            "synthesize_phoneme_seq": [],
            "speaker_verification_score": 0.48929423093795776
        },
        {
            "reference_wav_path": "/blob/v-zeqianju/dataset/tts/Valle_demo/00013.wav",
            "synthesized_wav_path": "/blob/v-zeqianju/code/tts/fs2_fromyc/mm_lm_nat/checkpoints/kai_srfixbug/product_5w_v1.1big_segnoref_per4_new-cln_refenc_dmu_0_dwn_0_dmelw_1_dnoisew_1_vqweight_0.1_vq_dist_weight_0_dila_2_pe_scale_1/generated_0__v3_tp1.0/denoised_00013.wav",
            "synthesize_phoneme_seq": [],
            "speaker_verification_score": 0.3483196794986725
        },
        {
            "reference_wav_path": "/blob/v-zeqianju/dataset/tts/Valle_demo/00014.wav",
            "synthesized_wav_path": "/blob/v-zeqianju/code/tts/fs2_fromyc/mm_lm_nat/checkpoints/kai_srfixbug/product_5w_v1.1big_segnoref_per4_new-cln_refenc_dmu_0_dwn_0_dmelw_1_dnoisew_1_vqweight_0.1_vq_dist_weight_0_dila_2_pe_scale_1/generated_0__v3_tp1.0/denoised_00014.wav",
            "synthesize_phoneme_seq": [],
            "speaker_verification_score": 0.29636305570602417
        },
        {
            "reference_wav_path": "/blob/v-zeqianju/dataset/tts/Valle_demo/00015.wav",
            "synthesized_wav_path": "/blob/v-zeqianju/code/tts/fs2_fromyc/mm_lm_nat/checkpoints/kai_srfixbug/product_5w_v1.1big_segnoref_per4_new-cln_refenc_dmu_0_dwn_0_dmelw_1_dnoisew_1_vqweight_0.1_vq_dist_weight_0_dila_2_pe_scale_1/generated_0__v3_tp1.0/denoised_00015.wav",
            "synthesize_phoneme_seq": [],
            "speaker_verification_score": 0.23647809028625488
        },
        {
            "reference_wav_path": "/blob/v-zeqianju/dataset/tts/Valle_demo/00016.wav",
            "synthesized_wav_path": "/blob/v-zeqianju/code/tts/fs2_fromyc/mm_lm_nat/checkpoints/kai_srfixbug/product_5w_v1.1big_segnoref_per4_new-cln_refenc_dmu_0_dwn_0_dmelw_1_dnoisew_1_vqweight_0.1_vq_dist_weight_0_dila_2_pe_scale_1/generated_0__v3_tp1.0/denoised_00016.wav",
            "synthesize_phoneme_seq": [],
            "speaker_verification_score": 0.34397315979003906
        },
        {
            "reference_wav_path": "/blob/v-zeqianju/dataset/tts/Valle_demo/00017.wav",
            "synthesized_wav_path": "/blob/v-zeqianju/code/tts/fs2_fromyc/mm_lm_nat/checkpoints/kai_srfixbug/product_5w_v1.1big_segnoref_per4_new-cln_refenc_dmu_0_dwn_0_dmelw_1_dnoisew_1_vqweight_0.1_vq_dist_weight_0_dila_2_pe_scale_1/generated_0__v3_tp1.0/denoised_00017.wav",
            "synthesize_phoneme_seq": [],
            "speaker_verification_score": 0.20031233131885529
        },
        {
            "reference_wav_path": "/blob/v-zeqianju/dataset/tts/Valle_demo/00018.wav",
            "synthesized_wav_path": "/blob/v-zeqianju/code/tts/fs2_fromyc/mm_lm_nat/checkpoints/kai_srfixbug/product_5w_v1.1big_segnoref_per4_new-cln_refenc_dmu_0_dwn_0_dmelw_1_dnoisew_1_vqweight_0.1_vq_dist_weight_0_dila_2_pe_scale_1/generated_0__v3_tp1.0/denoised_00018.wav",
            "synthesize_phoneme_seq": [],
            "speaker_verification_score": 0.272890567779541
        },
        {
            "reference_wav_path": "/blob/v-zeqianju/dataset/tts/Valle_demo/00019.wav",
            "synthesized_wav_path": "/blob/v-zeqianju/code/tts/fs2_fromyc/mm_lm_nat/checkpoints/kai_srfixbug/product_5w_v1.1big_segnoref_per4_new-cln_refenc_dmu_0_dwn_0_dmelw_1_dnoisew_1_vqweight_0.1_vq_dist_weight_0_dila_2_pe_scale_1/generated_0__v3_tp1.0/denoised_00019.wav",
            "synthesize_phoneme_seq": [],
            "speaker_verification_score": 0.23084060847759247
        },
        {
            "reference_wav_path": "/blob/v-zeqianju/dataset/tts/Valle_demo/00020.wav",
            "synthesized_wav_path": "/blob/v-zeqianju/code/tts/fs2_fromyc/mm_lm_nat/checkpoints/kai_srfixbug/product_5w_v1.1big_segnoref_per4_new-cln_refenc_dmu_0_dwn_0_dmelw_1_dnoisew_1_vqweight_0.1_vq_dist_weight_0_dila_2_pe_scale_1/generated_0__v3_tp1.0/denoised_00020.wav",
            "synthesize_phoneme_seq": [],
            "speaker_verification_score": 0.3312561511993408
        },
        {
            "reference_wav_path": "/blob/v-zeqianju/dataset/tts/Valle_demo/00021.wav",
            "synthesized_wav_path": "/blob/v-zeqianju/code/tts/fs2_fromyc/mm_lm_nat/checkpoints/kai_srfixbug/product_5w_v1.1big_segnoref_per4_new-cln_refenc_dmu_0_dwn_0_dmelw_1_dnoisew_1_vqweight_0.1_vq_dist_weight_0_dila_2_pe_scale_1/generated_0__v3_tp1.0/denoised_00021.wav",
            "synthesize_phoneme_seq": [],
            "speaker_verification_score": 0.1648438274860382
        },
        {
            "reference_wav_path": "/blob/v-zeqianju/dataset/tts/Valle_demo/00022.wav",
            "synthesized_wav_path": "/blob/v-zeqianju/code/tts/fs2_fromyc/mm_lm_nat/checkpoints/kai_srfixbug/product_5w_v1.1big_segnoref_per4_new-cln_refenc_dmu_0_dwn_0_dmelw_1_dnoisew_1_vqweight_0.1_vq_dist_weight_0_dila_2_pe_scale_1/generated_0__v3_tp1.0/denoised_00022.wav",
            "synthesize_phoneme_seq": [],
            "speaker_verification_score": 0.27496346831321716
        },
        {
            "reference_wav_path": "/blob/v-zeqianju/dataset/tts/Valle_demo/00023.wav",
            "synthesized_wav_path": "/blob/v-zeqianju/code/tts/fs2_fromyc/mm_lm_nat/checkpoints/kai_srfixbug/product_5w_v1.1big_segnoref_per4_new-cln_refenc_dmu_0_dwn_0_dmelw_1_dnoisew_1_vqweight_0.1_vq_dist_weight_0_dila_2_pe_scale_1/generated_0__v3_tp1.0/denoised_00023.wav",
            "synthesize_phoneme_seq": [],
            "speaker_verification_score": 0.3871156573295593
        },
        {
            "reference_wav_path": "/blob/v-zeqianju/dataset/tts/Valle_demo/00024.wav",
            "synthesized_wav_path": "/blob/v-zeqianju/code/tts/fs2_fromyc/mm_lm_nat/checkpoints/kai_srfixbug/product_5w_v1.1big_segnoref_per4_new-cln_refenc_dmu_0_dwn_0_dmelw_1_dnoisew_1_vqweight_0.1_vq_dist_weight_0_dila_2_pe_scale_1/generated_0__v3_tp1.0/denoised_00024.wav",
            "synthesize_phoneme_seq": [],
            "speaker_verification_score": 0.12341922521591187
        },
        {
            "reference_wav_path": "/blob/v-zeqianju/dataset/tts/Valle_demo/00025.wav",
            "synthesized_wav_path": "/blob/v-zeqianju/code/tts/fs2_fromyc/mm_lm_nat/checkpoints/kai_srfixbug/product_5w_v1.1big_segnoref_per4_new-cln_refenc_dmu_0_dwn_0_dmelw_1_dnoisew_1_vqweight_0.1_vq_dist_weight_0_dila_2_pe_scale_1/generated_0__v3_tp1.0/denoised_00025.wav",
            "synthesize_phoneme_seq": [],
            "speaker_verification_score": 0.29879140853881836
        },
        {
            "reference_wav_path": "/blob/v-zeqianju/dataset/tts/Valle_demo/00026.wav",
            "synthesized_wav_path": "/blob/v-zeqianju/code/tts/fs2_fromyc/mm_lm_nat/checkpoints/kai_srfixbug/product_5w_v1.1big_segnoref_per4_new-cln_refenc_dmu_0_dwn_0_dmelw_1_dnoisew_1_vqweight_0.1_vq_dist_weight_0_dila_2_pe_scale_1/generated_0__v3_tp1.0/denoised_00026.wav",
            "synthesize_phoneme_seq": [],
            "speaker_verification_score": 0.11185842752456665
        },
        {
            "reference_wav_path": "/blob/v-zeqianju/dataset/tts/Valle_demo/00027.wav",
            "synthesized_wav_path": "/blob/v-zeqianju/code/tts/fs2_fromyc/mm_lm_nat/checkpoints/kai_srfixbug/product_5w_v1.1big_segnoref_per4_new-cln_refenc_dmu_0_dwn_0_dmelw_1_dnoisew_1_vqweight_0.1_vq_dist_weight_0_dila_2_pe_scale_1/generated_0__v3_tp1.0/denoised_00027.wav",
            "synthesize_phoneme_seq": [],
            "speaker_verification_score": 0.30663201212882996
        },
        {
            "reference_wav_path": "/blob/v-zeqianju/dataset/tts/Valle_demo/00028.wav",
            "synthesized_wav_path": "/blob/v-zeqianju/code/tts/fs2_fromyc/mm_lm_nat/checkpoints/kai_srfixbug/product_5w_v1.1big_segnoref_per4_new-cln_refenc_dmu_0_dwn_0_dmelw_1_dnoisew_1_vqweight_0.1_vq_dist_weight_0_dila_2_pe_scale_1/generated_0__v3_tp1.0/denoised_00028.wav",
            "synthesize_phoneme_seq": [],
            "speaker_verification_score": 0.19954925775527954
        },
        {
            "reference_wav_path": "/blob/v-zeqianju/dataset/tts/Valle_demo/00029.wav",
            "synthesized_wav_path": "/blob/v-zeqianju/code/tts/fs2_fromyc/mm_lm_nat/checkpoints/kai_srfixbug/product_5w_v1.1big_segnoref_per4_new-cln_refenc_dmu_0_dwn_0_dmelw_1_dnoisew_1_vqweight_0.1_vq_dist_weight_0_dila_2_pe_scale_1/generated_0__v3_tp1.0/denoised_00029.wav",
            "synthesize_phoneme_seq": [],
            "speaker_verification_score": 0.37913382053375244
        },
        {
            "reference_wav_path": "/blob/v-zeqianju/dataset/tts/Valle_demo/00030.wav",
            "synthesized_wav_path": "/blob/v-zeqianju/code/tts/fs2_fromyc/mm_lm_nat/checkpoints/kai_srfixbug/product_5w_v1.1big_segnoref_per4_new-cln_refenc_dmu_0_dwn_0_dmelw_1_dnoisew_1_vqweight_0.1_vq_dist_weight_0_dila_2_pe_scale_1/generated_0__v3_tp1.0/denoised_00030.wav",
            "synthesize_phoneme_seq": [],
            "speaker_verification_score": 0.2728886008262634
        },
        {
            "reference_wav_path": "/blob/v-zeqianju/dataset/tts/Valle_demo/00031.wav",
            "synthesized_wav_path": "/blob/v-zeqianju/code/tts/fs2_fromyc/mm_lm_nat/checkpoints/kai_srfixbug/product_5w_v1.1big_segnoref_per4_new-cln_refenc_dmu_0_dwn_0_dmelw_1_dnoisew_1_vqweight_0.1_vq_dist_weight_0_dila_2_pe_scale_1/generated_0__v3_tp1.0/denoised_00031.wav",
            "synthesize_phoneme_seq": [],
            "speaker_verification_score": 0.5378032922744751
        },
        {
            "reference_wav_path": "/blob/v-zeqianju/dataset/tts/Valle_demo/00032.wav",
            "synthesized_wav_path": "/blob/v-zeqianju/code/tts/fs2_fromyc/mm_lm_nat/checkpoints/kai_srfixbug/product_5w_v1.1big_segnoref_per4_new-cln_refenc_dmu_0_dwn_0_dmelw_1_dnoisew_1_vqweight_0.1_vq_dist_weight_0_dila_2_pe_scale_1/generated_0__v3_tp1.0/denoised_00032.wav",
            "synthesize_phoneme_seq": [],
            "speaker_verification_score": 0.3029221296310425
        },
        {
            "reference_wav_path": "/blob/v-zeqianju/dataset/tts/Valle_demo/00033.wav",
            "synthesized_wav_path": "/blob/v-zeqianju/code/tts/fs2_fromyc/mm_lm_nat/checkpoints/kai_srfixbug/product_5w_v1.1big_segnoref_per4_new-cln_refenc_dmu_0_dwn_0_dmelw_1_dnoisew_1_vqweight_0.1_vq_dist_weight_0_dila_2_pe_scale_1/generated_0__v3_tp1.0/denoised_00033.wav",
            "synthesize_phoneme_seq": [],
            "speaker_verification_score": 0.4015929102897644
        },
        {
            "reference_wav_path": "/blob/v-zeqianju/dataset/tts/Valle_demo/00034.wav",
            "synthesized_wav_path": "/blob/v-zeqianju/code/tts/fs2_fromyc/mm_lm_nat/checkpoints/kai_srfixbug/product_5w_v1.1big_segnoref_per4_new-cln_refenc_dmu_0_dwn_0_dmelw_1_dnoisew_1_vqweight_0.1_vq_dist_weight_0_dila_2_pe_scale_1/generated_0__v3_tp1.0/denoised_00034.wav",
            "synthesize_phoneme_seq": [],
            "speaker_verification_score": 0.5117810368537903
        },
        {
            "reference_wav_path": "/blob/v-zeqianju/dataset/tts/Valle_demo/00035.wav",
            "synthesized_wav_path": "/blob/v-zeqianju/code/tts/fs2_fromyc/mm_lm_nat/checkpoints/kai_srfixbug/product_5w_v1.1big_segnoref_per4_new-cln_refenc_dmu_0_dwn_0_dmelw_1_dnoisew_1_vqweight_0.1_vq_dist_weight_0_dila_2_pe_scale_1/generated_0__v3_tp1.0/denoised_00035.wav",
            "synthesize_phoneme_seq": [],
            "speaker_verification_score": 0.4815966486930847
        },
        {
            "reference_wav_path": "/blob/v-zeqianju/dataset/tts/Valle_demo/00036.wav",
            "synthesized_wav_path": "/blob/v-zeqianju/code/tts/fs2_fromyc/mm_lm_nat/checkpoints/kai_srfixbug/product_5w_v1.1big_segnoref_per4_new-cln_refenc_dmu_0_dwn_0_dmelw_1_dnoisew_1_vqweight_0.1_vq_dist_weight_0_dila_2_pe_scale_1/generated_0__v3_tp1.0/denoised_00036.wav",
            "synthesize_phoneme_seq": [],
            "speaker_verification_score": 0.5519818067550659
        },
        {
            "reference_wav_path": "/blob/v-zeqianju/dataset/tts/Valle_demo/00037.wav",
            "synthesized_wav_path": "/blob/v-zeqianju/code/tts/fs2_fromyc/mm_lm_nat/checkpoints/kai_srfixbug/product_5w_v1.1big_segnoref_per4_new-cln_refenc_dmu_0_dwn_0_dmelw_1_dnoisew_1_vqweight_0.1_vq_dist_weight_0_dila_2_pe_scale_1/generated_0__v3_tp1.0/denoised_00037.wav",
            "synthesize_phoneme_seq": [],
            "speaker_verification_score": 0.5096864700317383
        },
        {
            "reference_wav_path": "/blob/v-zeqianju/dataset/tts/Valle_demo/00038.wav",
            "synthesized_wav_path": "/blob/v-zeqianju/code/tts/fs2_fromyc/mm_lm_nat/checkpoints/kai_srfixbug/product_5w_v1.1big_segnoref_per4_new-cln_refenc_dmu_0_dwn_0_dmelw_1_dnoisew_1_vqweight_0.1_vq_dist_weight_0_dila_2_pe_scale_1/generated_0__v3_tp1.0/denoised_00038.wav",
            "synthesize_phoneme_seq": [],
            "speaker_verification_score": 0.36582517623901367
        },
        {
            "reference_wav_path": "/blob/v-zeqianju/dataset/tts/Valle_demo/00039.wav",
            "synthesized_wav_path": "/blob/v-zeqianju/code/tts/fs2_fromyc/mm_lm_nat/checkpoints/kai_srfixbug/product_5w_v1.1big_segnoref_per4_new-cln_refenc_dmu_0_dwn_0_dmelw_1_dnoisew_1_vqweight_0.1_vq_dist_weight_0_dila_2_pe_scale_1/generated_0__v3_tp1.0/denoised_00039.wav",
            "synthesize_phoneme_seq": [],
            "speaker_verification_score": 0.4578480124473572
        },
        {
            "reference_wav_path": "/blob/v-zeqianju/dataset/tts/Valle_demo/00040.wav",
            "synthesized_wav_path": "/blob/v-zeqianju/code/tts/fs2_fromyc/mm_lm_nat/checkpoints/kai_srfixbug/product_5w_v1.1big_segnoref_per4_new-cln_refenc_dmu_0_dwn_0_dmelw_1_dnoisew_1_vqweight_0.1_vq_dist_weight_0_dila_2_pe_scale_1/generated_0__v3_tp1.0/denoised_00040.wav",
            "synthesize_phoneme_seq": [],
            "speaker_verification_score": 0.28911319375038147
        },
        {
            "reference_wav_path": "/blob/v-zeqianju/dataset/tts/Valle_demo/00041.wav",
            "synthesized_wav_path": "/blob/v-zeqianju/code/tts/fs2_fromyc/mm_lm_nat/checkpoints/kai_srfixbug/product_5w_v1.1big_segnoref_per4_new-cln_refenc_dmu_0_dwn_0_dmelw_1_dnoisew_1_vqweight_0.1_vq_dist_weight_0_dila_2_pe_scale_1/generated_0__v3_tp1.0/denoised_00041.wav",
            "synthesize_phoneme_seq": [],
            "speaker_verification_score": 0.580338716506958
        },
        {
            "reference_wav_path": "/blob/v-zeqianju/dataset/tts/Valle_demo/00042.wav",
            "synthesized_wav_path": "/blob/v-zeqianju/code/tts/fs2_fromyc/mm_lm_nat/checkpoints/kai_srfixbug/product_5w_v1.1big_segnoref_per4_new-cln_refenc_dmu_0_dwn_0_dmelw_1_dnoisew_1_vqweight_0.1_vq_dist_weight_0_dila_2_pe_scale_1/generated_0__v3_tp1.0/denoised_00042.wav",
            "synthesize_phoneme_seq": [],
            "speaker_verification_score": 0.5231497287750244
        },
        {
            "reference_wav_path": "/blob/v-zeqianju/dataset/tts/Valle_demo/00043.wav",
            "synthesized_wav_path": "/blob/v-zeqianju/code/tts/fs2_fromyc/mm_lm_nat/checkpoints/kai_srfixbug/product_5w_v1.1big_segnoref_per4_new-cln_refenc_dmu_0_dwn_0_dmelw_1_dnoisew_1_vqweight_0.1_vq_dist_weight_0_dila_2_pe_scale_1/generated_0__v3_tp1.0/denoised_00043.wav",
            "synthesize_phoneme_seq": [],
            "speaker_verification_score": 0.5327966809272766
        },
        {
            "reference_wav_path": "/blob/v-zeqianju/dataset/tts/Valle_demo/00044.wav",
            "synthesized_wav_path": "/blob/v-zeqianju/code/tts/fs2_fromyc/mm_lm_nat/checkpoints/kai_srfixbug/product_5w_v1.1big_segnoref_per4_new-cln_refenc_dmu_0_dwn_0_dmelw_1_dnoisew_1_vqweight_0.1_vq_dist_weight_0_dila_2_pe_scale_1/generated_0__v3_tp1.0/denoised_00044.wav",
            "synthesize_phoneme_seq": [],
            "speaker_verification_score": 0.5386417508125305
        },
        {
            "reference_wav_path": "/blob/v-zeqianju/dataset/tts/Valle_demo/00045.wav",
            "synthesized_wav_path": "/blob/v-zeqianju/code/tts/fs2_fromyc/mm_lm_nat/checkpoints/kai_srfixbug/product_5w_v1.1big_segnoref_per4_new-cln_refenc_dmu_0_dwn_0_dmelw_1_dnoisew_1_vqweight_0.1_vq_dist_weight_0_dila_2_pe_scale_1/generated_0__v3_tp1.0/denoised_00045.wav",
            "synthesize_phoneme_seq": [],
            "speaker_verification_score": 0.3961068093776703
        },
        {
            "reference_wav_path": "/blob/v-zeqianju/dataset/tts/Valle_demo/00046.wav",
            "synthesized_wav_path": "/blob/v-zeqianju/code/tts/fs2_fromyc/mm_lm_nat/checkpoints/kai_srfixbug/product_5w_v1.1big_segnoref_per4_new-cln_refenc_dmu_0_dwn_0_dmelw_1_dnoisew_1_vqweight_0.1_vq_dist_weight_0_dila_2_pe_scale_1/generated_0__v3_tp1.0/denoised_00046.wav",
            "synthesize_phoneme_seq": [],
            "speaker_verification_score": 0.391366183757782
        },
        {
            "reference_wav_path": "/blob/v-zeqianju/dataset/tts/Valle_demo/00047.wav",
            "synthesized_wav_path": "/blob/v-zeqianju/code/tts/fs2_fromyc/mm_lm_nat/checkpoints/kai_srfixbug/product_5w_v1.1big_segnoref_per4_new-cln_refenc_dmu_0_dwn_0_dmelw_1_dnoisew_1_vqweight_0.1_vq_dist_weight_0_dila_2_pe_scale_1/generated_0__v3_tp1.0/denoised_00047.wav",
            "synthesize_phoneme_seq": [],
            "speaker_verification_score": 0.6079887747764587
        },
        {
            "reference_wav_path": "/blob/v-zeqianju/dataset/tts/Valle_demo/00048.wav",
            "synthesized_wav_path": "/blob/v-zeqianju/code/tts/fs2_fromyc/mm_lm_nat/checkpoints/kai_srfixbug/product_5w_v1.1big_segnoref_per4_new-cln_refenc_dmu_0_dwn_0_dmelw_1_dnoisew_1_vqweight_0.1_vq_dist_weight_0_dila_2_pe_scale_1/generated_0__v3_tp1.0/denoised_00048.wav",
            "synthesize_phoneme_seq": [],
            "speaker_verification_score": 0.4100261926651001
        },
        {
            "reference_wav_path": "/blob/v-zeqianju/dataset/tts/Valle_demo/00049.wav",
            "synthesized_wav_path": "/blob/v-zeqianju/code/tts/fs2_fromyc/mm_lm_nat/checkpoints/kai_srfixbug/product_5w_v1.1big_segnoref_per4_new-cln_refenc_dmu_0_dwn_0_dmelw_1_dnoisew_1_vqweight_0.1_vq_dist_weight_0_dila_2_pe_scale_1/generated_0__v3_tp1.0/denoised_00049.wav",
            "synthesize_phoneme_seq": [],
            "speaker_verification_score": 0.2650415897369385
        },
        {
            "reference_wav_path": "/blob/v-zeqianju/dataset/tts/Valle_demo/00050.wav",
            "synthesized_wav_path": "/blob/v-zeqianju/code/tts/fs2_fromyc/mm_lm_nat/checkpoints/kai_srfixbug/product_5w_v1.1big_segnoref_per4_new-cln_refenc_dmu_0_dwn_0_dmelw_1_dnoisew_1_vqweight_0.1_vq_dist_weight_0_dila_2_pe_scale_1/generated_0__v3_tp1.0/denoised_00050.wav",
            "synthesize_phoneme_seq": [],
            "speaker_verification_score": 0.3315806984901428
        },
        {
            "reference_wav_path": "/blob/v-zeqianju/dataset/tts/Valle_demo/00051.wav",
            "synthesized_wav_path": "/blob/v-zeqianju/code/tts/fs2_fromyc/mm_lm_nat/checkpoints/kai_srfixbug/product_5w_v1.1big_segnoref_per4_new-cln_refenc_dmu_0_dwn_0_dmelw_1_dnoisew_1_vqweight_0.1_vq_dist_weight_0_dila_2_pe_scale_1/generated_0__v3_tp1.0/denoised_00051.wav",
            "synthesize_phoneme_seq": [],
            "speaker_verification_score": 0.40701258182525635
        },
        {
            "reference_wav_path": "/blob/v-zeqianju/dataset/tts/Valle_demo/00052.wav",
            "synthesized_wav_path": "/blob/v-zeqianju/code/tts/fs2_fromyc/mm_lm_nat/checkpoints/kai_srfixbug/product_5w_v1.1big_segnoref_per4_new-cln_refenc_dmu_0_dwn_0_dmelw_1_dnoisew_1_vqweight_0.1_vq_dist_weight_0_dila_2_pe_scale_1/generated_0__v3_tp1.0/denoised_00052.wav",
            "synthesize_phoneme_seq": [],
            "speaker_verification_score": 0.5004602074623108
        },
        {
            "reference_wav_path": "/blob/v-zeqianju/dataset/tts/Valle_demo/00053.wav",
            "synthesized_wav_path": "/blob/v-zeqianju/code/tts/fs2_fromyc/mm_lm_nat/checkpoints/kai_srfixbug/product_5w_v1.1big_segnoref_per4_new-cln_refenc_dmu_0_dwn_0_dmelw_1_dnoisew_1_vqweight_0.1_vq_dist_weight_0_dila_2_pe_scale_1/generated_0__v3_tp1.0/denoised_00053.wav",
            "synthesize_phoneme_seq": [],
            "speaker_verification_score": 0.45093974471092224
        }
    ],
    "mean_speaker_verification_score": 0.388830304145813
}